number,value,datetime_start,datetime_complete,duration,params_ATR_Length,params_AllowFriday,params_AllowMonday,params_AllowThursday,params_AllowTuesday,params_AllowWednesday,params_EntryStart_TotalMinutes,params_FilterAsPercOfContractMARange,params_LastEntry_TotalMinutes,params_MinutesBeforeMarketCloseToClosePositions,params_NumDaysToConsiderPreviousContractMARange,params_RetracementLevel,params_SL_ATRMultiplier,params_TP_ATRMultiplier,user_attrs_train_metrics,state
169,13946.265,2026-03-26 01:50:21.880032,2026-03-26 01:50:25.061468,0 days 00:00:03.181436,21,False,True,True,True,True,685,0.4,845,11,5,0.11,0.65,0.25,"{'start_date': '2021-03-23', 'end_date': '2024-09-16', 'trading_days': 872, 'total_trades': 1226, 'win_rate': 0.8662, 'net_profit_brl': 19615.0, 'avg_profit_brl': 16.0, 'avg_win_brl': 29.99, 'avg_loss_brl': -77.9, 'profit_factor': 2.6038, 'max_drawdown_pct': 1.41, 'expected_payoff': 16.0, 'on_tester_value': 13946.265}",COMPLETE
170,20653.289831,2026-03-26 01:50:25.061533,2026-03-26 01:50:28.278273,0 days 00:00:03.216740,18,True,True,True,False,False,560,0.5,765,15,3,0.1,0.55,0.25,"{'start_date': '2021-03-23', 'end_date': '2024-09-16', 'trading_days': 872, 'total_trades': 2282, 'win_rate': 0.8295, 'net_profit_brl': 36670.0, 'avg_profit_brl': 16.07, 'avg_win_brl': 31.12, 'avg_loss_brl': -62.99, 'profit_factor': 2.6492, 'max_drawdown_pct': 1.78, 'expected_payoff': 16.07, 'on_tester_value': 20653.289831}",COMPLETE
171,15709.871739,2026-03-26 01:50:28.278342,2026-03-26 01:50:31.640706,0 days 00:00:03.362364,26,False,True,True,True,True,560,0.35,875,8,4,0.12000000000000001,0.8500000000000001,0.30000000000000004,"{'start_date': '2021-03-23', 'end_date': '2024-09-16', 'trading_days': 872, 'total_trades': 4356, 'win_rate': 0.8377, 'net_profit_brl': 63980.0, 'avg_profit_brl': 14.69, 'avg_win_brl': 34.44, 'avg_loss_brl': -91.39, 'profit_factor': 2.0371, 'max_drawdown_pct': 4.07, 'expected_payoff': 14.69, 'on_tester_value': 15709.871739}",COMPLETE
172,62169.0,2026-03-26 01:50:31.640767,2026-03-26 01:50:35.282252,0 days 00:00:03.641485,16,False,True,True,True,True,565,0.25,895,8,6,0.17,0.6,0.1,"{'start_date': '2021-03-23', 'end_date': '2024-09-16', 'trading_days': 872, 'total_trades': 3580, 'win_rate': 0.9595, 'net_profit_brl': 36040.0, 'avg_profit_brl': 10.07, 'avg_win_brl': 11.73, 'avg_loss_brl': -41.21, 'profit_factor': 9.49, 'max_drawdown_pct': 0.58, 'expected_payoff': 10.07, 'on_tester_value': 62169.0}",COMPLETE
173,11065.925,2026-03-26 01:50:35.282311,2026-03-26 01:50:38.862701,0 days 00:00:03.580390,25,False,True,False,False,True,550,0.2,725,8,4,0.11,1.0,0.1,"{'start_date': '2021-03-23', 'end_date': '2024-09-16', 'trading_days': 872, 'total_trades': 2858, 'win_rate': 0.9419, 'net_profit_brl': 23705.0, 'avg_profit_brl': 8.29, 'avg_win_brl': 13.09, 'avg_loss_brl': -73.85, 'profit_factor': 3.0577, 'max_drawdown_pct': 2.14, 'expected_payoff': 8.29, 'on_tester_value': 11065.925}",COMPLETE
174,30954.624324,2026-03-26 01:50:38.862774,2026-03-26 01:50:42.863515,0 days 00:00:04.000741,24,True,True,True,True,True,600,0.30000000000000004,870,3,3,0.15000000000000002,0.75,0.30000000000000004,"{'start_date': '2021-03-23', 'end_date': '2024-09-16', 'trading_days': 872, 'total_trades': 3281, 'win_rate': 0.8491, 'net_profit_brl': 55090.0, 'avg_profit_brl': 16.79, 'avg_win_brl': 34.67, 'avg_loss_brl': -86.44, 'profit_factor': 2.3278, 'max_drawdown_pct': 1.78, 'expected_payoff': 16.79, 'on_tester_value': 30954.624324}",COMPLETE
175,36340.73125,2026-03-26 01:50:42.863583,2026-03-26 01:50:46.648652,0 days 00:00:03.785069,36,False,True,True,True,True,570,0.2,825,11,5,0.28,0.55,0.25,"{'start_date': '2021-03-23', 'end_date': '2024-09-16', 'trading_days': 872, 'total_trades': 1974, 'win_rate': 0.9048, 'net_profit_brl': 38405.0, 'avg_profit_brl': 19.46, 'avg_win_brl': 27.33, 'avg_loss_brl': -62.74, 'profit_factor': 4.6875, 'max_drawdown_pct': 1.06, 'expected_payoff': 19.46, 'on_tester_value': 36340.73125}",COMPLETE
176,17408.452288,2026-03-26 01:50:46.648719,2026-03-26 01:50:51.061254,0 days 00:00:04.412535,19,True,True,True,True,True,545,0.15,900,7,4,0.18,0.7,0.4,"{'start_date': '2021-03-23', 'end_date': '2024-09-16', 'trading_days': 872, 'total_trades': 6395, 'win_rate': 0.7129, 'net_profit_brl': 75155.0, 'avg_profit_brl': 11.75, 'avg_win_brl': 44.48, 'avg_loss_brl': -72.94, 'profit_factor': 1.5888, 'max_drawdown_pct': 4.32, 'expected_payoff': 11.75, 'on_tester_value': 17408.452288}",COMPLETE
177,12504.513636,2026-03-26 01:50:51.061343,2026-03-26 01:50:54.794559,0 days 00:00:03.733216,31,True,True,True,True,True,580,0.30000000000000004,850,5,5,0.30000000000000004,0.75,0.4,"{'start_date': '2021-03-23', 'end_date': '2024-09-16', 'trading_days': 872, 'total_trades': 1873, 'win_rate': 0.7939, 'net_profit_brl': 33305.0, 'avg_profit_brl': 17.78, 'avg_win_brl': 44.81, 'avg_loss_brl': -88.16, 'profit_factor': 1.9994, 'max_drawdown_pct': 2.66, 'expected_payoff': 17.78, 'on_tester_value': 12504.513636}",COMPLETE
178,48368.473043,2026-03-26 01:50:54.794616,2026-03-26 01:50:58.325745,0 days 00:00:03.531129,33,True,True,True,True,False,545,0.4,815,12,7,0.1,1.0,0.15000000000000002,"{'start_date': '2021-03-23', 'end_date': '2024-09-16', 'trading_days': 872, 'total_trades': 4716, 'win_rate': 0.9406, 'net_profit_brl': 63360.0, 'avg_profit_brl': 13.44, 'avg_win_brl': 18.87, 'avg_loss_brl': -83.68, 'profit_factor': 4.1158, 'max_drawdown_pct': 1.31, 'expected_payoff': 13.44, 'on_tester_value': 48368.473043}",COMPLETE
179,16074.968333,2026-03-26 01:50:58.325812,2026-03-26 01:51:01.346309,0 days 00:00:03.020497,40,True,True,True,True,True,630,0.2,765,10,6,0.23,1.0,0.15000000000000002,"{'start_date': '2021-03-23', 'end_date': '2024-09-16', 'trading_days': 872, 'total_trades': 1179, 'win_rate': 0.9779, 'net_profit_brl': 18055.0, 'avg_profit_brl': 15.31, 'avg_win_brl': 17.02, 'avg_loss_brl': -92.35, 'profit_factor': 12.5, 'max_drawdown_pct': 1.12, 'expected_payoff': 15.31, 'on_tester_value': 16074.968333}",COMPLETE
180,55521.321739,2026-03-26 01:51:01.346368,2026-03-26 01:51:04.148990,0 days 00:00:02.802622,28,True,True,False,True,True,570,0.25,845,11,4,0.28,0.65,0.2,"{'start_date': '2021-03-23', 'end_date': '2024-09-16', 'trading_days': 872, 'total_trades': 1953, 'win_rate': 0.9447, 'net_profit_brl': 35315.0, 'avg_profit_brl': 18.08, 'avg_win_brl': 22.26, 'avg_loss_brl': -66.09, 'profit_factor': 7.1417, 'max_drawdown_pct': 0.64, 'expected_payoff': 18.08, 'on_tester_value': 55521.321739}",COMPLETE
181,42803.681356,2026-03-26 01:51:04.149061,2026-03-26 01:51:07.217941,0 days 00:00:03.068880,25,False,True,True,True,True,540,0.35,880,15,5,0.14,0.5,0.25,"{'start_date': '2021-03-23', 'end_date': '2024-09-16', 'trading_days': 872, 'total_trades': 4129, 'win_rate': 0.831, 'net_profit_brl': 65290.0, 'avg_profit_brl': 15.81, 'avg_win_brl': 28.36, 'avg_loss_brl': -51.98, 'profit_factor': 3.039, 'max_drawdown_pct': 1.53, 'expected_payoff': 15.81, 'on_tester_value': 42803.681356}",COMPLETE
182,46209.8,2026-03-26 01:51:07.218011,2026-03-26 01:51:10.115114,0 days 00:00:02.897103,23,True,True,False,True,True,545,0.30000000000000004,865,6,4,0.19,0.9,0.15000000000000002,"{'start_date': '2021-03-23', 'end_date': '2024-09-16', 'trading_days': 872, 'total_trades': 3467, 'win_rate': 0.9648, 'net_profit_brl': 50780.0, 'avg_profit_brl': 14.65, 'avg_win_brl': 17.33, 'avg_loss_brl': -74.84, 'profit_factor': 8.0675, 'max_drawdown_pct': 1.1, 'expected_payoff': 14.65, 'on_tester_value': 46209.8}",COMPLETE
183,47429.66,2026-03-26 01:51:10.115166,2026-03-26 01:51:13.219877,0 days 00:00:03.104711,33,True,True,True,True,False,570,0.25,830,12,4,0.23,0.6,0.2,"{'start_date': '2021-03-23', 'end_date': '2024-09-16', 'trading_days': 872, 'total_trades': 2390, 'win_rate': 0.9289, 'net_profit_brl': 42060.0, 'avg_profit_brl': 17.6, 'avg_win_brl': 22.65, 'avg_loss_brl': -64.3, 'profit_factor': 6.1106, 'max_drawdown_pct': 0.89, 'expected_payoff': 17.6, 'on_tester_value': 47429.66}",COMPLETE
184,13173.562366,2026-03-26 01:51:13.219939,2026-03-26 01:51:16.184888,0 days 00:00:02.964949,34,True,False,True,False,True,550,0.4,780,15,8,0.15000000000000002,1.25,0.30000000000000004,"{'start_date': '2021-03-23', 'end_date': '2024-09-16', 'trading_days': 872, 'total_trades': 2362, 'win_rate': 0.8908, 'net_profit_brl': 42290.0, 'avg_profit_brl': 17.9, 'avg_win_brl': 35.77, 'avg_loss_brl': -136.83, 'profit_factor': 2.2825, 'max_drawdown_pct': 3.21, 'expected_payoff': 17.9, 'on_tester_value': 13173.562366}",COMPLETE
185,14012.535,2026-03-26 01:51:16.184964,2026-03-26 01:51:18.799067,0 days 00:00:02.614103,25,False,True,True,True,True,550,0.4,755,13,5,0.18,0.9,0.1,"{'start_date': '2021-03-23', 'end_date': '2024-09-16', 'trading_days': 872, 'total_trades': 2310, 'win_rate': 0.9745, 'net_profit_brl': 23740.0, 'avg_profit_brl': 10.28, 'avg_win_brl': 11.75, 'avg_loss_brl': -61.7, 'profit_factor': 9.744, 'max_drawdown_pct': 1.69, 'expected_payoff': 10.28, 'on_tester_value': 14012.535}",COMPLETE
186,7265.151515,2026-03-26 01:51:18.799117,2026-03-26 01:51:21.510001,0 days 00:00:02.710884,32,False,True,True,False,False,565,0.5,890,10,8,0.11,0.5,0.30000000000000004,"{'start_date': '2021-03-23', 'end_date': '2024-09-16', 'trading_days': 872, 'total_trades': 1568, 'win_rate': 0.7781, 'net_profit_brl': 23975.0, 'avg_profit_brl': 15.29, 'avg_win_brl': 35.18, 'avg_loss_brl': -57.6, 'profit_factor': 2.2652, 'max_drawdown_pct': 3.3, 'expected_payoff': 15.29, 'on_tester_value': 7265.151515}",COMPLETE
187,6898.425,2026-03-26 01:51:21.510080,2026-03-26 01:51:24.233313,0 days 00:00:02.723233,16,True,True,False,False,True,610,0.15,740,6,6,0.18,1.1,0.35,"{'start_date': '2021-03-23', 'end_date': '2024-09-16', 'trading_days': 872, 'total_trades': 1096, 'win_rate': 0.8759, 'net_profit_brl': 22325.0, 'avg_profit_brl': 20.37, 'avg_win_brl': 40.58, 'avg_loss_brl': -126.98, 'profit_factor': 2.342, 'max_drawdown_pct': 3.24, 'expected_payoff': 20.37, 'on_tester_value': 6898.425}",COMPLETE
188,4532.977778,2026-03-26 01:51:24.233380,2026-03-26 01:51:27.024691,0 days 00:00:02.791311,20,True,True,True,True,True,635,0.25,860,12,4,0.23,0.8,0.1,"{'start_date': '2021-03-23', 'end_date': '2024-09-16', 'trading_days': 872, 'total_trades': 1347, 'win_rate': 0.9844, 'net_profit_brl': 14080.0, 'avg_profit_brl': 10.45, 'avg_win_brl': 11.89, 'avg_loss_brl': -93.61, 'profit_factor': 9.3561, 'max_drawdown_pct': 3.11, 'expected_payoff': 10.45, 'on_tester_value': 4532.977778}",COMPLETE
189,84693.546667,2026-03-26 01:51:27.024734,2026-03-26 01:51:29.943574,0 days 00:00:02.918840,14,True,True,True,True,True,545,0.30000000000000004,870,2,3,0.22,0.9,0.15000000000000002,"{'start_date': '2021-03-23', 'end_date': '2024-09-16', 'trading_days': 872, 'total_trades': 3820, 'win_rate': 0.9673, 'net_profit_brl': 58080.0, 'avg_profit_brl': 15.2, 'avg_win_brl': 17.79, 'avg_loss_brl': -82.31, 'profit_factor': 8.5872, 'max_drawdown_pct': 0.69, 'expected_payoff': 15.2, 'on_tester_value': 84693.546667}",COMPLETE
190,61733.375,2026-03-26 01:51:29.943624,2026-03-26 01:51:32.929922,0 days 00:00:02.986298,19,True,True,True,True,True,575,0.25,855,6,4,0.21000000000000002,0.55,0.1,"{'start_date': '2021-03-23', 'end_date': '2024-09-16', 'trading_days': 872, 'total_trades': 3022, 'win_rate': 0.9758, 'net_profit_brl': 31350.0, 'avg_profit_brl': 10.37, 'avg_win_brl': 11.58, 'avg_loss_brl': -50.73, 'profit_factor': 12.2366, 'max_drawdown_pct': 0.51, 'expected_payoff': 10.37, 'on_tester_value': 61733.375}",COMPLETE
191,23691.982759,2026-03-26 01:51:32.929965,2026-03-26 01:51:35.849307,0 days 00:00:02.919342,25,True,True,True,True,False,545,0.35,870,6,3,0.18,0.7,0.35,"{'start_date': '2021-03-23', 'end_date': '2024-09-16', 'trading_days': 872, 'total_trades': 3264, 'win_rate': 0.7987, 'net_profit_brl': 56900.0, 'avg_profit_brl': 17.43, 'avg_win_brl': 40.36, 'avg_loss_brl': -78.83, 'profit_factor': 2.1776, 'max_drawdown_pct': 2.4, 'expected_payoff': 17.43, 'on_tester_value': 23691.982759}",COMPLETE
192,55467.319565,2026-03-26 01:51:35.849357,2026-03-26 01:51:39.059360,0 days 00:00:03.210003,18,True,True,True,True,True,540,0.25,895,4,3,0.21000000000000002,1.1,0.25,"{'start_date': '2021-03-23', 'end_date': '2024-09-16', 'trading_days': 872, 'total_trades': 4802, 'win_rate': 0.925, 'net_profit_brl': 92245.0, 'avg_profit_brl': 19.21, 'avg_win_brl': 28.99, 'avg_loss_brl': -112.07, 'profit_factor': 3.5248, 'max_drawdown_pct': 1.66, 'expected_payoff': 19.21, 'on_tester_value': 55467.319565}",COMPLETE
193,100936.864286,2026-03-26 01:51:39.059409,2026-03-26 01:51:42.149494,0 days 00:00:03.090085,13,True,True,True,True,True,585,0.30000000000000004,850,1,3,0.15000000000000002,0.8,0.15000000000000002,"{'start_date': '2021-03-23', 'end_date': '2024-09-16', 'trading_days': 872, 'total_trades': 3725, 'win_rate': 0.9729, 'net_profit_brl': 60740.0, 'avg_profit_brl': 16.31, 'avg_win_brl': 18.47, 'avg_loss_brl': -72.09, 'profit_factor': 10.7968, 'max_drawdown_pct': 0.6, 'expected_payoff': 16.31, 'on_tester_value': 100936.864286}",COMPLETE
194,79420.9,2026-03-26 01:51:42.149544,2026-03-26 01:51:45.483776,0 days 00:00:03.334232,28,True,True,True,False,True,555,0.2,730,6,5,0.13,1.05,0.15000000000000002,"{'start_date': '2021-03-23', 'end_date': '2024-09-16', 'trading_days': 872, 'total_trades': 4824, 'win_rate': 0.9422, 'net_profit_brl': 64470.0, 'avg_profit_brl': 13.36, 'avg_win_brl': 18.75, 'avg_loss_brl': -85.83, 'profit_factor': 4.104, 'max_drawdown_pct': 0.81, 'expected_payoff': 13.36, 'on_tester_value': 79420.9}",COMPLETE
195,14837.863636,2026-03-26 01:51:45.483847,2026-03-26 01:51:48.799591,0 days 00:00:03.315744,12,True,True,True,True,True,705,0.30000000000000004,850,3,4,0.13,0.9,0.2,"{'start_date': '2021-03-23', 'end_date': '2024-09-16', 'trading_days': 872, 'total_trades': 1022, 'win_rate': 0.9452, 'net_profit_brl': 18680.0, 'avg_profit_brl': 18.28, 'avg_win_brl': 25.65, 'avg_loss_brl': -108.84, 'profit_factor': 4.0648, 'max_drawdown_pct': 1.26, 'expected_payoff': 18.28, 'on_tester_value': 14837.863636}",COMPLETE
196,40702.8475,2026-03-26 01:51:48.799676,2026-03-26 01:51:52.085048,0 days 00:00:03.285372,35,True,True,True,False,True,580,0.25,725,4,4,0.21000000000000002,0.9,0.2,"{'start_date': '2021-03-23', 'end_date': '2024-09-16', 'trading_days': 872, 'total_trades': 1838, 'win_rate': 0.9652, 'net_profit_brl': 34685.0, 'avg_profit_brl': 18.87, 'avg_win_brl': 22.65, 'avg_loss_brl': -101.76, 'profit_factor': 7.3121, 'max_drawdown_pct': 0.85, 'expected_payoff': 18.87, 'on_tester_value': 40702.8475}",COMPLETE
197,8356.332812,2026-03-26 01:51:52.085111,2026-03-26 01:51:55.548413,0 days 00:00:03.463302,11,True,True,True,True,True,585,0.35,765,2,3,0.15000000000000002,0.95,0.4,"{'start_date': '2021-03-23', 'end_date': '2024-09-16', 'trading_days': 872, 'total_trades': 3139, 'win_rate': 0.7866, 'net_profit_brl': 44530.0, 'avg_profit_brl': 14.19, 'avg_win_brl': 48.89, 'avg_loss_brl': -115.59, 'profit_factor': 1.5846, 'max_drawdown_pct': 5.33, 'expected_payoff': 14.19, 'on_tester_value': 8356.332812}",COMPLETE
198,49324.0,2026-03-26 01:51:55.548455,2026-03-26 01:51:59.592703,0 days 00:00:04.044248,17,True,True,True,True,True,540,0.30000000000000004,865,1,3,0.27,0.8500000000000001,0.2,"{'start_date': '2021-03-23', 'end_date': '2024-09-16', 'trading_days': 872, 'total_trades': 3126, 'win_rate': 0.9472, 'net_profit_brl': 56430.0, 'avg_profit_brl': 18.05, 'avg_win_brl': 23.16, 'avg_loss_brl': -90.71, 'profit_factor': 5.6425, 'max_drawdown_pct': 1.14, 'expected_payoff': 18.05, 'on_tester_value': 49324.0}",COMPLETE
199,112999.922,2026-03-26 01:51:59.592779,2026-03-26 01:52:03.166040,0 days 00:00:03.573261,22,True,True,True,True,True,560,0.30000000000000004,845,14,6,0.16,0.7,0.2,"{'start_date': '2021-03-23', 'end_date': '2024-09-16', 'trading_days': 872, 'total_trades': 4578, 'win_rate': 0.9262, 'net_profit_brl': 79555.0, 'avg_profit_brl': 17.38, 'avg_win_brl': 23.26, 'avg_loss_brl': -67.81, 'profit_factor': 5.175, 'max_drawdown_pct': 0.7, 'expected_payoff': 17.38, 'on_tester_value': 112999.922}",COMPLETE
200,60974.875,2026-03-26 01:52:03.166084,2026-03-26 01:52:07.195771,0 days 00:00:04.029687,32,True,True,True,False,True,550,0.2,710,8,6,0.13,0.75,0.2,"{'start_date': '2021-03-23', 'end_date': '2024-09-16', 'trading_days': 872, 'total_trades': 5071, 'win_rate': 0.8831, 'net_profit_brl': 71435.0, 'avg_profit_brl': 14.09, 'avg_win_brl': 23.63, 'avg_loss_brl': -65.85, 'profit_factor': 3.0781, 'max_drawdown_pct': 1.17, 'expected_payoff': 14.09, 'on_tester_value': 60974.875}",COMPLETE
201,12299.949558,2026-03-26 01:52:07.195847,2026-03-26 01:52:11.363512,0 days 00:00:04.167665,36,True,True,False,True,True,585,0.4,805,13,4,0.13,0.9,0.30000000000000004,"{'start_date': '2021-03-23', 'end_date': '2024-09-16', 'trading_days': 872, 'total_trades': 2786, 'win_rate': 0.8726, 'net_profit_brl': 48210.0, 'avg_profit_brl': 17.3, 'avg_win_brl': 34.1, 'avg_loss_brl': -100.51, 'profit_factor': 2.3903, 'max_drawdown_pct': 3.92, 'expected_payoff': 17.3, 'on_tester_value': 12299.949558}",COMPLETE
202,28685.90625,2026-03-26 01:52:11.363586,2026-03-26 01:52:15.784756,0 days 00:00:04.421170,22,True,True,True,False,True,615,0.25,715,6,5,0.12000000000000001,0.95,0.1,"{'start_date': '2021-03-23', 'end_date': '2024-09-16', 'trading_days': 872, 'total_trades': 1885, 'win_rate': 0.9735, 'net_profit_brl': 20910.0, 'avg_profit_brl': 11.09, 'avg_win_brl': 12.7, 'avg_loss_brl': -64.59, 'profit_factor': 9.749, 'max_drawdown_pct': 0.73, 'expected_payoff': 11.09, 'on_tester_value': 28685.90625}",COMPLETE
203,14235.116216,2026-03-26 01:52:15.784829,2026-03-26 01:52:20.146114,0 days 00:00:04.361285,32,True,True,True,False,True,600,0.15,710,4,5,0.14,1.05,0.1,"{'start_date': '2021-03-23', 'end_date': '2024-09-16', 'trading_days': 872, 'total_trades': 2057, 'win_rate': 0.9801, 'net_profit_brl': 22010.0, 'avg_profit_brl': 10.7, 'avg_win_brl': 12.1, 'avg_loss_brl': -79.33, 'profit_factor': 10.2479, 'max_drawdown_pct': 1.55, 'expected_payoff': 10.7, 'on_tester_value': 14235.116216}",COMPLETE
204,107518.95,2026-03-26 01:52:20.146270,2026-03-26 01:52:24.579576,0 days 00:00:04.433306,26,True,True,True,True,True,540,0.4,845,11,6,0.15000000000000002,0.95,0.15000000000000002,"{'start_date': '2021-03-23', 'end_date': '2024-09-16', 'trading_days': 872, 'total_trades': 4134, 'win_rate': 0.9606, 'net_profit_brl': 62060.0, 'avg_profit_brl': 15.01, 'avg_win_brl': 18.04, 'avg_loss_brl': -76.48, 'profit_factor': 7.4916, 'max_drawdown_pct': 0.58, 'expected_payoff': 15.01, 'on_tester_value': 107518.95}",COMPLETE
205,14038.576087,2026-03-26 01:52:24.579652,2026-03-26 01:52:28.691247,0 days 00:00:04.111595,33,True,True,True,True,True,680,0.30000000000000004,800,8,4,0.18,0.5,0.2,"{'start_date': '2021-03-23', 'end_date': '2024-09-16', 'trading_days': 872, 'total_trades': 815, 'win_rate': 0.9337, 'net_profit_brl': 15025.0, 'avg_profit_brl': 18.44, 'avg_win_brl': 23.72, 'avg_loss_brl': -60.5, 'profit_factor': 5.9669, 'max_drawdown_pct': 1.07, 'expected_payoff': 18.44, 'on_tester_value': 14038.576087}",COMPLETE
206,16490.448485,2026-03-26 01:52:28.691320,2026-03-26 01:52:33.359236,0 days 00:00:04.667916,36,True,False,True,True,True,540,0.35,825,9,6,0.30000000000000004,1.1,0.30000000000000004,"{'start_date': '2021-03-23', 'end_date': '2024-09-16', 'trading_days': 872, 'total_trades': 1911, 'win_rate': 0.9032, 'net_profit_brl': 38540.0, 'avg_profit_brl': 20.17, 'avg_win_brl': 34.03, 'avg_loss_brl': -121.66, 'profit_factor': 2.9084, 'max_drawdown_pct': 2.34, 'expected_payoff': 20.17, 'on_tester_value': 16490.448485}",COMPLETE
207,22524.163934,2026-03-26 01:52:33.359312,2026-03-26 01:52:37.474363,0 days 00:00:04.115051,27,True,True,True,True,True,555,0.4,850,11,5,0.21000000000000002,0.8,0.30000000000000004,"{'start_date': '2021-03-23', 'end_date': '2024-09-16', 'trading_days': 872, 'total_trades': 2807, 'win_rate': 0.8735, 'net_profit_brl': 54740.0, 'avg_profit_brl': 19.5, 'avg_win_brl': 34.5, 'avg_loss_brl': -90.45, 'profit_factor': 2.8338, 'max_drawdown_pct': 2.43, 'expected_payoff': 19.5, 'on_tester_value': 22524.163934}",COMPLETE
208,24997.905,2026-03-26 01:52:37.474436,2026-03-26 01:52:41.106446,0 days 00:00:03.632010,18,True,True,True,True,True,545,0.45000000000000007,885,13,5,0.16,1.25,0.25,"{'start_date': '2021-03-23', 'end_date': '2024-09-16', 'trading_days': 872, 'total_trades': 3394, 'win_rate': 0.9352, 'net_profit_brl': 67745.0, 'avg_profit_brl': 19.96, 'avg_win_brl': 30.27, 'avg_loss_brl': -140.3, 'profit_factor': 3.3904, 'max_drawdown_pct': 2.71, 'expected_payoff': 19.96, 'on_tester_value': 24997.905}",COMPLETE
209,14110.30303,2026-03-26 01:52:41.106491,2026-03-26 01:52:44.197553,0 days 00:00:03.091062,25,False,True,False,True,False,580,0.45000000000000007,795,13,5,0.19,0.7,0.25,"{'start_date': '2021-03-23', 'end_date': '2024-09-16', 'trading_days': 872, 'total_trades': 800, 'win_rate': 0.9313, 'net_profit_brl': 16630.0, 'avg_profit_brl': 20.79, 'avg_win_brl': 28.09, 'avg_loss_brl': -79.63, 'profit_factor': 4.8674, 'max_drawdown_pct': 1.18, 'expected_payoff': 20.79, 'on_tester_value': 14110.30303}",COMPLETE
210,4087.76426,2026-03-26 01:52:44.197664,2026-03-26 01:52:47.445436,0 days 00:00:03.247772,14,True,True,False,True,True,595,0.2,815,1,3,0.15000000000000002,0.8,0.45000000000000007,"{'start_date': '2021-03-23', 'end_date': '2024-09-16', 'trading_days': 872, 'total_trades': 2626, 'win_rate': 0.7117, 'net_profit_brl': 28790.0, 'avg_profit_brl': 10.96, 'avg_win_brl': 52.37, 'avg_loss_brl': -92.74, 'profit_factor': 1.4167, 'max_drawdown_pct': 7.04, 'expected_payoff': 10.96, 'on_tester_value': 4087.76426}",COMPLETE
