number,value,datetime_start,datetime_complete,duration,params_ATR_Length,params_AllowFriday,params_AllowMonday,params_AllowThursday,params_AllowTuesday,params_AllowWednesday,params_EntryStart_TotalMinutes,params_FilterAsPercOfContractMARange,params_LastEntry_TotalMinutes,params_MinutesBeforeMarketCloseToClosePositions,params_NumDaysToConsiderPreviousContractMARange,params_RetracementLevel,params_SL_ATRMultiplier,params_TP_ATRMultiplier,user_attrs_train_metrics,state
127,31644.845455,2026-03-26 01:47:54.826395,2026-03-26 01:47:57.722815,0 days 00:00:02.896420,10,False,True,True,True,False,605,0.4,740,15,5,0.13,0.5,0.1,"{'start_date': '2021-03-23', 'end_date': '2024-09-16', 'trading_days': 872, 'total_trades': 1456, 'win_rate': 0.9609, 'net_profit_brl': 16435.0, 'avg_profit_brl': 11.29, 'avg_win_brl': 12.89, 'avg_loss_brl': -37.98, 'profit_factor': 11.3041, 'max_drawdown_pct': 0.52, 'expected_payoff': 11.29, 'on_tester_value': 31644.845455}",COMPLETE
128,71768.19375,2026-03-26 01:47:57.722875,2026-03-26 01:48:00.863794,0 days 00:00:03.140919,24,True,True,True,False,True,545,0.35,805,9,6,0.13,0.9,0.15000000000000002,"{'start_date': '2021-03-23', 'end_date': '2024-09-16', 'trading_days': 872, 'total_trades': 4231, 'win_rate': 0.9482, 'net_profit_brl': 60885.0, 'avg_profit_brl': 14.39, 'avg_win_brl': 18.48, 'avg_loss_brl': -75.28, 'profit_factor': 5.5951, 'max_drawdown_pct': 0.85, 'expected_payoff': 14.39, 'on_tester_value': 71768.19375}",COMPLETE
129,5937.460234,2026-03-26 01:48:00.863852,2026-03-26 01:48:03.576974,0 days 00:00:02.713122,17,True,True,True,False,True,555,0.2,840,7,5,0.15000000000000002,0.8500000000000001,0.45000000000000007,"{'start_date': '2021-03-23', 'end_date': '2024-09-16', 'trading_days': 872, 'total_trades': 4475, 'win_rate': 0.7026, 'net_profit_brl': 42985.0, 'avg_profit_brl': 9.61, 'avg_win_brl': 52.08, 'avg_loss_brl': -94.28, 'profit_factor': 1.3559, 'max_drawdown_pct': 7.24, 'expected_payoff': 9.61, 'on_tester_value': 5937.460234}",COMPLETE
130,9960.428571,2026-03-26 01:48:03.577039,2026-03-26 01:48:06.245089,0 days 00:00:02.668050,30,True,True,False,False,True,585,0.45000000000000007,770,7,5,0.12000000000000001,1.0,0.25,"{'start_date': '2021-03-23', 'end_date': '2024-09-16', 'trading_days': 872, 'total_trades': 1876, 'win_rate': 0.927, 'net_profit_brl': 36600.0, 'avg_profit_brl': 19.51, 'avg_win_brl': 29.48, 'avg_loss_brl': -113.64, 'profit_factor': 3.4966, 'max_drawdown_pct': 3.67, 'expected_payoff': 19.51, 'on_tester_value': 9960.428571}",COMPLETE
131,4129.8,2026-03-26 01:48:06.245157,2026-03-26 01:48:09.162749,0 days 00:00:02.917592,19,True,True,True,False,True,545,0.45000000000000007,825,9,5,0.11,1.05,0.4,"{'start_date': '2021-03-23', 'end_date': '2024-09-16', 'trading_days': 872, 'total_trades': 3608, 'win_rate': 0.7666, 'net_profit_brl': 34415.0, 'avg_profit_brl': 9.54, 'avg_win_brl': 48.22, 'avg_loss_brl': -121.44, 'profit_factor': 1.3477, 'max_drawdown_pct': 8.33, 'expected_payoff': 9.54, 'on_tester_value': 4129.8}",COMPLETE
132,2639.604834,2026-03-26 01:48:09.162811,2026-03-26 01:48:12.289845,0 days 00:00:03.127034,24,True,True,True,True,True,565,0.2,730,15,7,0.18,0.75,0.55,"{'start_date': '2021-03-23', 'end_date': '2024-09-16', 'trading_days': 872, 'total_trades': 3603, 'win_rate': 0.6253, 'net_profit_brl': 33020.0, 'avg_profit_brl': 9.16, 'avg_win_brl': 61.12, 'avg_loss_brl': -80.96, 'profit_factor': 1.3154, 'max_drawdown_pct': 12.51, 'expected_payoff': 9.16, 'on_tester_value': 2639.604834}",COMPLETE
133,63247.121053,2026-03-26 01:48:12.289940,2026-03-26 01:48:15.372735,0 days 00:00:03.082795,39,True,True,True,True,True,550,0.30000000000000004,875,12,7,0.17,1.25,0.1,"{'start_date': '2021-03-23', 'end_date': '2024-09-16', 'trading_days': 872, 'total_trades': 4781, 'win_rate': 0.9755, 'net_profit_brl': 49270.0, 'avg_profit_brl': 10.31, 'avg_win_brl': 12.26, 'avg_loss_brl': -86.09, 'profit_factor': 7.221, 'max_drawdown_pct': 0.78, 'expected_payoff': 10.31, 'on_tester_value': 63247.121053}",COMPLETE
134,51487.128,2026-03-26 01:48:15.372784,2026-03-26 01:48:18.436628,0 days 00:00:03.063844,36,True,True,True,True,True,585,0.35,865,13,6,0.13,1.05,0.1,"{'start_date': '2021-03-23', 'end_date': '2024-09-16', 'trading_days': 872, 'total_trades': 4115, 'win_rate': 0.9823, 'net_profit_brl': 45180.0, 'avg_profit_brl': 10.98, 'avg_win_brl': 12.27, 'avg_loss_brl': -76.12, 'profit_factor': 11.2333, 'max_drawdown_pct': 0.88, 'expected_payoff': 10.98, 'on_tester_value': 51487.128}",COMPLETE
135,74715.12,2026-03-26 01:48:18.436675,2026-03-26 01:48:21.411637,0 days 00:00:02.974962,35,True,False,True,True,True,555,0.35,790,13,7,0.16,1.1,0.15000000000000002,"{'start_date': '2021-03-23', 'end_date': '2024-09-16', 'trading_days': 872, 'total_trades': 3316, 'win_rate': 0.9671, 'net_profit_brl': 50620.0, 'avg_profit_brl': 15.27, 'avg_win_brl': 17.87, 'avg_loss_brl': -83.5, 'profit_factor': 8.5778, 'max_drawdown_pct': 0.68, 'expected_payoff': 15.27, 'on_tester_value': 74715.12}",COMPLETE
136,33047.413043,2026-03-26 01:48:21.411715,2026-03-26 01:48:25.187980,0 days 00:00:03.776265,31,True,True,True,True,False,560,0.25,875,12,6,0.27,1.15,0.15000000000000002,"{'start_date': '2021-03-23', 'end_date': '2024-09-16', 'trading_days': 872, 'total_trades': 2368, 'win_rate': 0.9738, 'net_profit_brl': 35685.0, 'avg_profit_brl': 15.07, 'avg_win_brl': 17.33, 'avg_loss_brl': -104.51, 'profit_factor': 9.3279, 'max_drawdown_pct': 1.08, 'expected_payoff': 15.07, 'on_tester_value': 33047.413043}",COMPLETE
137,53071.396552,2026-03-26 01:48:25.188044,2026-03-26 01:48:29.620342,0 days 00:00:04.432298,31,True,True,True,True,True,585,0.35,900,13,8,0.11,0.5,0.25,"{'start_date': '2021-03-23', 'end_date': '2024-09-16', 'trading_days': 872, 'total_trades': 5018, 'win_rate': 0.8252, 'net_profit_brl': 75630.0, 'avg_profit_brl': 15.07, 'avg_win_brl': 28.61, 'avg_loss_brl': -53.49, 'profit_factor': 2.7652, 'max_drawdown_pct': 1.43, 'expected_payoff': 15.07, 'on_tester_value': 53071.396552}",COMPLETE
138,37892.573016,2026-03-26 01:48:29.620418,2026-03-26 01:48:32.506132,0 days 00:00:02.885714,25,True,False,True,True,True,555,0.35,800,12,6,0.13,1.2000000000000002,0.2,"{'start_date': '2021-03-23', 'end_date': '2024-09-16', 'trading_days': 872, 'total_trades': 4098, 'win_rate': 0.9414, 'net_profit_brl': 69115.0, 'avg_profit_brl': 16.87, 'avg_win_brl': 24.09, 'avg_loss_brl': -112.99, 'profit_factor': 3.8991, 'max_drawdown_pct': 1.82, 'expected_payoff': 16.87, 'on_tester_value': 37892.573016}",COMPLETE
139,2777.085088,2026-03-26 01:48:32.506178,2026-03-26 01:48:35.230351,0 days 00:00:02.724173,25,True,True,True,False,True,695,0.35,805,10,5,0.2,0.9,0.15000000000000002,"{'start_date': '2021-03-23', 'end_date': '2024-09-16', 'trading_days': 872, 'total_trades': 461, 'win_rate': 0.9783, 'net_profit_brl': 7205.0, 'avg_profit_brl': 15.63, 'avg_win_brl': 18.55, 'avg_loss_brl': -116.0, 'profit_factor': 7.2112, 'max_drawdown_pct': 2.59, 'expected_payoff': 15.63, 'on_tester_value': 2777.085088}",COMPLETE
140,23450.076531,2026-03-26 01:48:35.230394,2026-03-26 01:48:39.707575,0 days 00:00:04.477181,39,True,True,True,True,True,565,0.35,845,13,8,0.17,1.3,0.15000000000000002,"{'start_date': '2021-03-23', 'end_date': '2024-09-16', 'trading_days': 872, 'total_trades': 3711, 'win_rate': 0.9747, 'net_profit_brl': 57025.0, 'avg_profit_brl': 15.37, 'avg_win_brl': 17.87, 'avg_loss_brl': -107.39, 'profit_factor': 8.4787, 'max_drawdown_pct': 2.43, 'expected_payoff': 15.37, 'on_tester_value': 23450.076531}",COMPLETE
141,43769.025,2026-03-26 01:48:39.707656,2026-03-26 01:48:42.733998,0 days 00:00:03.026342,30,True,True,True,False,True,565,0.35,820,7,7,0.12000000000000001,0.95,0.15000000000000002,"{'start_date': '2021-03-23', 'end_date': '2024-09-16', 'trading_days': 872, 'total_trades': 4073, 'win_rate': 0.9511, 'net_profit_brl': 58465.0, 'avg_profit_brl': 14.35, 'avg_win_brl': 18.44, 'avg_loss_brl': -80.47, 'profit_factor': 5.5129, 'max_drawdown_pct': 1.34, 'expected_payoff': 14.35, 'on_tester_value': 43769.025}",COMPLETE
142,32010.038462,2026-03-26 01:48:42.734045,2026-03-26 01:48:45.617218,0 days 00:00:02.883173,19,True,True,True,True,True,540,0.4,730,8,3,0.11,1.35,0.2,"{'start_date': '2021-03-23', 'end_date': '2024-09-16', 'trading_days': 872, 'total_trades': 4691, 'win_rate': 0.9388, 'net_profit_brl': 77240.0, 'avg_profit_brl': 16.47, 'avg_win_brl': 25.06, 'avg_loss_brl': -127.42, 'profit_factor': 3.3314, 'max_drawdown_pct': 2.41, 'expected_payoff': 16.47, 'on_tester_value': 32010.038462}",COMPLETE
143,44619.842105,2026-03-26 01:48:45.617279,2026-03-26 01:48:50.130299,0 days 00:00:04.513020,22,True,True,True,True,True,630,0.25,855,10,6,0.12000000000000001,0.5,0.1,"{'start_date': '2021-03-23', 'end_date': '2024-09-16', 'trading_days': 872, 'total_trades': 2915, 'win_rate': 0.9544, 'net_profit_brl': 30170.0, 'avg_profit_brl': 10.35, 'avg_win_brl': 12.13, 'avg_loss_brl': -37.93, 'profit_factor': 9.4628, 'max_drawdown_pct': 0.68, 'expected_payoff': 10.35, 'on_tester_value': 44619.842105}",COMPLETE
144,14822.740385,2026-03-26 01:48:50.130356,2026-03-26 01:48:53.053228,0 days 00:00:02.922872,38,True,False,True,True,True,570,0.4,780,15,6,0.16,1.05,0.25,"{'start_date': '2021-03-23', 'end_date': '2024-09-16', 'trading_days': 872, 'total_trades': 2648, 'win_rate': 0.9207, 'net_profit_brl': 51300.0, 'avg_profit_brl': 19.37, 'avg_win_brl': 29.04, 'avg_loss_brl': -105.41, 'profit_factor': 3.6308, 'max_drawdown_pct': 3.46, 'expected_payoff': 19.37, 'on_tester_value': 14822.740385}",COMPLETE
145,14102.229167,2026-03-26 01:48:53.053320,2026-03-26 01:48:57.506902,0 days 00:00:04.453582,13,False,True,True,True,False,575,0.45000000000000007,800,9,4,0.2,0.55,0.25,"{'start_date': '2021-03-23', 'end_date': '2024-09-16', 'trading_days': 872, 'total_trades': 1243, 'win_rate': 0.8922, 'net_profit_brl': 24585.0, 'avg_profit_brl': 19.78, 'avg_win_brl': 30.32, 'avg_loss_brl': -70.59, 'profit_factor': 3.7211, 'max_drawdown_pct': 1.74, 'expected_payoff': 19.78, 'on_tester_value': 14102.229167}",COMPLETE
146,53404.294737,2026-03-26 01:48:57.506987,2026-03-26 01:49:01.383141,0 days 00:00:03.876154,30,True,True,True,False,True,570,0.30000000000000004,795,12,4,0.18,0.65,0.1,"{'start_date': '2021-03-23', 'end_date': '2024-09-16', 'trading_days': 872, 'total_trades': 2834, 'win_rate': 0.9629, 'net_profit_brl': 29360.0, 'avg_profit_brl': 10.36, 'avg_win_brl': 11.8, 'avg_loss_brl': -46.39, 'profit_factor': 11.3746, 'max_drawdown_pct': 0.55, 'expected_payoff': 10.36, 'on_tester_value': 53404.294737}",COMPLETE
147,1540.733333,2026-03-26 01:49:01.383203,2026-03-26 01:49:04.816640,0 days 00:00:03.433437,12,False,False,True,True,False,580,0.45000000000000007,745,15,3,0.2,0.65,0.5,"{'start_date': '2021-03-23', 'end_date': '2024-09-16', 'trading_days': 872, 'total_trades': 740, 'win_rate': 0.623, 'net_profit_brl': 6820.0, 'avg_profit_brl': 9.22, 'avg_win_brl': 62.27, 'avg_loss_brl': -79.58, 'profit_factor': 1.3116, 'max_drawdown_pct': 4.43, 'expected_payoff': 9.22, 'on_tester_value': 1540.733333}",COMPLETE
148,6473.911765,2026-03-26 01:49:04.816724,2026-03-26 01:49:09.808749,0 days 00:00:04.992025,19,True,False,True,False,True,635,0.30000000000000004,755,7,5,0.16,1.2000000000000002,0.2,"{'start_date': '2021-03-23', 'end_date': '2024-09-16', 'trading_days': 872, 'total_trades': 967, 'win_rate': 0.9741, 'net_profit_brl': 19830.0, 'avg_profit_brl': 20.51, 'avg_win_brl': 24.79, 'avg_loss_brl': -153.04, 'profit_factor': 6.6335, 'max_drawdown_pct': 3.06, 'expected_payoff': 20.51, 'on_tester_value': 6473.911765}",COMPLETE
149,18754.541429,2026-03-26 01:49:09.808800,2026-03-26 01:49:13.536601,0 days 00:00:03.727801,37,True,False,True,True,False,550,0.35,830,13,7,0.17,1.1,0.30000000000000004,"{'start_date': '2021-03-23', 'end_date': '2024-09-16', 'trading_days': 872, 'total_trades': 2546, 'win_rate': 0.8955, 'net_profit_brl': 50845.0, 'avg_profit_brl': 19.97, 'avg_win_brl': 34.77, 'avg_loss_brl': -117.46, 'profit_factor': 2.7887, 'max_drawdown_pct': 2.71, 'expected_payoff': 19.97, 'on_tester_value': 18754.541429}",COMPLETE
150,27252.475676,2026-03-26 01:49:13.536644,2026-03-26 01:49:18.277896,0 days 00:00:04.741252,33,True,True,True,True,True,630,0.25,835,15,8,0.18,0.8500000000000001,0.15000000000000002,"{'start_date': '2021-03-23', 'end_date': '2024-09-16', 'trading_days': 872, 'total_trades': 1837, 'win_rate': 0.9728, 'net_profit_brl': 28420.0, 'avg_profit_brl': 15.47, 'avg_win_brl': 17.47, 'avg_loss_brl': -77.92, 'profit_factor': 11.1319, 'max_drawdown_pct': 1.04, 'expected_payoff': 15.47, 'on_tester_value': 27252.475676}",COMPLETE
151,27422.045455,2026-03-26 01:49:18.277978,2026-03-26 01:49:21.671102,0 days 00:00:03.393124,16,False,False,False,True,False,570,0.4,790,12,6,0.17,0.5,0.2,"{'start_date': '2021-03-23', 'end_date': '2024-09-16', 'trading_days': 872, 'total_trades': 613, 'win_rate': 0.9201, 'net_profit_brl': 10870.0, 'avg_profit_brl': 17.73, 'avg_win_brl': 22.3, 'avg_loss_brl': -43.72, 'profit_factor': 7.3754, 'max_drawdown_pct': 0.4, 'expected_payoff': 17.73, 'on_tester_value': 27422.045455}",COMPLETE
152,85146.09375,2026-03-26 01:49:21.671170,2026-03-26 01:49:26.295075,0 days 00:00:04.623905,22,True,True,True,False,True,565,0.25,745,7,5,0.15000000000000002,0.8500000000000001,0.15000000000000002,"{'start_date': '2021-03-23', 'end_date': '2024-09-16', 'trading_days': 872, 'total_trades': 3583, 'win_rate': 0.9537, 'net_profit_brl': 53425.0, 'avg_profit_brl': 14.91, 'avg_win_brl': 18.13, 'avg_loss_brl': -70.5, 'profit_factor': 7.2632, 'max_drawdown_pct': 0.63, 'expected_payoff': 14.91, 'on_tester_value': 85146.09375}",COMPLETE
153,83836.046154,2026-03-26 01:49:26.295154,2026-03-26 01:49:30.406496,0 days 00:00:04.111342,32,True,True,True,True,True,550,0.30000000000000004,835,11,5,0.23,0.7,0.2,"{'start_date': '2021-03-23', 'end_date': '2024-09-16', 'trading_days': 872, 'total_trades': 3399, 'win_rate': 0.9435, 'net_profit_brl': 61505.0, 'avg_profit_brl': 18.1, 'avg_win_brl': 22.58, 'avg_loss_brl': -72.22, 'profit_factor': 6.6401, 'max_drawdown_pct': 0.73, 'expected_payoff': 18.1, 'on_tester_value': 83836.046154}",COMPLETE
154,27767.432609,2026-03-26 01:49:30.406575,2026-03-26 01:49:34.022319,0 days 00:00:03.615744,40,True,True,True,True,True,560,0.4,850,14,4,0.23,0.5,0.35,"{'start_date': '2021-03-23', 'end_date': '2024-09-16', 'trading_days': 872, 'total_trades': 2475, 'win_rate': 0.777, 'net_profit_brl': 46515.0, 'avg_profit_brl': 18.79, 'avg_win_brl': 39.59, 'avg_loss_brl': -57.27, 'profit_factor': 2.5709, 'max_drawdown_pct': 1.68, 'expected_payoff': 18.79, 'on_tester_value': 27767.432609}",COMPLETE
155,48913.338,2026-03-26 01:49:34.022372,2026-03-26 01:49:37.311434,0 days 00:00:03.289062,15,True,True,True,False,True,555,0.15,720,8,4,0.29000000000000004,0.95,0.15000000000000002,"{'start_date': '2021-03-23', 'end_date': '2024-09-16', 'trading_days': 872, 'total_trades': 2236, 'win_rate': 0.966, 'net_profit_brl': 32635.0, 'avg_profit_brl': 14.6, 'avg_win_brl': 17.21, 'avg_loss_brl': -82.64, 'profit_factor': 8.1804, 'max_drawdown_pct': 0.67, 'expected_payoff': 14.6, 'on_tester_value': 48913.338}",COMPLETE
156,36007.9125,2026-03-26 01:49:37.311498,2026-03-26 01:49:40.470090,0 days 00:00:03.158592,18,True,True,True,False,True,595,0.30000000000000004,750,9,5,0.16,0.75,0.2,"{'start_date': '2021-03-23', 'end_date': '2024-09-16', 'trading_days': 872, 'total_trades': 2137, 'win_rate': 0.9504, 'net_profit_brl': 40345.0, 'avg_profit_brl': 18.88, 'avg_win_brl': 23.69, 'avg_loss_brl': -82.71, 'profit_factor': 6.1891, 'max_drawdown_pct': 1.12, 'expected_payoff': 18.88, 'on_tester_value': 36007.9125}",COMPLETE
157,26789.385714,2026-03-26 01:49:40.470146,2026-03-26 01:49:43.744604,0 days 00:00:03.274458,12,False,False,True,True,False,550,0.45000000000000007,770,9,4,0.11,0.8500000000000001,0.1,"{'start_date': '2021-03-23', 'end_date': '2024-09-16', 'trading_days': 872, 'total_trades': 1743, 'win_rate': 0.9627, 'net_profit_brl': 19830.0, 'avg_profit_brl': 11.38, 'avg_win_brl': 13.66, 'avg_loss_brl': -56.27, 'profit_factor': 7.4071, 'max_drawdown_pct': 0.74, 'expected_payoff': 11.38, 'on_tester_value': 26789.385714}",COMPLETE
158,20237.568182,2026-03-26 01:49:43.744669,2026-03-26 01:49:46.880685,0 days 00:00:03.136016,38,True,False,False,False,True,545,0.35,855,15,6,0.19,0.95,0.2,"{'start_date': '2021-03-23', 'end_date': '2024-09-16', 'trading_days': 872, 'total_trades': 1519, 'win_rate': 0.95, 'net_profit_brl': 28090.0, 'avg_profit_brl': 18.49, 'avg_win_brl': 23.09, 'avg_loss_brl': -87.25, 'profit_factor': 6.3658, 'max_drawdown_pct': 1.39, 'expected_payoff': 18.49, 'on_tester_value': 20237.568182}",COMPLETE
159,86639.282143,2026-03-26 01:49:46.880736,2026-03-26 01:49:51.183489,0 days 00:00:04.302753,23,True,True,True,True,True,545,0.25,850,7,4,0.2,0.75,0.15000000000000002,"{'start_date': '2021-03-23', 'end_date': '2024-09-16', 'trading_days': 872, 'total_trades': 4754, 'win_rate': 0.9544, 'net_profit_brl': 67330.0, 'avg_profit_brl': 14.16, 'avg_win_brl': 17.3, 'avg_loss_brl': -67.26, 'profit_factor': 7.0305, 'max_drawdown_pct': 0.78, 'expected_payoff': 14.16, 'on_tester_value': 86639.282143}",COMPLETE
160,85066.609615,2026-03-26 01:49:51.183553,2026-03-26 01:49:54.734061,0 days 00:00:03.550508,20,True,True,True,True,True,550,0.25,875,5,3,0.21000000000000002,0.7,0.15000000000000002,"{'start_date': '2021-03-23', 'end_date': '2024-09-16', 'trading_days': 872, 'total_trades': 4329, 'win_rate': 0.9566, 'net_profit_brl': 62355.0, 'avg_profit_brl': 14.4, 'avg_win_brl': 17.3, 'avg_loss_brl': -65.96, 'profit_factor': 7.7048, 'max_drawdown_pct': 0.73, 'expected_payoff': 14.4, 'on_tester_value': 85066.609615}",COMPLETE
161,114320.660714,2026-03-26 01:49:54.734166,2026-03-26 01:49:58.130430,0 days 00:00:03.396264,23,True,True,True,True,True,550,0.25,885,4,4,0.15000000000000002,0.7,0.15000000000000002,"{'start_date': '2021-03-23', 'end_date': '2024-09-16', 'trading_days': 872, 'total_trades': 6103, 'win_rate': 0.9427, 'net_profit_brl': 86630.0, 'avg_profit_brl': 14.19, 'avg_win_brl': 17.72, 'avg_loss_brl': -55.71, 'profit_factor': 6.6547, 'max_drawdown_pct': 0.76, 'expected_payoff': 14.19, 'on_tester_value': 114320.660714}",COMPLETE
162,77169.342857,2026-03-26 01:49:58.130493,2026-03-26 01:50:01.602627,0 days 00:00:03.472134,23,False,True,True,True,True,570,0.35,880,10,5,0.13,0.65,0.2,"{'start_date': '2021-03-23', 'end_date': '2024-09-16', 'trading_days': 872, 'total_trades': 3794, 'win_rate': 0.9104, 'net_profit_brl': 61665.0, 'avg_profit_brl': 16.25, 'avg_win_brl': 23.11, 'avg_loss_brl': -61.11, 'profit_factor': 4.3975, 'max_drawdown_pct': 0.8, 'expected_payoff': 16.25, 'on_tester_value': 77169.342857}",COMPLETE
163,44272.302941,2026-03-26 01:50:01.602711,2026-03-26 01:50:05.080915,0 days 00:00:03.478204,16,True,False,True,True,True,560,0.2,850,5,3,0.26,0.6,0.25,"{'start_date': '2021-03-23', 'end_date': '2024-09-16', 'trading_days': 872, 'total_trades': 2623, 'win_rate': 0.8837, 'net_profit_brl': 48230.0, 'avg_profit_brl': 18.39, 'avg_win_brl': 28.48, 'avg_loss_brl': -67.92, 'profit_factor': 3.7103, 'max_drawdown_pct': 1.09, 'expected_payoff': 18.39, 'on_tester_value': 44272.302941}",COMPLETE
164,14157.486486,2026-03-26 01:50:05.080979,2026-03-26 01:50:08.514583,0 days 00:00:03.433604,38,True,False,True,True,True,670,0.30000000000000004,830,12,7,0.12000000000000001,1.1,0.2,"{'start_date': '2021-03-23', 'end_date': '2024-09-16', 'trading_days': 872, 'total_trades': 1308, 'win_rate': 0.9587, 'net_profit_brl': 23490.0, 'avg_profit_brl': 17.96, 'avg_win_brl': 23.89, 'avg_loss_brl': -121.98, 'profit_factor': 4.6334, 'max_drawdown_pct': 1.66, 'expected_payoff': 17.96, 'on_tester_value': 14157.486486}",COMPLETE
165,51735.816667,2026-03-26 01:50:08.514644,2026-03-26 01:50:11.803532,0 days 00:00:03.288888,21,True,True,True,True,True,620,0.15,875,1,5,0.11,0.8500000000000001,0.1,"{'start_date': '2021-03-23', 'end_date': '2024-09-16', 'trading_days': 872, 'total_trades': 3591, 'win_rate': 0.9724, 'net_profit_brl': 39695.0, 'avg_profit_brl': 11.05, 'avg_win_brl': 12.74, 'avg_loss_brl': -59.38, 'profit_factor': 9.2526, 'max_drawdown_pct': 0.77, 'expected_payoff': 11.05, 'on_tester_value': 51735.816667}",COMPLETE
166,88221.024194,2026-03-26 01:50:11.803598,2026-03-26 01:50:15.122616,0 days 00:00:03.319018,22,True,True,True,True,True,560,0.30000000000000004,885,3,3,0.19,0.8,0.2,"{'start_date': '2021-03-23', 'end_date': '2024-09-16', 'trading_days': 872, 'total_trades': 3960, 'win_rate': 0.9452, 'net_profit_brl': 72255.0, 'avg_profit_brl': 18.25, 'avg_win_brl': 23.12, 'avg_loss_brl': -81.57, 'profit_factor': 6.0616, 'max_drawdown_pct': 0.82, 'expected_payoff': 18.25, 'on_tester_value': 88221.024194}",COMPLETE
167,13012.209375,2026-03-26 01:50:15.122744,2026-03-26 01:50:18.571890,0 days 00:00:03.449146,21,True,True,True,True,True,570,0.4,900,4,4,0.23,0.6,0.1,"{'start_date': '2021-03-23', 'end_date': '2024-09-16', 'trading_days': 872, 'total_trades': 2495, 'win_rate': 0.9639, 'net_profit_brl': 24795.0, 'avg_profit_brl': 9.94, 'avg_win_brl': 11.74, 'avg_loss_brl': -61.34, 'profit_factor': 8.2183, 'max_drawdown_pct': 1.91, 'expected_payoff': 9.94, 'on_tester_value': 13012.209375}",COMPLETE
168,32279.637097,2026-03-26 01:50:18.571932,2026-03-26 01:50:21.879965,0 days 00:00:03.308033,23,True,True,True,True,True,595,0.2,810,4,3,0.24000000000000002,0.9,0.15000000000000002,"{'start_date': '2021-03-23', 'end_date': '2024-09-16', 'trading_days': 872, 'total_trades': 1995, 'win_rate': 0.9799, 'net_profit_brl': 31125.0, 'avg_profit_brl': 15.6, 'avg_win_brl': 17.34, 'avg_loss_brl': -89.52, 'profit_factor': 12.2162, 'max_drawdown_pct': 0.96, 'expected_payoff': 15.6, 'on_tester_value': 32279.637097}",COMPLETE
