number,value,datetime_start,datetime_complete,duration,params_ATR_Length,params_AllowFriday,params_AllowMonday,params_AllowThursday,params_AllowTuesday,params_AllowWednesday,params_EntryStart_TotalMinutes,params_FilterAsPercOfContractMARange,params_LastEntry_TotalMinutes,params_MinutesBeforeMarketCloseToClosePositions,params_NumDaysToConsiderPreviousContractMARange,params_RetracementLevel,params_SL_ATRMultiplier,params_TP_ATRMultiplier,user_attrs_train_metrics,state
255,929.087702,2026-03-26 04:45:30.493110,2026-03-26 04:45:51.822583,0 days 00:00:21.329473,36,True,True,True,False,True,590,0.30000000000000004,885,5,4,0.24000000000000002,1.3,0.45000000000000007,"{'start_date': '2021-03-23', 'end_date': '2024-09-16', 'trading_days': 872, 'total_trades': 1699, 'win_rate': 0.771, 'net_profit_brl': 11210.0, 'avg_profit_brl': 6.6, 'avg_win_brl': 51.94, 'avg_loss_brl': -146.11, 'profit_factor': 1.1972, 'max_drawdown_pct': 12.07, 'expected_payoff': 6.6, 'on_tester_value': 929.087702}",COMPLETE
256,565.322222,2026-03-26 04:45:51.822663,2026-03-26 04:46:12.175315,0 days 00:00:20.352652,31,True,True,True,False,True,570,0.35,870,4,4,0.24000000000000002,1.4,0.35,"{'start_date': '2021-03-23', 'end_date': '2024-09-16', 'trading_days': 872, 'total_trades': 1937, 'win_rate': 0.8172, 'net_profit_brl': 7470.0, 'avg_profit_brl': 3.86, 'avg_win_brl': 40.49, 'avg_loss_brl': -159.96, 'profit_factor': 1.1319, 'max_drawdown_pct': 13.21, 'expected_payoff': 3.86, 'on_tester_value': 565.322222}",COMPLETE
257,48.372545,2026-03-26 04:46:12.175381,2026-03-26 04:46:28.410729,0 days 00:00:16.235348,39,True,False,False,True,False,845,0.25,690,7,8,0.12000000000000001,1.0,0.30000000000000004,"{'start_date': '2021-03-23', 'end_date': '2024-09-16', 'trading_days': 872, 'total_trades': 495, 'win_rate': 0.7859, 'net_profit_brl': 615.0, 'avg_profit_brl': 1.24, 'avg_win_brl': 35.06, 'avg_loss_brl': -122.88, 'profit_factor': 1.0472, 'max_drawdown_pct': 12.71, 'expected_payoff': 1.24, 'on_tester_value': 48.372545}",COMPLETE
258,286.6773,2026-03-26 04:46:28.410812,2026-03-26 04:46:46.321212,0 days 00:00:17.910400,23,True,True,True,True,True,580,0.25,845,12,5,0.30000000000000004,0.6,0.35,"{'start_date': '2021-03-23', 'end_date': '2024-09-16', 'trading_days': 872, 'total_trades': 1856, 'win_rate': 0.6498, 'net_profit_brl': 4085.0, 'avg_profit_brl': 2.2, 'avg_win_brl': 40.15, 'avg_loss_brl': -68.2, 'profit_factor': 1.0921, 'max_drawdown_pct': 14.25, 'expected_payoff': 2.2, 'on_tester_value': 286.6773}",COMPLETE
259,176.280899,2026-03-26 04:46:46.321335,2026-03-26 04:47:02.987451,0 days 00:00:16.666116,24,True,False,True,True,False,870,0.25,605,6,7,0.22,0.55,0.25,"{'start_date': '2021-03-23', 'end_date': '2024-09-16', 'trading_days': 872, 'total_trades': 1208, 'win_rate': 0.7053, 'net_profit_brl': 2175.0, 'avg_profit_brl': 1.8, 'avg_win_brl': 29.42, 'avg_loss_brl': -64.31, 'profit_factor': 1.095, 'max_drawdown_pct': 12.34, 'expected_payoff': 1.8, 'on_tester_value': 176.280899}",COMPLETE
260,952.346172,2026-03-26 04:47:02.987512,2026-03-26 04:47:22.982654,0 days 00:00:19.995142,38,True,True,True,False,True,610,0.15,870,3,3,0.23,1.4,0.55,"{'start_date': '2021-03-23', 'end_date': '2024-09-16', 'trading_days': 872, 'total_trades': 1400, 'win_rate': 0.7414, 'net_profit_brl': 10090.0, 'avg_profit_brl': 7.21, 'avg_win_brl': 63.99, 'avg_loss_brl': -155.62, 'profit_factor': 1.1791, 'max_drawdown_pct': 10.59, 'expected_payoff': 7.21, 'on_tester_value': 952.346172}",COMPLETE
261,232.68027,2026-03-26 04:47:22.982712,2026-03-26 04:47:39.263530,0 days 00:00:16.280818,38,True,True,True,False,True,600,0.25,895,1,5,0.19,1.2000000000000002,0.65,"{'start_date': '2021-03-23', 'end_date': '2024-09-16', 'trading_days': 872, 'total_trades': 1902, 'win_rate': 0.6619, 'net_profit_brl': 5945.0, 'avg_profit_brl': 3.13, 'avg_win_brl': 74.38, 'avg_loss_brl': -136.4, 'profit_factor': 1.0678, 'max_drawdown_pct': 25.55, 'expected_payoff': 3.13, 'on_tester_value': 232.68027}",COMPLETE
262,517.461702,2026-03-26 04:47:39.263577,2026-03-26 04:47:54.932444,0 days 00:00:15.668867,37,True,True,False,False,True,575,0.35,780,3,3,0.28,1.0,0.2,"{'start_date': '2021-03-23', 'end_date': '2024-09-16', 'trading_days': 872, 'total_trades': 1013, 'win_rate': 0.8628, 'net_profit_brl': 3660.0, 'avg_profit_brl': 3.61, 'avg_win_brl': 22.59, 'avg_loss_brl': -115.72, 'profit_factor': 1.2275, 'max_drawdown_pct': 7.07, 'expected_payoff': 3.61, 'on_tester_value': 517.461702}",COMPLETE
263,-58.653846,2026-03-26 04:47:54.932510,2026-03-26 04:48:10.277770,0 days 00:00:15.345260,37,True,True,True,False,True,755,0.2,895,7,4,0.31,1.4500000000000002,0.8,"{'start_date': '2021-03-23', 'end_date': '2024-09-16', 'trading_days': 872, 'total_trades': 143, 'win_rate': 0.5594, 'net_profit_brl': -1525.0, 'avg_profit_brl': -10.66, 'avg_win_brl': 94.19, 'avg_loss_brl': -148.52, 'profit_factor': 0.8317, 'max_drawdown_pct': 26.0, 'expected_payoff': -10.66, 'on_tester_value': -58.653846}",COMPLETE
264,163.785075,2026-03-26 04:48:10.277822,2026-03-26 04:48:25.321114,0 days 00:00:15.043292,39,True,True,True,False,True,660,0.25,820,9,4,0.29000000000000004,1.25,0.4,"{'start_date': '2021-03-23', 'end_date': '2024-09-16', 'trading_days': 872, 'total_trades': 515, 'win_rate': 0.7767, 'net_profit_brl': 1760.0, 'avg_profit_brl': 3.42, 'avg_win_brl': 46.81, 'avg_loss_brl': -147.52, 'profit_factor': 1.1037, 'max_drawdown_pct': 10.75, 'expected_payoff': 3.42, 'on_tester_value': 163.785075}",COMPLETE
265,102.285197,2026-03-26 04:48:25.321155,2026-03-26 04:48:40.762632,0 days 00:00:15.441477,20,False,False,True,True,True,570,0.25,850,7,4,0.31,0.7,0.7000000000000001,"{'start_date': '2021-03-23', 'end_date': '2024-09-16', 'trading_days': 872, 'total_trades': 1308, 'win_rate': 0.5069, 'net_profit_brl': 1785.0, 'avg_profit_brl': 1.36, 'avg_win_brl': 79.21, 'avg_loss_brl': -78.65, 'profit_factor': 1.0352, 'max_drawdown_pct': 17.45, 'expected_payoff': 1.36, 'on_tester_value': 102.285197}",COMPLETE
266,67.369584,2026-03-26 04:48:40.762673,2026-03-26 04:48:56.148345,0 days 00:00:15.385672,40,False,True,True,False,True,540,0.25,865,4,3,0.23,1.1,0.2,"{'start_date': '2021-03-23', 'end_date': '2024-09-16', 'trading_days': 872, 'total_trades': 2330, 'win_rate': 0.8519, 'net_profit_brl': 1710.0, 'avg_profit_brl': 0.73, 'avg_win_brl': 22.23, 'avg_loss_brl': -122.93, 'profit_factor': 1.0403, 'max_drawdown_pct': 25.38, 'expected_payoff': 0.73, 'on_tester_value': 67.369584}",COMPLETE
267,-69.119634,2026-03-26 04:48:56.148419,2026-03-26 04:49:11.229121,0 days 00:00:15.080702,32,False,True,True,False,True,705,0.15,895,1,3,0.24000000000000002,1.35,0.65,"{'start_date': '2021-03-23', 'end_date': '2024-09-16', 'trading_days': 872, 'total_trades': 352, 'win_rate': 0.642, 'net_profit_brl': -2290.0, 'avg_profit_brl': -6.51, 'avg_win_brl': 76.39, 'avg_loss_brl': -155.2, 'profit_factor': 0.8829, 'max_drawdown_pct': 33.13, 'expected_payoff': -6.51, 'on_tester_value': -69.119634}",COMPLETE
268,151.530952,2026-03-26 04:49:11.229161,2026-03-26 04:49:26.081964,0 days 00:00:14.852803,40,True,False,False,False,False,860,0.30000000000000004,565,5,7,0.1,1.15,0.15000000000000002,"{'start_date': '2021-03-23', 'end_date': '2024-09-16', 'trading_days': 872, 'total_trades': 1154, 'win_rate': 0.8977, 'net_profit_brl': 1395.0, 'avg_profit_brl': 1.21, 'avg_win_brl': 17.26, 'avg_loss_brl': -139.7, 'profit_factor': 1.0846, 'max_drawdown_pct': 9.21, 'expected_payoff': 1.21, 'on_tester_value': 151.530952}",COMPLETE
269,-983.0,2026-03-26 04:49:26.082005,2026-03-26 04:49:40.691154,0 days 00:00:14.609149,38,True,False,False,True,False,765,0.25,725,6,7,0.33,1.35,0.30000000000000004,"{'start_date': '2021-03-23', 'end_date': '2024-09-16', 'trading_days': 872, 'total_trades': 17, 'win_rate': 0.8824, 'net_profit_brl': 215.0, 'avg_profit_brl': 12.65, 'avg_win_brl': 33.67, 'avg_loss_brl': -145.0, 'profit_factor': 1.7414, 'max_drawdown_pct': 1.72, 'expected_payoff': 12.65, 'on_tester_value': 124.7}",COMPLETE
270,101.369118,2026-03-26 04:49:40.691193,2026-03-26 04:49:55.953545,0 days 00:00:15.262352,40,True,True,True,False,True,650,0.2,780,3,3,0.13,1.35,0.6,"{'start_date': '2021-03-23', 'end_date': '2024-09-16', 'trading_days': 872, 'total_trades': 1164, 'win_rate': 0.7027, 'net_profit_brl': 2760.0, 'avg_profit_brl': 2.37, 'avg_win_brl': 69.12, 'avg_loss_brl': -155.88, 'profit_factor': 1.0513, 'max_drawdown_pct': 27.23, 'expected_payoff': 2.37, 'on_tester_value': 101.369118}",COMPLETE
271,428.716222,2026-03-26 04:49:55.953609,2026-03-26 04:50:11.591604,0 days 00:00:15.637995,34,True,True,True,True,True,555,0.15,850,4,4,0.25,1.3,0.65,"{'start_date': '2021-03-23', 'end_date': '2024-09-16', 'trading_days': 872, 'total_trades': 3289, 'win_rate': 0.6744, 'net_profit_brl': 8105.0, 'avg_profit_brl': 2.46, 'avg_win_brl': 72.57, 'avg_loss_brl': -142.86, 'profit_factor': 1.053, 'max_drawdown_pct': 18.91, 'expected_payoff': 2.46, 'on_tester_value': 428.716222}",COMPLETE
272,210.525,2026-03-26 04:50:11.591701,2026-03-26 04:50:27.218006,0 days 00:00:15.626305,26,True,False,True,True,True,565,0.15,885,3,6,0.35,0.6,0.45000000000000007,"{'start_date': '2021-03-23', 'end_date': '2024-09-16', 'trading_days': 872, 'total_trades': 1746, 'win_rate': 0.5773, 'net_profit_brl': 2005.0, 'avg_profit_brl': 1.15, 'avg_win_brl': 50.6, 'avg_loss_brl': -66.39, 'profit_factor': 1.0409, 'max_drawdown_pct': 9.52, 'expected_payoff': 1.15, 'on_tester_value': 210.525}",COMPLETE
273,247.090604,2026-03-26 04:50:27.218078,2026-03-26 04:50:42.727776,0 days 00:00:15.509698,36,True,True,True,False,True,570,0.25,870,7,3,0.23,1.35,0.4,"{'start_date': '2021-03-23', 'end_date': '2024-09-16', 'trading_days': 872, 'total_trades': 2286, 'win_rate': 0.7773, 'net_profit_brl': 4690.0, 'avg_profit_brl': 2.05, 'avg_win_brl': 45.86, 'avg_loss_brl': -150.88, 'profit_factor': 1.0611, 'max_drawdown_pct': 18.98, 'expected_payoff': 2.05, 'on_tester_value': 247.090604}",COMPLETE
274,-960.0,2026-03-26 04:50:42.727837,2026-03-26 04:50:57.144846,0 days 00:00:14.417009,38,True,False,False,False,False,780,0.2,705,10,8,0.28,0.9,0.45000000000000007,"{'start_date': '2021-03-23', 'end_date': '2024-09-16', 'trading_days': 872, 'total_trades': 40, 'win_rate': 0.775, 'net_profit_brl': 640.0, 'avg_profit_brl': 16.0, 'avg_win_brl': 52.74, 'avg_loss_brl': -110.56, 'profit_factor': 1.6432, 'max_drawdown_pct': 3.09, 'expected_payoff': 16.0, 'on_tester_value': 206.933333}",COMPLETE
275,434.18287,2026-03-26 04:50:57.144904,2026-03-26 04:51:12.748518,0 days 00:00:15.603614,36,True,True,True,False,True,570,0.15,810,1,4,0.27,1.4,0.6,"{'start_date': '2021-03-23', 'end_date': '2024-09-16', 'trading_days': 872, 'total_trades': 1897, 'win_rate': 0.7169, 'net_profit_brl': 7950.0, 'avg_profit_brl': 4.19, 'avg_win_brl': 67.96, 'avg_loss_brl': -157.32, 'profit_factor': 1.0941, 'max_drawdown_pct': 18.31, 'expected_payoff': 4.19, 'on_tester_value': 434.18287}",COMPLETE
276,300.923437,2026-03-26 04:51:12.748562,2026-03-26 04:51:27.455589,0 days 00:00:14.707027,15,False,True,True,True,True,660,0.15,825,15,4,0.4,0.65,0.1,"{'start_date': '2021-03-23', 'end_date': '2024-09-16', 'trading_days': 872, 'total_trades': 321, 'win_rate': 0.9065, 'net_profit_brl': 945.0, 'avg_profit_brl': 2.94, 'avg_win_brl': 12.27, 'avg_loss_brl': -87.5, 'profit_factor': 1.36, 'max_drawdown_pct': 3.14, 'expected_payoff': 2.94, 'on_tester_value': 300.923437}",COMPLETE
277,304.026042,2026-03-26 04:51:27.455642,2026-03-26 04:51:42.521887,0 days 00:00:15.066245,39,False,True,True,False,True,695,0.4,870,9,3,0.25,1.1,0.2,"{'start_date': '2021-03-23', 'end_date': '2024-09-16', 'trading_days': 872, 'total_trades': 343, 'win_rate': 0.8717, 'net_profit_brl': 1345.0, 'avg_profit_brl': 3.92, 'avg_win_brl': 23.58, 'avg_loss_brl': -129.66, 'profit_factor': 1.2358, 'max_drawdown_pct': 4.42, 'expected_payoff': 3.92, 'on_tester_value': 304.026042}",COMPLETE
278,202.376856,2026-03-26 04:51:42.521928,2026-03-26 04:51:58.251758,0 days 00:00:15.729830,30,True,True,True,True,True,545,0.4,795,3,4,0.31,0.95,0.35,"{'start_date': '2021-03-23', 'end_date': '2024-09-16', 'trading_days': 872, 'total_trades': 1682, 'win_rate': 0.7396, 'net_profit_brl': 3205.0, 'avg_profit_brl': 1.91, 'avg_win_brl': 40.34, 'avg_loss_brl': -107.25, 'profit_factor': 1.0682, 'max_drawdown_pct': 15.84, 'expected_payoff': 1.91, 'on_tester_value': 202.376856}",COMPLETE
279,-95.329616,2026-03-26 04:51:58.251826,2026-03-26 04:52:13.928159,0 days 00:00:15.676333,32,True,False,False,True,True,880,0.25,540,5,8,0.1,0.9,0.25,"{'start_date': '2021-03-23', 'end_date': '2024-09-16', 'trading_days': 872, 'total_trades': 4133, 'win_rate': 0.7759, 'net_profit_brl': -5140.0, 'avg_profit_brl': -1.24, 'avg_win_brl': 27.59, 'avg_loss_brl': -101.09, 'profit_factor': 0.9451, 'max_drawdown_pct': 53.92, 'expected_payoff': -1.24, 'on_tester_value': -95.329616}",COMPLETE
280,103.405714,2026-03-26 04:52:13.928211,2026-03-26 04:52:28.920643,0 days 00:00:14.992432,36,True,True,True,False,True,665,0.2,860,3,3,0.26,1.3,0.65,"{'start_date': '2021-03-23', 'end_date': '2024-09-16', 'trading_days': 872, 'total_trades': 614, 'win_rate': 0.6678, 'net_profit_brl': 1690.0, 'avg_profit_brl': 2.75, 'avg_win_brl': 77.55, 'avg_loss_brl': -148.3, 'profit_factor': 1.0561, 'max_drawdown_pct': 16.34, 'expected_payoff': 2.75, 'on_tester_value': 103.405714}",COMPLETE
281,90.684647,2026-03-26 04:52:28.920696,2026-03-26 04:52:44.389953,0 days 00:00:15.469257,39,True,True,True,False,True,635,0.15,895,1,3,0.2,1.4,0.45000000000000007,"{'start_date': '2021-03-23', 'end_date': '2024-09-16', 'trading_days': 872, 'total_trades': 1275, 'win_rate': 0.7639, 'net_profit_brl': 2250.0, 'avg_profit_brl': 1.76, 'avg_win_brl': 51.95, 'avg_loss_brl': -160.61, 'profit_factor': 1.0465, 'max_drawdown_pct': 24.81, 'expected_payoff': 1.76, 'on_tester_value': 90.684647}",COMPLETE
282,370.87013,2026-03-26 04:52:44.389992,2026-03-26 04:52:59.003725,0 days 00:00:14.613733,39,True,True,False,True,True,790,0.30000000000000004,650,4,8,0.18,1.0,0.55,"{'start_date': '2021-03-23', 'end_date': '2024-09-16', 'trading_days': 872, 'total_trades': 908, 'win_rate': 0.6696, 'net_profit_brl': 4275.0, 'avg_profit_brl': 4.71, 'avg_win_brl': 62.65, 'avg_loss_brl': -112.72, 'profit_factor': 1.1264, 'max_drawdown_pct': 11.53, 'expected_payoff': 4.71, 'on_tester_value': 370.87013}",COMPLETE
283,1192.545732,2026-03-26 04:52:59.003781,2026-03-26 04:53:14.070184,0 days 00:00:15.066403,29,False,True,False,True,True,800,0.30000000000000004,605,5,8,0.24000000000000002,1.35,0.1,"{'start_date': '2021-03-23', 'end_date': '2024-09-16', 'trading_days': 872, 'total_trades': 961, 'win_rate': 0.9594, 'net_profit_brl': 4395.0, 'avg_profit_brl': 4.57, 'avg_win_brl': 11.1, 'avg_loss_brl': -149.62, 'profit_factor': 1.7532, 'max_drawdown_pct': 3.69, 'expected_payoff': 4.57, 'on_tester_value': 1192.545732}",COMPLETE
284,1455.206707,2026-03-26 04:53:14.070228,2026-03-26 04:53:29.053423,0 days 00:00:14.983195,28,False,True,False,True,True,780,0.30000000000000004,595,9,8,0.23,1.25,0.1,"{'start_date': '2021-03-23', 'end_date': '2024-09-16', 'trading_days': 872, 'total_trades': 1076, 'win_rate': 0.9563, 'net_profit_brl': 4685.0, 'avg_profit_brl': 4.35, 'avg_win_brl': 10.96, 'avg_loss_brl': -140.32, 'profit_factor': 1.7104, 'max_drawdown_pct': 3.22, 'expected_payoff': 4.35, 'on_tester_value': 1455.206707}",COMPLETE
285,98.23554,2026-03-26 04:53:29.053464,2026-03-26 04:53:43.857837,0 days 00:00:14.804373,30,False,True,False,True,True,780,0.2,600,10,8,0.16,1.25,0.15000000000000002,"{'start_date': '2021-03-23', 'end_date': '2024-09-16', 'trading_days': 872, 'total_trades': 1482, 'win_rate': 0.9001, 'net_profit_brl': 1315.0, 'avg_profit_brl': 0.89, 'avg_win_brl': 16.51, 'avg_loss_brl': -139.9, 'profit_factor': 1.0635, 'max_drawdown_pct': 13.39, 'expected_payoff': 0.89, 'on_tester_value': 98.23554}",COMPLETE
286,1.467812,2026-03-26 04:53:43.857882,2026-03-26 04:53:58.928392,0 days 00:00:15.070510,22,True,False,False,True,False,880,0.25,545,2,5,0.18,0.5,0.35,"{'start_date': '2021-03-23', 'end_date': '2024-09-16', 'trading_days': 872, 'total_trades': 1923, 'win_rate': 0.5861, 'net_profit_brl': 35.0, 'avg_profit_brl': 0.02, 'avg_win_brl': 39.59, 'avg_loss_brl': -56.01, 'profit_factor': 1.0008, 'max_drawdown_pct': 23.85, 'expected_payoff': 0.02, 'on_tester_value': 1.467812}",COMPLETE
287,761.226582,2026-03-26 04:53:58.928433,2026-03-26 04:54:13.651872,0 days 00:00:14.723439,34,True,True,False,True,False,875,0.4,630,2,7,0.29000000000000004,0.8500000000000001,0.15000000000000002,"{'start_date': '2021-03-23', 'end_date': '2024-09-16', 'trading_days': 872, 'total_trades': 600, 'win_rate': 0.8933, 'net_profit_brl': 2945.0, 'avg_profit_brl': 4.91, 'avg_win_brl': 17.24, 'avg_loss_brl': -98.36, 'profit_factor': 1.4678, 'max_drawdown_pct': 3.87, 'expected_payoff': 4.91, 'on_tester_value': 761.226582}",COMPLETE
288,400.669231,2026-03-26 04:54:13.651924,2026-03-26 04:54:28.357432,0 days 00:00:14.705508,35,True,False,False,True,False,885,0.30000000000000004,660,11,8,0.24000000000000002,1.1,0.15000000000000002,"{'start_date': '2021-03-23', 'end_date': '2024-09-16', 'trading_days': 872, 'total_trades': 388, 'win_rate': 0.9149, 'net_profit_brl': 1960.0, 'avg_profit_brl': 5.05, 'avg_win_brl': 17.61, 'avg_loss_brl': -130.0, 'profit_factor': 1.4569, 'max_drawdown_pct': 4.89, 'expected_payoff': 5.05, 'on_tester_value': 400.669231}",COMPLETE
289,753.338596,2026-03-26 04:54:28.357498,2026-03-26 04:54:43.294533,0 days 00:00:14.937035,29,True,False,False,False,False,885,0.25,640,3,7,0.16,0.65,0.15000000000000002,"{'start_date': '2021-03-23', 'end_date': '2024-09-16', 'trading_days': 872, 'total_trades': 357, 'win_rate': 0.8627, 'net_profit_brl': 1885.0, 'avg_profit_brl': 5.28, 'avg_win_brl': 18.51, 'avg_loss_brl': -77.86, 'profit_factor': 1.4941, 'max_drawdown_pct': 2.5, 'expected_payoff': 5.28, 'on_tester_value': 753.338596}",COMPLETE
290,355.76535,2026-03-26 04:54:43.294586,2026-03-26 04:54:58.987996,0 days 00:00:15.693410,40,True,True,False,True,True,880,0.30000000000000004,560,3,8,0.18,0.8,0.15000000000000002,"{'start_date': '2021-03-23', 'end_date': '2024-09-16', 'trading_days': 872, 'total_trades': 2986, 'win_rate': 0.865, 'net_profit_brl': 5490.0, 'avg_profit_brl': 1.84, 'avg_win_brl': 16.6, 'avg_loss_brl': -92.77, 'profit_factor': 1.1469, 'max_drawdown_pct': 15.43, 'expected_payoff': 1.84, 'on_tester_value': 355.76535}",COMPLETE
291,371.4125,2026-03-26 04:54:58.988066,2026-03-26 04:55:13.681498,0 days 00:00:14.693432,35,True,True,False,True,False,590,0.35,685,4,5,0.29000000000000004,0.5,0.55,"{'start_date': '2021-03-23', 'end_date': '2024-09-16', 'trading_days': 872, 'total_trades': 571, 'win_rate': 0.5201, 'net_profit_brl': 3455.0, 'avg_profit_brl': 6.05, 'avg_win_brl': 62.51, 'avg_loss_brl': -55.15, 'profit_factor': 1.2287, 'max_drawdown_pct': 9.3, 'expected_payoff': 6.05, 'on_tester_value': 371.4125}",COMPLETE
292,162.19711,2026-03-26 04:55:13.681537,2026-03-26 04:55:28.092988,0 days 00:00:14.411451,33,False,False,False,True,False,690,0.4,620,9,6,0.24000000000000002,1.35,0.5,"{'start_date': '2021-03-23', 'end_date': '2024-09-16', 'trading_days': 872, 'total_trades': 140, 'win_rate': 0.7857, 'net_profit_brl': 1385.0, 'avg_profit_brl': 9.89, 'avg_win_brl': 52.55, 'avg_loss_brl': -146.5, 'profit_factor': 1.3151, 'max_drawdown_pct': 8.54, 'expected_payoff': 9.89, 'on_tester_value': 162.19711}",COMPLETE
293,297.957558,2026-03-26 04:55:28.093041,2026-03-26 04:55:43.265012,0 days 00:00:15.171971,38,False,True,False,True,True,725,0.30000000000000004,585,2,7,0.18,1.5,0.4,"{'start_date': '2021-03-23', 'end_date': '2024-09-16', 'trading_days': 872, 'total_trades': 1348, 'win_rate': 0.8138, 'net_profit_brl': 6075.0, 'avg_profit_brl': 4.51, 'avg_win_brl': 43.25, 'avg_loss_brl': -164.82, 'profit_factor': 1.1468, 'max_drawdown_pct': 20.39, 'expected_payoff': 4.51, 'on_tester_value': 297.957558}",COMPLETE
294,394.479167,2026-03-26 04:55:43.265084,2026-03-26 04:55:57.704322,0 days 00:00:14.439238,33,False,True,False,True,False,860,0.45000000000000007,620,7,7,0.15000000000000002,0.5,0.1,"{'start_date': '2021-03-23', 'end_date': '2024-09-16', 'trading_days': 872, 'total_trades': 812, 'win_rate': 0.8732, 'net_profit_brl': 1750.0, 'avg_profit_brl': 2.16, 'avg_win_brl': 11.2, 'avg_loss_brl': -60.1, 'profit_factor': 1.2827, 'max_drawdown_pct': 4.44, 'expected_payoff': 2.16, 'on_tester_value': 394.479167}",COMPLETE
295,774.378302,2026-03-26 04:55:57.704374,2026-03-26 04:56:12.767193,0 days 00:00:15.062819,27,False,True,False,True,True,805,0.35,550,9,8,0.24000000000000002,1.2000000000000002,0.45000000000000007,"{'start_date': '2021-03-23', 'end_date': '2024-09-16', 'trading_days': 872, 'total_trades': 1489, 'win_rate': 0.7542, 'net_profit_brl': 7870.0, 'avg_profit_brl': 5.29, 'avg_win_brl': 49.75, 'avg_loss_brl': -131.13, 'profit_factor': 1.164, 'max_drawdown_pct': 10.16, 'expected_payoff': 5.29, 'on_tester_value': 774.378302}",COMPLETE
296,435.855263,2026-03-26 04:56:12.767252,2026-03-26 04:56:27.167342,0 days 00:00:14.400090,28,False,True,False,True,True,790,0.25,630,7,8,0.25,1.35,0.1,"{'start_date': '2021-03-23', 'end_date': '2024-09-16', 'trading_days': 872, 'total_trades': 658, 'win_rate': 0.9635, 'net_profit_brl': 3125.0, 'avg_profit_brl': 4.75, 'avg_win_brl': 11.06, 'avg_loss_brl': -161.88, 'profit_factor': 1.8044, 'max_drawdown_pct': 7.17, 'expected_payoff': 4.75, 'on_tester_value': 435.855263}",COMPLETE
297,-43.19305,2026-03-26 04:56:27.167402,2026-03-26 04:56:41.513087,0 days 00:00:14.345685,19,False,True,False,True,True,665,0.4,550,10,8,0.26,1.05,0.15000000000000002,"{'start_date': '2021-03-23', 'end_date': '2024-09-16', 'trading_days': 872, 'total_trades': 733, 'win_rate': 0.869, 'net_profit_brl': -550.0, 'avg_profit_brl': -0.75, 'avg_win_brl': 16.72, 'avg_loss_brl': -116.67, 'profit_factor': 0.9509, 'max_drawdown_pct': 12.73, 'expected_payoff': -0.75, 'on_tester_value': -43.19305}",COMPLETE
