number,value,datetime_start,datetime_complete,duration,params_ATR_Length,params_AllowFriday,params_AllowMonday,params_AllowThursday,params_AllowTuesday,params_AllowWednesday,params_EntryStart_TotalMinutes,params_FilterAsPercOfContractMARange,params_LastEntry_TotalMinutes,params_MinutesBeforeMarketCloseToClosePositions,params_NumDaysToConsiderPreviousContractMARange,params_RetracementLevel,params_SL_ATRMultiplier,params_TP_ATRMultiplier,user_attrs_train_metrics,state
127,808.997034,2026-03-26 04:08:20.655565,2026-03-26 04:08:37.102911,0 days 00:00:16.447346,32,False,True,False,True,False,795,0.30000000000000004,630,5,7,0.16,0.65,0.25,"{'start_date': '2021-03-23', 'end_date': '2024-09-16', 'trading_days': 872, 'total_trades': 689, 'win_rate': 0.7649, 'net_profit_brl': 3455.0, 'avg_profit_brl': 5.01, 'avg_win_brl': 28.29, 'avg_loss_brl': -70.71, 'profit_factor': 1.3016, 'max_drawdown_pct': 4.27, 'expected_payoff': 5.01, 'on_tester_value': 808.997034}",COMPLETE
128,282.348276,2026-03-26 04:08:37.102983,2026-03-26 04:08:53.050724,0 days 00:00:15.947741,30,False,True,False,True,False,835,0.30000000000000004,640,6,7,0.19,0.75,0.30000000000000004,"{'start_date': '2021-03-23', 'end_date': '2024-09-16', 'trading_days': 872, 'total_trades': 555, 'win_rate': 0.7495, 'net_profit_brl': 2220.0, 'avg_profit_brl': 4.0, 'avg_win_brl': 33.61, 'avg_loss_brl': -84.6, 'profit_factor': 1.1888, 'max_drawdown_pct': 7.86, 'expected_payoff': 4.0, 'on_tester_value': 282.348276}",COMPLETE
129,403.105419,2026-03-26 04:08:53.050780,2026-03-26 04:09:09.152382,0 days 00:00:16.101602,40,True,False,False,True,False,845,0.30000000000000004,550,4,7,0.23,1.4,0.1,"{'start_date': '2021-03-23', 'end_date': '2024-09-16', 'trading_days': 872, 'total_trades': 1298, 'win_rate': 0.953, 'net_profit_brl': 3840.0, 'avg_profit_brl': 2.96, 'avg_win_brl': 11.07, 'avg_loss_brl': -161.56, 'profit_factor': 1.3896, 'max_drawdown_pct': 9.53, 'expected_payoff': 2.96, 'on_tester_value': 403.105419}",COMPLETE
130,452.594787,2026-03-26 04:09:09.152429,2026-03-26 04:09:25.269712,0 days 00:00:16.117283,33,False,True,False,True,True,805,0.45000000000000007,580,1,7,0.24000000000000002,1.35,0.15000000000000002,"{'start_date': '2021-03-23', 'end_date': '2024-09-16', 'trading_days': 872, 'total_trades': 932, 'win_rate': 0.9206, 'net_profit_brl': 3570.0, 'avg_profit_brl': 3.83, 'avg_win_brl': 16.93, 'avg_loss_brl': -148.04, 'profit_factor': 1.3259, 'max_drawdown_pct': 7.89, 'expected_payoff': 3.83, 'on_tester_value': 452.594787}",COMPLETE
131,381.376471,2026-03-26 04:09:25.269780,2026-03-26 04:09:41.666311,0 days 00:00:16.396531,36,True,False,False,True,False,750,0.25,650,6,8,0.17,0.9,0.1,"{'start_date': '2021-03-23', 'end_date': '2024-09-16', 'trading_days': 872, 'total_trades': 402, 'win_rate': 0.9328, 'net_profit_brl': 1540.0, 'avg_profit_brl': 3.83, 'avg_win_brl': 11.4, 'avg_loss_brl': -101.3, 'profit_factor': 1.5631, 'max_drawdown_pct': 4.04, 'expected_payoff': 3.83, 'on_tester_value': 381.376471}",COMPLETE
132,50.306667,2026-03-26 04:09:41.666352,2026-03-26 04:09:57.716436,0 days 00:00:16.050084,39,False,False,False,True,True,795,0.25,560,2,8,0.19,0.8500000000000001,0.2,"{'start_date': '2021-03-23', 'end_date': '2024-09-16', 'trading_days': 872, 'total_trades': 1465, 'win_rate': 0.813, 'net_profit_brl': 665.0, 'avg_profit_brl': 0.45, 'avg_win_brl': 21.48, 'avg_loss_brl': -90.95, 'profit_factor': 1.0267, 'max_drawdown_pct': 13.22, 'expected_payoff': 0.45, 'on_tester_value': 50.306667}",COMPLETE
133,13.875,2026-03-26 04:09:57.716491,2026-03-26 04:10:13.303855,0 days 00:00:15.587364,23,True,True,False,True,True,895,0.45000000000000007,770,11,8,0.28,0.55,0.30000000000000004,"{'start_date': '2021-03-23', 'end_date': '2024-09-16', 'trading_days': 872, 'total_trades': 126, 'win_rate': 0.6429, 'net_profit_brl': 90.0, 'avg_profit_brl': 0.71, 'avg_win_brl': 37.96, 'avg_loss_brl': -66.33, 'profit_factor': 1.0302, 'max_drawdown_pct': 6.49, 'expected_payoff': 0.71, 'on_tester_value': 13.875}",COMPLETE
134,319.983708,2026-03-26 04:10:13.303894,2026-03-26 04:10:29.014902,0 days 00:00:15.711008,30,False,True,False,True,True,750,0.5,615,2,6,0.28,0.6,0.5,"{'start_date': '2021-03-23', 'end_date': '2024-09-16', 'trading_days': 872, 'total_trades': 423, 'win_rate': 0.591, 'net_profit_brl': 2545.0, 'avg_profit_brl': 6.02, 'avg_win_brl': 57.0, 'avg_loss_brl': -67.66, 'profit_factor': 1.2174, 'max_drawdown_pct': 7.95, 'expected_payoff': 6.02, 'on_tester_value': 319.983708}",COMPLETE
135,373.03913,2026-03-26 04:10:29.014938,2026-03-26 04:10:44.583656,0 days 00:00:15.568718,40,True,False,False,True,False,800,0.30000000000000004,705,1,8,0.15000000000000002,0.55,0.1,"{'start_date': '2021-03-23', 'end_date': '2024-09-16', 'trading_days': 872, 'total_trades': 268, 'win_rate': 0.9142, 'net_profit_brl': 1190.0, 'avg_profit_brl': 4.44, 'avg_win_brl': 11.33, 'avg_loss_brl': -68.91, 'profit_factor': 1.7508, 'max_drawdown_pct': 3.19, 'expected_payoff': 4.44, 'on_tester_value': 373.03913}",COMPLETE
136,1005.856667,2026-03-26 04:10:44.583726,2026-03-26 04:11:01.468954,0 days 00:00:16.885228,30,True,False,True,True,True,625,0.25,840,3,6,0.33999999999999997,0.5,0.30000000000000004,"{'start_date': '2021-03-23', 'end_date': '2024-09-16', 'trading_days': 872, 'total_trades': 750, 'win_rate': 0.6733, 'net_profit_brl': 3730.0, 'avg_profit_brl': 4.97, 'avg_win_brl': 34.9, 'avg_loss_brl': -56.71, 'profit_factor': 1.2684, 'max_drawdown_pct': 3.71, 'expected_payoff': 4.97, 'on_tester_value': 1005.856667}",COMPLETE
137,95.34375,2026-03-26 04:11:01.469006,2026-03-26 04:11:17.195256,0 days 00:00:15.726250,36,False,True,False,False,False,760,0.2,655,5,8,0.16,0.55,0.1,"{'start_date': '2021-03-23', 'end_date': '2024-09-16', 'trading_days': 872, 'total_trades': 176, 'win_rate': 0.875, 'net_profit_brl': 225.0, 'avg_profit_brl': 1.28, 'avg_win_brl': 11.46, 'avg_loss_brl': -70.0, 'profit_factor': 1.1461, 'max_drawdown_pct': 2.36, 'expected_payoff': 1.28, 'on_tester_value': 95.34375}",COMPLETE
138,65.445608,2026-03-26 04:11:17.195309,2026-03-26 04:11:33.486690,0 days 00:00:16.291381,28,True,False,True,True,True,675,0.25,775,3,6,0.36,0.5,0.25,"{'start_date': '2021-03-23', 'end_date': '2024-09-16', 'trading_days': 872, 'total_trades': 218, 'win_rate': 0.7064, 'net_profit_brl': 465.0, 'avg_profit_brl': 2.13, 'avg_win_brl': 28.57, 'avg_loss_brl': -61.48, 'profit_factor': 1.1182, 'max_drawdown_pct': 7.11, 'expected_payoff': 2.13, 'on_tester_value': 65.445608}",COMPLETE
139,89.47062,2026-03-26 04:11:33.486748,2026-03-26 04:11:50.306206,0 days 00:00:16.819458,38,True,True,True,False,True,810,0.15,570,4,8,0.33,0.5,0.25,"{'start_date': '2021-03-23', 'end_date': '2024-09-16', 'trading_days': 872, 'total_trades': 1565, 'win_rate': 0.6748, 'net_profit_brl': 1265.0, 'avg_profit_brl': 0.81, 'avg_win_brl': 28.14, 'avg_loss_brl': -55.9, 'profit_factor': 1.0445, 'max_drawdown_pct': 14.14, 'expected_payoff': 0.81, 'on_tester_value': 89.47062}",COMPLETE
140,205.046835,2026-03-26 04:11:50.306268,2026-03-26 04:12:05.713994,0 days 00:00:15.407726,40,True,False,False,True,False,690,0.4,730,6,4,0.23,1.5,0.25,"{'start_date': '2021-03-23', 'end_date': '2024-09-16', 'trading_days': 872, 'total_trades': 67, 'win_rate': 0.8806, 'net_profit_brl': 730.0, 'avg_profit_brl': 10.9, 'avg_win_brl': 30.68, 'avg_loss_brl': -135.0, 'profit_factor': 1.6759, 'max_drawdown_pct': 3.56, 'expected_payoff': 10.9, 'on_tester_value': 205.046835}",COMPLETE
141,154.968354,2026-03-26 04:12:05.714178,2026-03-26 04:12:21.179728,0 days 00:00:15.465550,30,False,True,False,True,True,860,0.4,725,6,6,0.33999999999999997,0.7,0.15000000000000002,"{'start_date': '2021-03-23', 'end_date': '2024-09-16', 'trading_days': 872, 'total_trades': 117, 'win_rate': 0.8718, 'net_profit_brl': 590.0, 'avg_profit_brl': 5.04, 'avg_win_brl': 18.28, 'avg_loss_brl': -85.0, 'profit_factor': 1.4627, 'max_drawdown_pct': 3.81, 'expected_payoff': 5.04, 'on_tester_value': 154.968354}",COMPLETE
142,245.131492,2026-03-26 04:12:21.179793,2026-03-26 04:12:36.887854,0 days 00:00:15.708061,38,True,True,False,True,False,740,0.35,565,1,8,0.1,0.8,0.15000000000000002,"{'start_date': '2021-03-23', 'end_date': '2024-09-16', 'trading_days': 872, 'total_trades': 2599, 'win_rate': 0.8646, 'net_profit_brl': 4170.0, 'avg_profit_brl': 1.6, 'avg_win_brl': 16.61, 'avg_loss_brl': -94.2, 'profit_factor': 1.1258, 'max_drawdown_pct': 17.01, 'expected_payoff': 1.6, 'on_tester_value': 245.131492}",COMPLETE
143,362.490957,2026-03-26 04:12:36.887898,2026-03-26 04:12:52.030704,0 days 00:00:15.142806,36,True,False,False,False,False,675,0.25,615,7,5,0.32,1.4500000000000002,0.30000000000000004,"{'start_date': '2021-03-23', 'end_date': '2024-09-16', 'trading_days': 872, 'total_trades': 103, 'win_rate': 0.9029, 'net_profit_brl': 1605.0, 'avg_profit_brl': 15.58, 'avg_win_brl': 35.05, 'avg_loss_brl': -165.5, 'profit_factor': 1.9698, 'max_drawdown_pct': 4.43, 'expected_payoff': 15.58, 'on_tester_value': 362.490957}",COMPLETE
144,-999.0,2026-03-26 04:12:52.030744,2026-03-26 04:13:07.576974,0 days 00:00:15.546230,24,True,True,False,True,False,830,0.35,815,5,7,0.29000000000000004,0.65,0.1,"{'start_date': '2021-03-23', 'end_date': '2024-09-16', 'trading_days': 872, 'total_trades': 1, 'win_rate': 1.0, 'net_profit_brl': 10.0, 'avg_profit_brl': 10.0, 'avg_win_brl': 10.0, 'avg_loss_brl': 0.0, 'profit_factor': inf, 'max_drawdown_pct': 0.0, 'expected_payoff': 10.0, 'on_tester_value': 0.0}",COMPLETE
145,67.273684,2026-03-26 04:13:07.577039,2026-03-26 04:13:23.887056,0 days 00:00:16.310017,21,False,False,False,True,False,705,0.35,580,5,7,0.16,0.6,0.30000000000000004,"{'start_date': '2021-03-23', 'end_date': '2024-09-16', 'trading_days': 872, 'total_trades': 474, 'win_rate': 0.6709, 'net_profit_brl': 660.0, 'avg_profit_brl': 1.39, 'avg_win_brl': 32.77, 'avg_loss_brl': -62.56, 'profit_factor': 1.0676, 'max_drawdown_pct': 9.81, 'expected_payoff': 1.39, 'on_tester_value': 67.273684}",COMPLETE
146,-90.219579,2026-03-26 04:13:23.887163,2026-03-26 04:13:40.952922,0 days 00:00:17.065759,31,False,True,False,False,True,725,0.2,575,1,8,0.38,0.95,0.5,"{'start_date': '2021-03-23', 'end_date': '2024-09-16', 'trading_days': 872, 'total_trades': 463, 'win_rate': 0.6242, 'net_profit_brl': -2785.0, 'avg_profit_brl': -6.02, 'avg_win_brl': 54.12, 'avg_loss_brl': -105.89, 'profit_factor': 0.8488, 'max_drawdown_pct': 30.87, 'expected_payoff': -6.02, 'on_tester_value': -90.219579}",COMPLETE
147,232.185039,2026-03-26 04:13:40.952982,2026-03-26 04:13:57.220095,0 days 00:00:16.267113,34,False,True,False,True,False,765,0.4,710,3,6,0.13,0.7,0.4,"{'start_date': '2021-03-23', 'end_date': '2024-09-16', 'trading_days': 872, 'total_trades': 209, 'win_rate': 0.6746, 'net_profit_brl': 1250.0, 'avg_profit_brl': 5.98, 'avg_win_brl': 46.81, 'avg_loss_brl': -78.68, 'profit_factor': 1.2336, 'max_drawdown_pct': 5.38, 'expected_payoff': 5.98, 'on_tester_value': 232.185039}",COMPLETE
148,-30.478893,2026-03-26 04:13:57.220163,2026-03-26 04:14:14.104969,0 days 00:00:16.884806,36,True,False,True,False,True,555,0.30000000000000004,790,7,6,0.32,0.5,0.35,"{'start_date': '2021-03-23', 'end_date': '2024-09-16', 'trading_days': 872, 'total_trades': 1309, 'win_rate': 0.5829, 'net_profit_brl': -760.0, 'avg_profit_brl': -0.58, 'avg_win_brl': 39.91, 'avg_loss_brl': -57.16, 'profit_factor': 0.9756, 'max_drawdown_pct': 24.94, 'expected_payoff': -0.58, 'on_tester_value': -30.478893}",COMPLETE
149,-994.0,2026-03-26 04:14:14.105033,2026-03-26 04:14:30.318432,0 days 00:00:16.213399,38,True,False,False,True,False,650,0.4,655,6,8,0.23,1.4500000000000002,0.4,"{'start_date': '2021-03-23', 'end_date': '2024-09-16', 'trading_days': 872, 'total_trades': 6, 'win_rate': 0.8333, 'net_profit_brl': 45.0, 'avg_profit_brl': 7.5, 'avg_win_brl': 42.0, 'avg_loss_brl': -165.0, 'profit_factor': 1.2727, 'max_drawdown_pct': 1.65, 'expected_payoff': 7.5, 'on_tester_value': 27.272727}",COMPLETE
150,244.921545,2026-03-26 04:14:30.318492,2026-03-26 04:14:47.333388,0 days 00:00:17.014896,27,False,False,True,True,True,590,0.2,875,2,6,0.30000000000000004,0.6,0.2,"{'start_date': '2021-03-23', 'end_date': '2024-09-16', 'trading_days': 872, 'total_trades': 1063, 'win_rate': 0.7667, 'net_profit_brl': 1415.0, 'avg_profit_brl': 1.33, 'avg_win_brl': 22.33, 'avg_loss_brl': -67.68, 'profit_factor': 1.0843, 'max_drawdown_pct': 5.78, 'expected_payoff': 1.33, 'on_tester_value': 244.921545}",COMPLETE
151,701.367544,2026-03-26 04:14:47.333440,2026-03-26 04:15:03.453304,0 days 00:00:16.119864,39,True,False,True,True,True,640,0.30000000000000004,880,6,5,0.33999999999999997,0.65,0.2,"{'start_date': '2021-03-23', 'end_date': '2024-09-16', 'trading_days': 872, 'total_trades': 655, 'win_rate': 0.8153, 'net_profit_brl': 3490.0, 'avg_profit_brl': 5.33, 'avg_win_brl': 23.16, 'avg_loss_brl': -73.39, 'profit_factor': 1.393, 'max_drawdown_pct': 4.98, 'expected_payoff': 5.33, 'on_tester_value': 701.367544}",COMPLETE
152,152.819184,2026-03-26 04:15:03.453347,2026-03-26 04:15:19.786188,0 days 00:00:16.332841,38,True,False,True,True,True,610,0.25,850,5,5,0.39,0.6,0.35,"{'start_date': '2021-03-23', 'end_date': '2024-09-16', 'trading_days': 872, 'total_trades': 747, 'win_rate': 0.6546, 'net_profit_brl': 1685.0, 'avg_profit_brl': 2.26, 'avg_win_brl': 39.34, 'avg_loss_brl': -68.02, 'profit_factor': 1.096, 'max_drawdown_pct': 11.03, 'expected_payoff': 2.26, 'on_tester_value': 152.819184}",COMPLETE
153,37.557921,2026-03-26 04:15:19.786231,2026-03-26 04:15:36.131569,0 days 00:00:16.345338,38,True,False,True,True,True,565,0.30000000000000004,815,3,7,0.24000000000000002,0.55,0.2,"{'start_date': '2021-03-23', 'end_date': '2024-09-16', 'trading_days': 872, 'total_trades': 2166, 'win_rate': 0.7345, 'net_profit_brl': 605.0, 'avg_profit_brl': 0.28, 'avg_win_brl': 22.52, 'avg_loss_brl': -61.25, 'profit_factor': 1.0172, 'max_drawdown_pct': 16.11, 'expected_payoff': 0.28, 'on_tester_value': 37.557921}",COMPLETE
154,106.935961,2026-03-26 04:15:36.131631,2026-03-26 04:15:51.938167,0 days 00:00:15.806536,32,True,True,False,True,True,855,0.4,670,1,6,0.18,0.7,0.30000000000000004,"{'start_date': '2021-03-23', 'end_date': '2024-09-16', 'trading_days': 872, 'total_trades': 795, 'win_rate': 0.7107, 'net_profit_brl': 1080.0, 'avg_profit_brl': 1.36, 'avg_win_brl': 35.2, 'avg_loss_brl': -81.78, 'profit_factor': 1.0574, 'max_drawdown_pct': 10.1, 'expected_payoff': 1.36, 'on_tester_value': 106.935961}",COMPLETE
155,974.194565,2026-03-26 04:15:51.938241,2026-03-26 04:16:08.670402,0 days 00:00:16.732161,24,True,False,False,True,False,825,0.25,585,4,6,0.16,0.5,0.1,"{'start_date': '2021-03-23', 'end_date': '2024-09-16', 'trading_days': 872, 'total_trades': 1314, 'win_rate': 0.8896, 'net_profit_brl': 4355.0, 'avg_profit_brl': 3.31, 'avg_win_brl': 11.27, 'avg_loss_brl': -60.79, 'profit_factor': 1.494, 'max_drawdown_pct': 4.47, 'expected_payoff': 3.31, 'on_tester_value': 974.194565}",COMPLETE
156,563.888235,2026-03-26 04:16:08.670443,2026-03-26 04:16:24.477274,0 days 00:00:15.806831,14,True,False,False,True,False,825,0.30000000000000004,665,5,7,0.16,0.8,0.1,"{'start_date': '2021-03-23', 'end_date': '2024-09-16', 'trading_days': 872, 'total_trades': 485, 'win_rate': 0.9258, 'net_profit_brl': 1865.0, 'avg_profit_brl': 3.85, 'avg_win_brl': 12.51, 'avg_loss_brl': -104.17, 'profit_factor': 1.4973, 'max_drawdown_pct': 3.31, 'expected_payoff': 3.85, 'on_tester_value': 563.888235}",COMPLETE
157,545.476923,2026-03-26 04:16:24.477324,2026-03-26 04:16:40.854490,0 days 00:00:16.377166,28,True,False,True,True,True,705,0.4,860,7,5,0.35,1.1,0.35,"{'start_date': '2021-03-23', 'end_date': '2024-09-16', 'trading_days': 872, 'total_trades': 217, 'win_rate': 0.8157, 'net_profit_brl': 2560.0, 'avg_profit_brl': 11.8, 'avg_win_brl': 43.14, 'avg_loss_brl': -126.88, 'profit_factor': 1.5044, 'max_drawdown_pct': 4.69, 'expected_payoff': 11.8, 'on_tester_value': 545.476923}",COMPLETE
158,36.283759,2026-03-26 04:16:40.854556,2026-03-26 04:16:57.153007,0 days 00:00:16.298451,27,True,True,True,True,False,745,0.2,580,2,6,0.16,0.55,0.25,"{'start_date': '2021-03-23', 'end_date': '2024-09-16', 'trading_days': 872, 'total_trades': 2370, 'win_rate': 0.6907, 'net_profit_brl': 455.0, 'avg_profit_brl': 0.19, 'avg_win_brl': 28.08, 'avg_loss_brl': -62.09, 'profit_factor': 1.01, 'max_drawdown_pct': 12.54, 'expected_payoff': 0.19, 'on_tester_value': 36.283759}",COMPLETE
159,513.393865,2026-03-26 04:16:57.153077,2026-03-26 04:17:13.041562,0 days 00:00:15.888485,38,True,False,True,True,False,790,0.30000000000000004,600,5,8,0.16,0.8500000000000001,0.15000000000000002,"{'start_date': '2021-03-23', 'end_date': '2024-09-16', 'trading_days': 872, 'total_trades': 1574, 'win_rate': 0.8717, 'net_profit_brl': 3680.0, 'avg_profit_brl': 2.34, 'avg_win_brl': 17.12, 'avg_loss_brl': -98.07, 'profit_factor': 1.1858, 'max_drawdown_pct': 7.17, 'expected_payoff': 2.34, 'on_tester_value': 513.393865}",COMPLETE
160,562.89899,2026-03-26 04:17:13.041631,2026-03-26 04:17:28.627813,0 days 00:00:15.586182,28,True,False,False,True,False,805,0.15,610,4,7,0.22,0.6,0.15000000000000002,"{'start_date': '2021-03-23', 'end_date': '2024-09-16', 'trading_days': 872, 'total_trades': 683, 'win_rate': 0.8448, 'net_profit_brl': 2660.0, 'avg_profit_brl': 3.89, 'avg_win_brl': 17.09, 'avg_loss_brl': -67.92, 'profit_factor': 1.3694, 'max_drawdown_pct': 4.73, 'expected_payoff': 3.89, 'on_tester_value': 562.89899}",COMPLETE
161,169.622535,2026-03-26 04:17:28.627898,2026-03-26 04:17:45.104577,0 days 00:00:16.476679,36,True,False,True,True,True,690,0.2,885,4,7,0.32,0.6,0.35,"{'start_date': '2021-03-23', 'end_date': '2024-09-16', 'trading_days': 872, 'total_trades': 373, 'win_rate': 0.6434, 'net_profit_brl': 1040.0, 'avg_profit_brl': 2.79, 'avg_win_brl': 42.19, 'avg_loss_brl': -68.31, 'profit_factor': 1.1145, 'max_drawdown_pct': 6.13, 'expected_payoff': 2.79, 'on_tester_value': 169.622535}",COMPLETE
162,1.933019,2026-03-26 04:17:45.104642,2026-03-26 04:18:01.507923,0 days 00:00:16.403281,25,True,False,True,False,True,675,0.25,885,1,7,0.37,0.7,0.2,"{'start_date': '2021-03-23', 'end_date': '2024-09-16', 'trading_days': 872, 'total_trades': 279, 'win_rate': 0.7849, 'net_profit_brl': 15.0, 'avg_profit_brl': 0.05, 'avg_win_brl': 23.93, 'avg_loss_brl': -87.08, 'profit_factor': 1.0029, 'max_drawdown_pct': 7.76, 'expected_payoff': 0.05, 'on_tester_value': 1.933019}",COMPLETE
163,222.681818,2026-03-26 04:18:01.507961,2026-03-26 04:18:17.322956,0 days 00:00:15.814995,34,False,False,False,True,False,700,0.25,625,5,7,0.28,1.4500000000000002,0.15000000000000002,"{'start_date': '2021-03-23', 'end_date': '2024-09-16', 'trading_days': 872, 'total_trades': 136, 'win_rate': 0.9412, 'net_profit_brl': 805.0, 'avg_profit_brl': 5.92, 'avg_win_brl': 15.94, 'avg_loss_brl': -154.38, 'profit_factor': 1.6518, 'max_drawdown_pct': 3.62, 'expected_payoff': 5.92, 'on_tester_value': 222.681818}",COMPLETE
164,151.977119,2026-03-26 04:18:17.323011,2026-03-26 04:18:33.682307,0 days 00:00:16.359296,38,True,False,False,True,False,825,0.2,545,2,8,0.15000000000000002,0.55,0.35,"{'start_date': '2021-03-23', 'end_date': '2024-09-16', 'trading_days': 872, 'total_trades': 2305, 'win_rate': 0.6204, 'net_profit_brl': 1925.0, 'avg_profit_brl': 0.84, 'avg_win_brl': 38.67, 'avg_loss_brl': -61.01, 'profit_factor': 1.0361, 'max_drawdown_pct': 12.67, 'expected_payoff': 0.84, 'on_tester_value': 151.977119}",COMPLETE
165,45.684656,2026-03-26 04:18:33.682373,2026-03-26 04:18:49.645926,0 days 00:00:15.963553,36,False,True,False,False,True,895,0.30000000000000004,635,2,8,0.37,0.95,0.25,"{'start_date': '2021-03-23', 'end_date': '2024-09-16', 'trading_days': 872, 'total_trades': 304, 'win_rate': 0.8026, 'net_profit_brl': 430.0, 'avg_profit_brl': 1.41, 'avg_win_brl': 28.24, 'avg_loss_brl': -107.67, 'profit_factor': 1.0666, 'max_drawdown_pct': 9.41, 'expected_payoff': 1.41, 'on_tester_value': 45.684656}",COMPLETE
166,-37.010129,2026-03-26 04:18:49.645965,2026-03-26 04:19:05.022254,0 days 00:00:15.376289,33,False,False,False,True,False,835,0.35,685,2,8,0.11,0.6,0.45000000000000007,"{'start_date': '2021-03-23', 'end_date': '2024-09-16', 'trading_days': 872, 'total_trades': 279, 'win_rate': 0.5663, 'net_profit_brl': -415.0, 'avg_profit_brl': -1.49, 'avg_win_brl': 50.06, 'avg_loss_brl': -68.8, 'profit_factor': 0.9502, 'max_drawdown_pct': 11.21, 'expected_payoff': -1.49, 'on_tester_value': -37.010129}",COMPLETE
167,76.53685,2026-03-26 04:19:05.022296,2026-03-26 04:19:21.042949,0 days 00:00:16.020653,28,True,False,False,True,False,850,0.35,555,5,6,0.21000000000000002,0.75,0.1,"{'start_date': '2021-03-23', 'end_date': '2024-09-16', 'trading_days': 872, 'total_trades': 1241, 'win_rate': 0.9009, 'net_profit_brl': 1275.0, 'avg_profit_brl': 1.03, 'avg_win_brl': 11.13, 'avg_loss_brl': -90.81, 'profit_factor': 1.1141, 'max_drawdown_pct': 16.66, 'expected_payoff': 1.03, 'on_tester_value': 76.53685}",COMPLETE
168,655.33245,2026-03-26 04:19:21.042989,2026-03-26 04:19:36.768499,0 days 00:00:15.725510,40,False,True,False,True,False,725,0.30000000000000004,570,11,6,0.18,0.8500000000000001,0.2,"{'start_date': '2021-03-23', 'end_date': '2024-09-16', 'trading_days': 872, 'total_trades': 1068, 'win_rate': 0.8361, 'net_profit_brl': 3680.0, 'avg_profit_brl': 3.45, 'avg_win_brl': 21.79, 'avg_loss_brl': -90.14, 'profit_factor': 1.2333, 'max_drawdown_pct': 5.62, 'expected_payoff': 3.45, 'on_tester_value': 655.33245}",COMPLETE
169,586.529801,2026-03-26 04:19:36.768565,2026-03-26 04:19:51.905340,0 days 00:00:15.136775,32,False,True,False,True,False,780,0.4,605,13,5,0.16,1.1,0.2,"{'start_date': '2021-03-23', 'end_date': '2024-09-16', 'trading_days': 872, 'total_trades': 792, 'win_rate': 0.8801, 'net_profit_brl': 4350.0, 'avg_profit_brl': 5.49, 'avg_win_brl': 22.59, 'avg_loss_brl': -119.95, 'profit_factor': 1.3817, 'max_drawdown_pct': 7.42, 'expected_payoff': 5.49, 'on_tester_value': 586.529801}",COMPLETE
