number,value,datetime_start,datetime_complete,duration,params_ATR_Length,params_AllowFriday,params_AllowMonday,params_AllowThursday,params_AllowTuesday,params_AllowWednesday,params_EntryStart_TotalMinutes,params_FilterAsPercOfContractMARange,params_LastEntry_TotalMinutes,params_MinutesBeforeMarketCloseToClosePositions,params_NumDaysToConsiderPreviousContractMARange,params_RetracementLevel,params_SL_ATRMultiplier,params_TP_ATRMultiplier,user_attrs_train_metrics,state
298,280.570213,2026-03-26 04:56:41.513157,2026-03-26 04:56:56.194506,0 days 00:00:14.681349,34,True,True,False,True,False,760,0.30000000000000004,660,7,7,0.14,0.6,0.5,"{'start_date': '2021-03-23', 'end_date': '2024-09-16', 'trading_days': 872, 'total_trades': 672, 'win_rate': 0.5714, 'net_profit_brl': 2160.0, 'avg_profit_brl': 3.21, 'avg_win_brl': 57.7, 'avg_loss_brl': -69.43, 'profit_factor': 1.108, 'max_drawdown_pct': 7.7, 'expected_payoff': 3.21, 'on_tester_value': 280.570213}",COMPLETE
299,384.56,2026-03-26 04:56:56.194543,2026-03-26 04:57:10.833819,0 days 00:00:14.639276,25,False,True,True,True,True,695,0.15,840,14,6,0.35,1.1,0.35,"{'start_date': '2021-03-23', 'end_date': '2024-09-16', 'trading_days': 872, 'total_trades': 244, 'win_rate': 0.7992, 'net_profit_brl': 2185.0, 'avg_profit_brl': 8.95, 'avg_win_brl': 42.36, 'avg_loss_brl': -123.98, 'profit_factor': 1.3597, 'max_drawdown_pct': 5.68, 'expected_payoff': 8.95, 'on_tester_value': 384.56}",COMPLETE
