number,value,datetime_start,datetime_complete,duration,params_ATR_Length,params_AllowFriday,params_AllowMonday,params_AllowThursday,params_AllowTuesday,params_AllowWednesday,params_EntryStart_TotalMinutes,params_FilterAsPercOfContractMARange,params_LastEntry_TotalMinutes,params_MinutesBeforeMarketCloseToClosePositions,params_NumDaysToConsiderPreviousContractMARange,params_RetracementLevel,params_SL_ATRMultiplier,params_TP_ATRMultiplier,user_attrs_train_metrics,state
170,647.51281,2026-03-26 04:19:51.905404,2026-03-26 04:20:07.774450,0 days 00:00:15.869046,39,False,True,False,True,False,705,0.30000000000000004,560,11,3,0.24000000000000002,0.95,0.25,"{'start_date': '2021-03-23', 'end_date': '2024-09-16', 'trading_days': 872, 'total_trades': 862, 'win_rate': 0.819, 'net_profit_brl': 3835.0, 'avg_profit_brl': 4.45, 'avg_win_brl': 27.36, 'avg_loss_brl': -99.23, 'profit_factor': 1.2477, 'max_drawdown_pct': 5.92, 'expected_payoff': 4.45, 'on_tester_value': 647.51281}",COMPLETE
171,28.839706,2026-03-26 04:20:07.774522,2026-03-26 04:20:23.880479,0 days 00:00:16.105957,37,False,True,False,True,False,580,0.4,545,13,3,0.23,0.95,0.25,"{'start_date': '2021-03-23', 'end_date': '2024-09-16', 'trading_days': 872, 'total_trades': 146, 'win_rate': 0.7877, 'net_profit_brl': 225.0, 'avg_profit_brl': 1.54, 'avg_win_brl': 29.22, 'avg_loss_brl': -101.13, 'profit_factor': 1.0718, 'max_drawdown_pct': 7.8, 'expected_payoff': 1.54, 'on_tester_value': 28.839706}",COMPLETE
172,392.670085,2026-03-26 04:20:23.880541,2026-03-26 04:20:40.218098,0 days 00:00:16.337557,35,False,True,False,True,False,735,0.2,555,6,3,0.23,1.0,0.30000000000000004,"{'start_date': '2021-03-23', 'end_date': '2024-09-16', 'trading_days': 872, 'total_trades': 1229, 'win_rate': 0.7917, 'net_profit_brl': 4480.0, 'avg_profit_brl': 3.65, 'avg_win_brl': 32.55, 'avg_loss_brl': -106.21, 'profit_factor': 1.1648, 'max_drawdown_pct': 11.41, 'expected_payoff': 3.65, 'on_tester_value': 392.670085}",COMPLETE
173,46.800746,2026-03-26 04:20:40.218139,2026-03-26 04:20:57.209102,0 days 00:00:16.990963,35,False,True,False,True,False,600,0.4,545,7,7,0.16,0.8,0.15000000000000002,"{'start_date': '2021-03-23', 'end_date': '2024-09-16', 'trading_days': 872, 'total_trades': 389, 'win_rate': 0.8586, 'net_profit_brl': 310.0, 'avg_profit_brl': 0.8, 'avg_win_brl': 16.63, 'avg_loss_brl': -95.36, 'profit_factor': 1.0591, 'max_drawdown_pct': 6.62, 'expected_payoff': 0.8, 'on_tester_value': 46.800746}",COMPLETE
174,168.826389,2026-03-26 04:20:57.209168,2026-03-26 04:21:12.858843,0 days 00:00:15.649675,39,False,True,False,True,False,765,0.25,630,12,7,0.28,0.8500000000000001,0.15000000000000002,"{'start_date': '2021-03-23', 'end_date': '2024-09-16', 'trading_days': 872, 'total_trades': 330, 'win_rate': 0.8848, 'net_profit_brl': 1150.0, 'avg_profit_brl': 3.48, 'avg_win_brl': 16.49, 'avg_loss_brl': -96.45, 'profit_factor': 1.3138, 'max_drawdown_pct': 6.81, 'expected_payoff': 3.48, 'on_tester_value': 168.826389}",COMPLETE
175,528.958468,2026-03-26 04:21:12.858905,2026-03-26 04:21:28.941851,0 days 00:00:16.082946,23,True,True,True,True,True,850,0.4,670,7,8,0.27,0.7,0.2,"{'start_date': '2021-03-23', 'end_date': '2024-09-16', 'trading_days': 872, 'total_trades': 631, 'win_rate': 0.8241, 'net_profit_brl': 3055.0, 'avg_profit_brl': 4.84, 'avg_win_brl': 24.07, 'avg_loss_brl': -85.23, 'profit_factor': 1.3229, 'max_drawdown_pct': 5.78, 'expected_payoff': 4.84, 'on_tester_value': 528.958468}",COMPLETE
176,731.51831,2026-03-26 04:21:28.941917,2026-03-26 04:21:45.644133,0 days 00:00:16.702216,34,False,True,True,True,True,635,0.30000000000000004,890,7,4,0.33999999999999997,0.8500000000000001,0.30000000000000004,"{'start_date': '2021-03-23', 'end_date': '2024-09-16', 'trading_days': 872, 'total_trades': 703, 'win_rate': 0.7781, 'net_profit_brl': 4045.0, 'avg_profit_brl': 5.75, 'avg_win_brl': 34.67, 'avg_loss_brl': -95.64, 'profit_factor': 1.2711, 'max_drawdown_pct': 5.53, 'expected_payoff': 5.75, 'on_tester_value': 731.51831}",COMPLETE
177,162.904938,2026-03-26 04:21:45.644228,2026-03-26 04:22:01.791266,0 days 00:00:16.147038,39,False,False,False,True,False,735,0.25,685,6,8,0.21000000000000002,0.75,0.6,"{'start_date': '2021-03-23', 'end_date': '2024-09-16', 'trading_days': 872, 'total_trades': 58, 'win_rate': 0.6207, 'net_profit_brl': 635.0, 'avg_profit_brl': 10.95, 'avg_win_brl': 67.64, 'avg_loss_brl': -81.82, 'profit_factor': 1.3528, 'max_drawdown_pct': 3.9, 'expected_payoff': 10.95, 'on_tester_value': 162.904938}",COMPLETE
178,63.510791,2026-03-26 04:22:01.791388,2026-03-26 04:22:17.279021,0 days 00:00:15.487633,34,False,True,True,True,True,670,0.4,850,7,3,0.38,0.95,0.25,"{'start_date': '2021-03-23', 'end_date': '2024-09-16', 'trading_days': 872, 'total_trades': 305, 'win_rate': 0.7967, 'net_profit_brl': 400.0, 'avg_profit_brl': 1.31, 'avg_win_brl': 29.84, 'avg_loss_brl': -110.48, 'profit_factor': 1.0584, 'max_drawdown_pct': 6.3, 'expected_payoff': 1.31, 'on_tester_value': 63.510791}",COMPLETE
179,491.247692,2026-03-26 04:22:17.279085,2026-03-26 04:22:34.148517,0 days 00:00:16.869432,32,False,True,True,True,True,655,0.2,825,4,6,0.30000000000000004,1.05,0.4,"{'start_date': '2021-03-23', 'end_date': '2024-09-16', 'trading_days': 872, 'total_trades': 535, 'win_rate': 0.757, 'net_profit_brl': 3060.0, 'avg_profit_brl': 5.72, 'avg_win_brl': 46.42, 'avg_loss_brl': -121.08, 'profit_factor': 1.1944, 'max_drawdown_pct': 6.23, 'expected_payoff': 5.72, 'on_tester_value': 491.247692}",COMPLETE
180,243.430556,2026-03-26 04:22:34.148587,2026-03-26 04:22:49.964882,0 days 00:00:15.816295,35,False,True,False,False,False,770,0.45000000000000007,615,12,6,0.17,0.65,0.4,"{'start_date': '2021-03-23', 'end_date': '2024-09-16', 'trading_days': 872, 'total_trades': 278, 'win_rate': 0.6439, 'net_profit_brl': 850.0, 'avg_profit_brl': 3.06, 'avg_win_brl': 45.98, 'avg_loss_brl': -74.55, 'profit_factor': 1.1152, 'max_drawdown_pct': 3.49, 'expected_payoff': 3.06, 'on_tester_value': 243.430556}",COMPLETE
181,773.240541,2026-03-26 04:22:49.964937,2026-03-26 04:23:06.472040,0 days 00:00:16.507103,32,False,True,True,True,True,600,0.2,890,6,4,0.32,0.8,0.2,"{'start_date': '2021-03-23', 'end_date': '2024-09-16', 'trading_days': 872, 'total_trades': 1166, 'win_rate': 0.8268, 'net_profit_brl': 3410.0, 'avg_profit_brl': 2.92, 'avg_win_brl': 22.47, 'avg_loss_brl': -90.35, 'profit_factor': 1.1868, 'max_drawdown_pct': 4.41, 'expected_payoff': 2.92, 'on_tester_value': 773.240541}",COMPLETE
182,-29.588235,2026-03-26 04:23:06.472102,2026-03-26 04:23:23.037077,0 days 00:00:16.564975,36,False,True,True,True,True,570,0.2,835,4,3,0.4,0.55,0.15000000000000002,"{'start_date': '2021-03-23', 'end_date': '2024-09-16', 'trading_days': 872, 'total_trades': 1247, 'win_rate': 0.7875, 'net_profit_brl': -425.0, 'avg_profit_brl': -0.34, 'avg_win_brl': 16.41, 'avg_loss_brl': -62.4, 'profit_factor': 0.9743, 'max_drawdown_pct': 14.36, 'expected_payoff': -0.34, 'on_tester_value': -29.588235}",COMPLETE
183,90.149051,2026-03-26 04:23:23.037145,2026-03-26 04:23:38.806822,0 days 00:00:15.769677,24,True,False,False,True,False,810,0.25,585,6,5,0.11,0.5,0.1,"{'start_date': '2021-03-23', 'end_date': '2024-09-16', 'trading_days': 872, 'total_trades': 1720, 'win_rate': 0.8599, 'net_profit_brl': 1345.0, 'avg_profit_brl': 0.78, 'avg_win_brl': 11.13, 'avg_loss_brl': -62.74, 'profit_factor': 1.089, 'max_drawdown_pct': 14.92, 'expected_payoff': 0.78, 'on_tester_value': 90.149051}",COMPLETE
184,957.612992,2026-03-26 04:23:38.806891,2026-03-26 04:23:56.278437,0 days 00:00:17.471546,33,False,True,True,True,True,615,0.2,850,9,3,0.33,0.8,0.25,"{'start_date': '2021-03-23', 'end_date': '2024-09-16', 'trading_days': 872, 'total_trades': 887, 'win_rate': 0.7948, 'net_profit_brl': 4155.0, 'avg_profit_brl': 4.68, 'avg_win_brl': 28.5, 'avg_loss_brl': -87.58, 'profit_factor': 1.2607, 'max_drawdown_pct': 4.34, 'expected_payoff': 4.68, 'on_tester_value': 957.612992}",COMPLETE
185,547.772327,2026-03-26 04:23:56.278484,2026-03-26 04:24:12.221595,0 days 00:00:15.943111,40,False,True,False,True,True,730,0.45000000000000007,600,11,6,0.14,0.8,0.2,"{'start_date': '2021-03-23', 'end_date': '2024-09-16', 'trading_days': 872, 'total_trades': 1132, 'win_rate': 0.826, 'net_profit_brl': 3245.0, 'avg_profit_brl': 2.87, 'avg_win_brl': 22.05, 'avg_loss_brl': -88.17, 'profit_factor': 1.1868, 'max_drawdown_pct': 5.92, 'expected_payoff': 2.87, 'on_tester_value': 547.772327}",COMPLETE
186,48.069702,2026-03-26 04:24:12.221657,2026-03-26 04:24:29.003587,0 days 00:00:16.781930,37,False,True,True,True,True,550,0.45000000000000007,885,3,3,0.30000000000000004,0.5,0.65,"{'start_date': '2021-03-23', 'end_date': '2024-09-16', 'trading_days': 872, 'total_trades': 1263, 'win_rate': 0.4394, 'net_profit_brl': 1140.0, 'avg_profit_brl': 0.9, 'avg_win_brl': 73.99, 'avg_loss_brl': -56.39, 'profit_factor': 1.0286, 'max_drawdown_pct': 23.72, 'expected_payoff': 0.9, 'on_tester_value': 48.069702}",COMPLETE
187,227.325562,2026-03-26 04:24:29.003634,2026-03-26 04:24:45.244454,0 days 00:00:16.240820,36,False,True,True,True,True,670,0.2,865,12,4,0.22,0.8,0.2,"{'start_date': '2021-03-23', 'end_date': '2024-09-16', 'trading_days': 872, 'total_trades': 727, 'win_rate': 0.8239, 'net_profit_brl': 1915.0, 'avg_profit_brl': 2.63, 'avg_win_brl': 23.25, 'avg_loss_brl': -93.83, 'profit_factor': 1.1595, 'max_drawdown_pct': 8.42, 'expected_payoff': 2.63, 'on_tester_value': 227.325562}",COMPLETE
188,173.487273,2026-03-26 04:24:45.244504,2026-03-26 04:25:01.908942,0 days 00:00:16.664438,40,False,True,False,True,True,565,0.2,895,3,5,0.32,1.0,0.15000000000000002,"{'start_date': '2021-03-23', 'end_date': '2024-09-16', 'trading_days': 872, 'total_trades': 1355, 'win_rate': 0.8804, 'net_profit_brl': 1620.0, 'avg_profit_brl': 1.2, 'avg_win_brl': 16.38, 'avg_loss_brl': -110.62, 'profit_factor': 1.0904, 'max_drawdown_pct': 9.34, 'expected_payoff': 1.2, 'on_tester_value': 173.487273}",COMPLETE
189,471.0375,2026-03-26 04:25:01.909010,2026-03-26 04:25:17.118544,0 days 00:00:15.209534,33,False,True,False,True,True,650,0.2,780,12,3,0.30000000000000004,0.8,0.1,"{'start_date': '2021-03-23', 'end_date': '2024-09-16', 'trading_days': 872, 'total_trades': 348, 'win_rate': 0.9282, 'net_profit_brl': 1325.0, 'avg_profit_brl': 3.81, 'avg_win_brl': 11.21, 'avg_loss_brl': -91.8, 'profit_factor': 1.5773, 'max_drawdown_pct': 2.81, 'expected_payoff': 3.81, 'on_tester_value': 471.0375}",COMPLETE
190,622.004717,2026-03-26 04:25:17.118594,2026-03-26 04:25:33.736209,0 days 00:00:16.617615,32,False,False,True,True,True,640,0.2,895,8,4,0.37,0.8500000000000001,0.30000000000000004,"{'start_date': '2021-03-23', 'end_date': '2024-09-16', 'trading_days': 872, 'total_trades': 464, 'win_rate': 0.7802, 'net_profit_brl': 2950.0, 'avg_profit_brl': 6.36, 'avg_win_brl': 34.88, 'avg_loss_brl': -94.85, 'profit_factor': 1.3049, 'max_drawdown_pct': 4.74, 'expected_payoff': 6.36, 'on_tester_value': 622.004717}",COMPLETE
191,693.28506,2026-03-26 04:25:33.736269,2026-03-26 04:25:50.835069,0 days 00:00:17.098800,37,True,True,True,True,True,600,0.25,835,5,4,0.30000000000000004,0.8,0.30000000000000004,"{'start_date': '2021-03-23', 'end_date': '2024-09-16', 'trading_days': 872, 'total_trades': 1448, 'win_rate': 0.7597, 'net_profit_brl': 5865.0, 'avg_profit_brl': 4.05, 'avg_win_brl': 34.0, 'avg_loss_brl': -90.63, 'profit_factor': 1.186, 'max_drawdown_pct': 8.46, 'expected_payoff': 4.05, 'on_tester_value': 693.28506}",COMPLETE
192,271.54717,2026-03-26 04:25:50.835136,2026-03-26 04:26:08.106749,0 days 00:00:17.271613,34,True,True,True,True,True,605,0.30000000000000004,855,7,3,0.39,0.95,0.7000000000000001,"{'start_date': '2021-03-23', 'end_date': '2024-09-16', 'trading_days': 872, 'total_trades': 957, 'win_rate': 0.5893, 'net_profit_brl': 3360.0, 'avg_profit_brl': 3.51, 'avg_win_brl': 80.4, 'avg_loss_brl': -106.83, 'profit_factor': 1.08, 'max_drawdown_pct': 12.37, 'expected_payoff': 3.51, 'on_tester_value': 271.54717}",COMPLETE
193,245.740957,2026-03-26 04:26:08.106807,2026-03-26 04:26:24.364754,0 days 00:00:16.257947,30,False,True,True,True,True,705,0.2,805,6,3,0.36,0.95,0.2,"{'start_date': '2021-03-23', 'end_date': '2024-09-16', 'trading_days': 872, 'total_trades': 142, 'win_rate': 0.8873, 'net_profit_brl': 1085.0, 'avg_profit_brl': 7.64, 'avg_win_brl': 22.82, 'avg_loss_brl': -111.88, 'profit_factor': 1.6061, 'max_drawdown_pct': 4.42, 'expected_payoff': 7.64, 'on_tester_value': 245.740957}",COMPLETE
194,194.548985,2026-03-26 04:26:24.364799,2026-03-26 04:26:40.644570,0 days 00:00:16.279771,40,True,False,True,True,True,670,0.30000000000000004,895,7,5,0.24000000000000002,0.75,0.2,"{'start_date': '2021-03-23', 'end_date': '2024-09-16', 'trading_days': 872, 'total_trades': 699, 'win_rate': 0.814, 'net_profit_brl': 1735.0, 'avg_profit_brl': 2.48, 'avg_win_brl': 23.46, 'avg_loss_brl': -89.35, 'profit_factor': 1.1494, 'max_drawdown_pct': 8.92, 'expected_payoff': 2.48, 'on_tester_value': 194.548985}",COMPLETE
195,910.786014,2026-03-26 04:26:40.644635,2026-03-26 04:26:57.956320,0 days 00:00:17.311685,39,True,True,True,True,True,580,0.30000000000000004,830,3,5,0.33999999999999997,0.9,0.2,"{'start_date': '2021-03-23', 'end_date': '2024-09-16', 'trading_days': 872, 'total_trades': 1503, 'win_rate': 0.8456, 'net_profit_brl': 5680.0, 'avg_profit_brl': 3.78, 'avg_win_brl': 22.61, 'avg_loss_brl': -99.38, 'profit_factor': 1.2464, 'max_drawdown_pct': 6.24, 'expected_payoff': 3.78, 'on_tester_value': 910.786014}",COMPLETE
196,292.874615,2026-03-26 04:26:57.956386,2026-03-26 04:27:14.942901,0 days 00:00:16.986515,36,True,True,True,True,False,585,0.30000000000000004,850,2,5,0.35,0.8,0.15000000000000002,"{'start_date': '2021-03-23', 'end_date': '2024-09-16', 'trading_days': 872, 'total_trades': 1087, 'win_rate': 0.862, 'net_profit_brl': 2495.0, 'avg_profit_brl': 2.3, 'avg_win_brl': 17.13, 'avg_loss_brl': -90.4, 'profit_factor': 1.184, 'max_drawdown_pct': 8.52, 'expected_payoff': 2.3, 'on_tester_value': 292.874615}",COMPLETE
197,590.285294,2026-03-26 04:27:14.942970,2026-03-26 04:27:34.445186,0 days 00:00:19.502216,37,True,True,True,True,True,625,0.15,820,4,4,0.26,0.8,0.4,"{'start_date': '2021-03-23', 'end_date': '2024-09-16', 'trading_days': 872, 'total_trades': 1213, 'win_rate': 0.6941, 'net_profit_brl': 4655.0, 'avg_profit_brl': 3.84, 'avg_win_brl': 45.55, 'avg_loss_brl': -90.84, 'profit_factor': 1.1381, 'max_drawdown_pct': 7.89, 'expected_payoff': 3.84, 'on_tester_value': 590.285294}",COMPLETE
198,924.37449,2026-03-26 04:27:34.445302,2026-03-26 04:27:52.654248,0 days 00:00:18.208946,35,True,True,False,True,True,590,0.35,800,3,4,0.33,0.55,0.6,"{'start_date': '2021-03-23', 'end_date': '2024-09-16', 'trading_days': 872, 'total_trades': 977, 'win_rate': 0.5159, 'net_profit_brl': 5585.0, 'avg_profit_brl': 5.72, 'avg_win_brl': 68.76, 'avg_loss_brl': -61.46, 'profit_factor': 1.1921, 'max_drawdown_pct': 6.04, 'expected_payoff': 5.72, 'on_tester_value': 924.37449}",COMPLETE
199,293.8175,2026-03-26 04:27:52.654378,2026-03-26 04:28:12.124768,0 days 00:00:19.470390,38,True,True,True,True,True,580,0.35,880,5,6,0.39,0.9,0.1,"{'start_date': '2021-03-23', 'end_date': '2024-09-16', 'trading_days': 872, 'total_trades': 1240, 'win_rate': 0.9258, 'net_profit_brl': 2785.0, 'avg_profit_brl': 2.25, 'avg_win_brl': 11.21, 'avg_loss_brl': -109.62, 'profit_factor': 1.2762, 'max_drawdown_pct': 9.48, 'expected_payoff': 2.25, 'on_tester_value': 293.8175}",COMPLETE
200,653.373494,2026-03-26 04:28:12.124841,2026-03-26 04:28:30.496064,0 days 00:00:18.371223,39,True,True,False,True,True,585,0.35,780,2,5,0.33999999999999997,0.7,0.75,"{'start_date': '2021-03-23', 'end_date': '2024-09-16', 'trading_days': 872, 'total_trades': 935, 'win_rate': 0.5176, 'net_profit_brl': 5610.0, 'avg_profit_brl': 6.0, 'avg_win_brl': 84.24, 'avg_loss_brl': -77.96, 'profit_factor': 1.1596, 'max_drawdown_pct': 8.59, 'expected_payoff': 6.0, 'on_tester_value': 653.373494}",COMPLETE
201,645.21,2026-03-26 04:28:30.496105,2026-03-26 04:28:48.234305,0 days 00:00:17.738200,32,False,True,True,True,False,585,0.2,890,6,5,0.28,0.9,0.4,"{'start_date': '2021-03-23', 'end_date': '2024-09-16', 'trading_days': 872, 'total_trades': 1186, 'win_rate': 0.7243, 'net_profit_brl': 6030.0, 'avg_profit_brl': 5.08, 'avg_win_brl': 44.91, 'avg_loss_brl': -99.53, 'profit_factor': 1.1853, 'max_drawdown_pct': 9.35, 'expected_payoff': 5.08, 'on_tester_value': 645.21}",COMPLETE
202,293.18966,2026-03-26 04:28:48.234346,2026-03-26 04:29:05.372218,0 days 00:00:17.137872,40,False,True,False,False,True,730,0.30000000000000004,585,3,7,0.13,1.35,0.35,"{'start_date': '2021-03-23', 'end_date': '2024-09-16', 'trading_days': 872, 'total_trades': 1194, 'win_rate': 0.8132, 'net_profit_brl': 3655.0, 'avg_profit_brl': 3.06, 'avg_win_brl': 38.2, 'avg_loss_brl': -149.96, 'profit_factor': 1.1093, 'max_drawdown_pct': 12.47, 'expected_payoff': 3.06, 'on_tester_value': 293.18966}",COMPLETE
203,866.234432,2026-03-26 04:29:05.372275,2026-03-26 04:29:23.982420,0 days 00:00:18.610145,26,False,True,True,True,True,575,0.25,835,7,4,0.27,0.8500000000000001,0.55,"{'start_date': '2021-03-23', 'end_date': '2024-09-16', 'trading_days': 872, 'total_trades': 1755, 'win_rate': 0.6382, 'net_profit_brl': 9325.0, 'avg_profit_brl': 5.31, 'avg_win_brl': 61.92, 'avg_loss_brl': -94.52, 'profit_factor': 1.1554, 'max_drawdown_pct': 10.76, 'expected_payoff': 5.31, 'on_tester_value': 866.234432}",COMPLETE
204,307.395109,2026-03-26 04:29:23.982500,2026-03-26 04:29:44.686819,0 days 00:00:20.704319,36,False,True,False,True,True,835,0.2,570,1,8,0.21000000000000002,1.25,0.15000000000000002,"{'start_date': '2021-03-23', 'end_date': '2024-09-16', 'trading_days': 872, 'total_trades': 1829, 'win_rate': 0.9087, 'net_profit_brl': 3395.0, 'avg_profit_brl': 1.86, 'avg_win_brl': 16.31, 'avg_loss_brl': -141.98, 'profit_factor': 1.1432, 'max_drawdown_pct': 11.04, 'expected_payoff': 1.86, 'on_tester_value': 307.395109}",COMPLETE
205,-6.366876,2026-03-26 04:29:44.686883,2026-03-26 04:30:05.251073,0 days 00:00:20.564190,31,False,True,True,True,True,560,0.30000000000000004,805,8,3,0.19,0.75,0.55,"{'start_date': '2021-03-23', 'end_date': '2024-09-16', 'trading_days': 872, 'total_trades': 2647, 'win_rate': 0.5746, 'net_profit_brl': -165.0, 'avg_profit_brl': -0.06, 'avg_win_brl': 61.34, 'avg_loss_brl': -83.0, 'profit_factor': 0.9982, 'max_drawdown_pct': 25.92, 'expected_payoff': -0.06, 'on_tester_value': -6.366876}",COMPLETE
206,213.736306,2026-03-26 04:30:05.251146,2026-03-26 04:30:24.908588,0 days 00:00:19.657442,33,False,True,False,True,True,630,0.30000000000000004,725,1,5,0.36,0.55,0.5,"{'start_date': '2021-03-23', 'end_date': '2024-09-16', 'trading_days': 872, 'total_trades': 295, 'win_rate': 0.5763, 'net_profit_brl': 1540.0, 'avg_profit_brl': 5.22, 'avg_win_brl': 54.26, 'avg_loss_brl': -61.48, 'profit_factor': 1.2004, 'max_drawdown_pct': 7.21, 'expected_payoff': 5.22, 'on_tester_value': 213.736306}",COMPLETE
207,139.171186,2026-03-26 04:30:24.908654,2026-03-26 04:30:45.500855,0 days 00:00:20.592201,39,False,True,False,True,True,875,0.30000000000000004,650,3,6,0.14,1.4,0.5,"{'start_date': '2021-03-23', 'end_date': '2024-09-16', 'trading_days': 872, 'total_trades': 1098, 'win_rate': 0.7505, 'net_profit_brl': 3140.0, 'avg_profit_brl': 2.86, 'avg_win_brl': 55.98, 'avg_loss_brl': -156.88, 'profit_factor': 1.073, 'max_drawdown_pct': 22.56, 'expected_payoff': 2.86, 'on_tester_value': 139.171186}",COMPLETE
208,667.982237,2026-03-26 04:30:45.500958,2026-03-26 04:31:04.843848,0 days 00:00:19.342890,28,False,True,True,True,True,610,0.30000000000000004,870,3,4,0.31,0.8500000000000001,0.30000000000000004,"{'start_date': '2021-03-23', 'end_date': '2024-09-16', 'trading_days': 872, 'total_trades': 1018, 'win_rate': 0.7623, 'net_profit_brl': 3830.0, 'avg_profit_brl': 3.76, 'avg_win_brl': 34.49, 'avg_loss_brl': -94.77, 'profit_factor': 1.167, 'max_drawdown_pct': 5.73, 'expected_payoff': 3.76, 'on_tester_value': 667.982237}",COMPLETE
209,482.55974,2026-03-26 04:31:04.843908,2026-03-26 04:31:22.956475,0 days 00:00:18.112567,36,True,True,False,True,True,635,0.30000000000000004,770,3,3,0.32,0.55,0.55,"{'start_date': '2021-03-23', 'end_date': '2024-09-16', 'trading_days': 872, 'total_trades': 527, 'win_rate': 0.5465, 'net_profit_brl': 3165.0, 'avg_profit_brl': 6.01, 'avg_win_brl': 62.22, 'avg_loss_brl': -61.74, 'profit_factor': 1.2145, 'max_drawdown_pct': 6.56, 'expected_payoff': 6.01, 'on_tester_value': 482.55974}",COMPLETE
210,365.503003,2026-03-26 04:31:22.956538,2026-03-26 04:31:41.276039,0 days 00:00:18.319501,39,True,True,True,True,True,550,0.25,880,5,5,0.26,1.15,0.15000000000000002,"{'start_date': '2021-03-23', 'end_date': '2024-09-16', 'trading_days': 872, 'total_trades': 3258, 'win_rate': 0.8987, 'net_profit_brl': 6105.0, 'avg_profit_brl': 1.87, 'avg_win_brl': 16.69, 'avg_loss_brl': -129.56, 'profit_factor': 1.1428, 'max_drawdown_pct': 16.7, 'expected_payoff': 1.87, 'on_tester_value': 365.503003}",COMPLETE
211,89.772075,2026-03-26 04:31:41.276122,2026-03-26 04:31:58.707666,0 days 00:00:17.431544,29,False,True,True,True,True,675,0.30000000000000004,835,1,3,0.22,0.8500000000000001,0.25,"{'start_date': '2021-03-23', 'end_date': '2024-09-16', 'trading_days': 872, 'total_trades': 606, 'win_rate': 0.7855, 'net_profit_brl': 1135.0, 'avg_profit_brl': 1.87, 'avg_win_brl': 29.54, 'avg_loss_brl': -99.42, 'profit_factor': 1.0878, 'max_drawdown_pct': 12.64, 'expected_payoff': 1.87, 'on_tester_value': 89.772075}",COMPLETE
212,327.639286,2026-03-26 04:31:58.707722,2026-03-26 04:32:15.983913,0 days 00:00:17.276191,30,False,True,False,True,False,765,0.25,605,1,7,0.16,0.65,0.45000000000000007,"{'start_date': '2021-03-23', 'end_date': '2024-09-16', 'trading_days': 872, 'total_trades': 863, 'win_rate': 0.6118, 'net_profit_brl': 2305.0, 'avg_profit_brl': 2.67, 'avg_win_brl': 50.04, 'avg_loss_brl': -71.99, 'profit_factor': 1.0956, 'max_drawdown_pct': 7.04, 'expected_payoff': 2.67, 'on_tester_value': 327.639286}",COMPLETE
