number,value,datetime_start,datetime_complete,duration,params_ATR_Length,params_AllowFriday,params_AllowMonday,params_AllowThursday,params_AllowTuesday,params_AllowWednesday,params_EntryStart_TotalMinutes,params_FilterAsPercOfContractMARange,params_LastEntry_TotalMinutes,params_MinutesBeforeMarketCloseToClosePositions,params_NumDaysToConsiderPreviousContractMARange,params_RetracementLevel,params_SL_ATRMultiplier,params_TP_ATRMultiplier,user_attrs_train_metrics,state
213,1414.6875,2026-03-26 04:32:15.983981,2026-03-26 04:32:34.109148,0 days 00:00:18.125167,40,True,True,True,False,True,595,0.30000000000000004,865,4,3,0.29000000000000004,0.8,0.15000000000000002,"{'start_date': '2021-03-23', 'end_date': '2024-09-16', 'trading_days': 872, 'total_trades': 1288, 'win_rate': 0.8804, 'net_profit_brl': 5030.0, 'avg_profit_brl': 3.91, 'avg_win_brl': 17.09, 'avg_loss_brl': -93.15, 'profit_factor': 1.3506, 'max_drawdown_pct': 3.56, 'expected_payoff': 3.91, 'on_tester_value': 1414.6875}",COMPLETE
214,515.208738,2026-03-26 04:32:34.109223,2026-03-26 04:32:51.627872,0 days 00:00:17.518649,37,True,True,True,False,True,615,0.25,875,9,3,0.36,0.9,0.1,"{'start_date': '2021-03-23', 'end_date': '2024-09-16', 'trading_days': 872, 'total_trades': 812, 'win_rate': 0.9273, 'net_profit_brl': 2515.0, 'avg_profit_brl': 3.1, 'avg_win_brl': 11.49, 'avg_loss_brl': -104.07, 'profit_factor': 1.4096, 'max_drawdown_pct': 4.88, 'expected_payoff': 3.1, 'on_tester_value': 515.208738}",COMPLETE
215,72.631508,2026-03-26 04:32:51.627920,2026-03-26 04:33:09.087737,0 days 00:00:17.459817,21,False,True,True,False,True,555,0.25,790,10,5,0.28,0.8,0.8,"{'start_date': '2021-03-23', 'end_date': '2024-09-16', 'trading_days': 872, 'total_trades': 1529, 'win_rate': 0.5003, 'net_profit_brl': 1425.0, 'avg_profit_brl': 0.93, 'avg_win_brl': 91.07, 'avg_loss_brl': -89.32, 'profit_factor': 1.0209, 'max_drawdown_pct': 19.62, 'expected_payoff': 0.93, 'on_tester_value': 72.631508}",COMPLETE
216,257.160669,2026-03-26 04:33:09.087803,2026-03-26 04:33:26.647848,0 days 00:00:17.560045,29,True,True,True,False,True,620,0.35,885,1,3,0.23,0.75,0.15000000000000002,"{'start_date': '2021-03-23', 'end_date': '2024-09-16', 'trading_days': 872, 'total_trades': 1232, 'win_rate': 0.8547, 'net_profit_brl': 2860.0, 'avg_profit_brl': 2.32, 'avg_win_brl': 17.57, 'avg_loss_brl': -87.37, 'profit_factor': 1.1829, 'max_drawdown_pct': 11.12, 'expected_payoff': 2.32, 'on_tester_value': 257.160669}",COMPLETE
217,716.578158,2026-03-26 04:33:26.647925,2026-03-26 04:33:43.904091,0 days 00:00:17.256166,26,False,True,True,True,True,605,0.15,885,9,4,0.31,0.8500000000000001,0.30000000000000004,"{'start_date': '2021-03-23', 'end_date': '2024-09-16', 'trading_days': 872, 'total_trades': 1118, 'win_rate': 0.7639, 'net_profit_brl': 4595.0, 'avg_profit_brl': 4.11, 'avg_win_brl': 34.52, 'avg_loss_brl': -94.26, 'profit_factor': 1.1846, 'max_drawdown_pct': 6.41, 'expected_payoff': 4.11, 'on_tester_value': 716.578158}",COMPLETE
218,613.068116,2026-03-26 04:33:43.904134,2026-03-26 04:34:05.265237,0 days 00:00:21.361103,27,True,True,False,True,True,775,0.45000000000000007,605,1,8,0.27,1.0,0.6,"{'start_date': '2021-03-23', 'end_date': '2024-09-16', 'trading_days': 872, 'total_trades': 834, 'win_rate': 0.6607, 'net_profit_brl': 6230.0, 'avg_profit_brl': 7.47, 'avg_win_brl': 70.02, 'avg_loss_brl': -114.31, 'profit_factor': 1.1926, 'max_drawdown_pct': 10.16, 'expected_payoff': 7.47, 'on_tester_value': 613.068116}",COMPLETE
219,-994.0,2026-03-26 04:34:05.265302,2026-03-26 04:34:26.497754,0 days 00:00:21.232452,34,True,True,True,False,True,780,0.30000000000000004,800,2,3,0.32,1.05,0.4,"{'start_date': '2021-03-23', 'end_date': '2024-09-16', 'trading_days': 872, 'total_trades': 6, 'win_rate': 0.5, 'net_profit_brl': -275.0, 'avg_profit_brl': -45.83, 'avg_win_brl': 41.67, 'avg_loss_brl': -133.33, 'profit_factor': 0.3125, 'max_drawdown_pct': 3.35, 'expected_payoff': -45.83, 'on_tester_value': -82.089552}",COMPLETE
220,525.288961,2026-03-26 04:34:26.497810,2026-03-26 04:34:46.642865,0 days 00:00:20.145055,37,True,True,True,False,True,600,0.35,865,4,3,0.29000000000000004,0.5,0.25,"{'start_date': '2021-03-23', 'end_date': '2024-09-16', 'trading_days': 872, 'total_trades': 1166, 'win_rate': 0.6938, 'net_profit_brl': 3070.0, 'avg_profit_brl': 2.63, 'avg_win_brl': 28.86, 'avg_loss_brl': -56.79, 'profit_factor': 1.1514, 'max_drawdown_pct': 5.84, 'expected_payoff': 2.63, 'on_tester_value': 525.288961}",COMPLETE
221,570.348092,2026-03-26 04:34:46.642947,2026-03-26 04:35:05.466965,0 days 00:00:18.824018,30,True,True,True,True,True,685,0.35,785,7,3,0.24000000000000002,0.95,0.2,"{'start_date': '2021-03-23', 'end_date': '2024-09-16', 'trading_days': 872, 'total_trades': 460, 'win_rate': 0.8739, 'net_profit_brl': 3390.0, 'avg_profit_brl': 7.37, 'avg_win_brl': 23.96, 'avg_loss_brl': -107.59, 'profit_factor': 1.5433, 'max_drawdown_pct': 5.94, 'expected_payoff': 7.37, 'on_tester_value': 570.348092}",COMPLETE
222,-34.03888,2026-03-26 04:35:05.467094,2026-03-26 04:35:26.149032,0 days 00:00:20.681938,23,False,True,True,True,True,545,0.2,870,8,3,0.33999999999999997,0.8,0.2,"{'start_date': '2021-03-23', 'end_date': '2024-09-16', 'trading_days': 872, 'total_trades': 2384, 'win_rate': 0.7936, 'net_profit_brl': -1110.0, 'avg_profit_brl': -0.47, 'avg_win_brl': 21.95, 'avg_loss_brl': -86.66, 'profit_factor': 0.974, 'max_drawdown_pct': 32.61, 'expected_payoff': -0.47, 'on_tester_value': -34.03888}",COMPLETE
223,-10.269873,2026-03-26 04:35:26.149108,2026-03-26 04:35:49.713076,0 days 00:00:23.563968,26,False,True,True,True,True,550,0.25,840,5,5,0.23,1.1,0.65,"{'start_date': '2021-03-23', 'end_date': '2024-09-16', 'trading_days': 872, 'total_trades': 2724, 'win_rate': 0.6267, 'net_profit_brl': -435.0, 'avg_profit_brl': -0.16, 'avg_win_brl': 71.93, 'avg_loss_brl': -121.17, 'profit_factor': 0.9965, 'max_drawdown_pct': 42.36, 'expected_payoff': -0.16, 'on_tester_value': -10.269873}",COMPLETE
224,695.818182,2026-03-26 04:35:49.713142,2026-03-26 04:36:11.441345,0 days 00:00:21.728203,37,False,True,True,True,True,600,0.2,725,11,4,0.33999999999999997,0.95,0.35,"{'start_date': '2021-03-23', 'end_date': '2024-09-16', 'trading_days': 872, 'total_trades': 771, 'win_rate': 0.7691, 'net_profit_brl': 4450.0, 'avg_profit_brl': 5.77, 'avg_win_brl': 38.69, 'avg_loss_brl': -103.9, 'profit_factor': 1.2406, 'max_drawdown_pct': 6.4, 'expected_payoff': 5.77, 'on_tester_value': 695.818182}",COMPLETE
225,5.09,2026-03-26 04:36:11.441399,2026-03-26 04:36:30.730141,0 days 00:00:19.288742,27,False,True,True,True,True,735,0.2,795,12,3,0.35,0.5,0.25,"{'start_date': '2021-03-23', 'end_date': '2024-09-16', 'trading_days': 872, 'total_trades': 56, 'win_rate': 0.6607, 'net_profit_brl': 15.0, 'avg_profit_brl': 0.27, 'avg_win_brl': 29.73, 'avg_loss_brl': -57.11, 'profit_factor': 1.0138, 'max_drawdown_pct': 2.95, 'expected_payoff': 0.27, 'on_tester_value': 5.09}",COMPLETE
226,594.121739,2026-03-26 04:36:30.730202,2026-03-26 04:36:50.745686,0 days 00:00:20.015484,22,False,True,True,True,True,600,0.15,795,8,5,0.25,0.75,0.5,"{'start_date': '2021-03-23', 'end_date': '2024-09-16', 'trading_days': 872, 'total_trades': 1327, 'win_rate': 0.6307, 'net_profit_brl': 5890.0, 'avg_profit_brl': 4.44, 'avg_win_brl': 56.91, 'avg_loss_brl': -85.19, 'profit_factor': 1.1411, 'max_drawdown_pct': 9.91, 'expected_payoff': 4.44, 'on_tester_value': 594.121739}",COMPLETE
227,33.489041,2026-03-26 04:36:50.745756,2026-03-26 04:37:12.372671,0 days 00:00:21.626915,36,False,True,True,True,True,630,0.2,690,11,3,0.38,0.8,0.4,"{'start_date': '2021-03-23', 'end_date': '2024-09-16', 'trading_days': 872, 'total_trades': 248, 'win_rate': 0.6815, 'net_profit_brl': 435.0, 'avg_profit_brl': 1.75, 'avg_win_brl': 43.88, 'avg_loss_brl': -88.35, 'profit_factor': 1.0623, 'max_drawdown_pct': 12.99, 'expected_payoff': 1.75, 'on_tester_value': 33.489041}",COMPLETE
228,665.140234,2026-03-26 04:37:12.372778,2026-03-26 04:37:32.921776,0 days 00:00:20.548998,34,False,True,True,True,True,635,0.15,855,7,3,0.28,0.7,0.30000000000000004,"{'start_date': '2021-03-23', 'end_date': '2024-09-16', 'trading_days': 872, 'total_trades': 845, 'win_rate': 0.7349, 'net_profit_brl': 3665.0, 'avg_profit_brl': 4.34, 'avg_win_brl': 34.39, 'avg_loss_brl': -78.97, 'profit_factor': 1.2072, 'max_drawdown_pct': 5.51, 'expected_payoff': 4.34, 'on_tester_value': 665.140234}",COMPLETE
229,240.641579,2026-03-26 04:37:32.921834,2026-03-26 04:37:50.843394,0 days 00:00:17.921560,26,True,False,False,True,True,655,0.45000000000000007,870,4,3,0.31,0.75,0.7000000000000001,"{'start_date': '2021-03-23', 'end_date': '2024-09-16', 'trading_days': 872, 'total_trades': 391, 'win_rate': 0.5499, 'net_profit_brl': 2170.0, 'avg_profit_brl': 5.55, 'avg_win_brl': 82.98, 'avg_loss_brl': -89.03, 'profit_factor': 1.1385, 'max_drawdown_pct': 9.02, 'expected_payoff': 5.55, 'on_tester_value': 240.641579}",COMPLETE
230,512.156,2026-03-26 04:37:50.843455,2026-03-26 04:38:08.277274,0 days 00:00:17.433819,39,True,False,False,True,False,760,0.30000000000000004,650,5,8,0.24000000000000002,1.05,0.55,"{'start_date': '2021-03-23', 'end_date': '2024-09-16', 'trading_days': 872, 'total_trades': 283, 'win_rate': 0.7067, 'net_profit_brl': 3660.0, 'avg_profit_brl': 12.93, 'avg_win_brl': 63.98, 'avg_loss_brl': -110.06, 'profit_factor': 1.4007, 'max_drawdown_pct': 7.15, 'expected_payoff': 12.93, 'on_tester_value': 512.156}",COMPLETE
231,197.487353,2026-03-26 04:38:08.277319,2026-03-26 04:38:25.661218,0 days 00:00:17.383899,33,False,True,True,True,False,585,0.2,630,10,3,0.35,1.15,0.30000000000000004,"{'start_date': '2021-03-23', 'end_date': '2024-09-16', 'trading_days': 872, 'total_trades': 283, 'win_rate': 0.8198, 'net_profit_brl': 1545.0, 'avg_profit_brl': 5.46, 'avg_win_brl': 32.48, 'avg_loss_brl': -117.45, 'profit_factor': 1.2579, 'max_drawdown_pct': 7.82, 'expected_payoff': 5.46, 'on_tester_value': 197.487353}",COMPLETE
232,422.790789,2026-03-26 04:38:25.661257,2026-03-26 04:38:44.059321,0 days 00:00:18.398064,37,True,True,True,True,True,575,0.25,705,6,6,0.36,0.8,0.30000000000000004,"{'start_date': '2021-03-23', 'end_date': '2024-09-16', 'trading_days': 872, 'total_trades': 1219, 'win_rate': 0.7473, 'net_profit_brl': 3210.0, 'avg_profit_brl': 2.63, 'avg_win_brl': 33.35, 'avg_loss_brl': -88.23, 'profit_factor': 1.1181, 'max_drawdown_pct': 7.59, 'expected_payoff': 2.63, 'on_tester_value': 422.790789}",COMPLETE
233,457.373494,2026-03-26 04:38:44.059389,2026-03-26 04:39:02.490635,0 days 00:00:18.431246,33,False,True,True,True,True,595,0.25,900,6,5,0.33,0.9,0.25,"{'start_date': '2021-03-23', 'end_date': '2024-09-16', 'trading_days': 872, 'total_trades': 1193, 'win_rate': 0.7972, 'net_profit_brl': 2850.0, 'avg_profit_brl': 2.39, 'avg_win_brl': 28.29, 'avg_loss_brl': -99.4, 'profit_factor': 1.1185, 'max_drawdown_pct': 6.23, 'expected_payoff': 2.39, 'on_tester_value': 457.373494}",COMPLETE
234,1149.989109,2026-03-26 04:39:02.490705,2026-03-26 04:39:21.061219,0 days 00:00:18.570514,25,False,True,True,True,True,595,0.15,860,15,5,0.33999999999999997,0.8,0.25,"{'start_date': '2021-03-23', 'end_date': '2024-09-16', 'trading_days': 872, 'total_trades': 1096, 'win_rate': 0.7965, 'net_profit_brl': 4970.0, 'avg_profit_brl': 4.53, 'avg_win_brl': 28.38, 'avg_loss_brl': -88.83, 'profit_factor': 1.2509, 'max_drawdown_pct': 4.32, 'expected_payoff': 4.53, 'on_tester_value': 1149.989109}",COMPLETE
235,35.460614,2026-03-26 04:39:21.061264,2026-03-26 04:39:39.410520,0 days 00:00:18.349256,24,True,True,False,True,True,805,0.45000000000000007,580,1,8,0.19,0.55,0.4,"{'start_date': '2021-03-23', 'end_date': '2024-09-16', 'trading_days': 872, 'total_trades': 1608, 'win_rate': 0.5784, 'net_profit_brl': 565.0, 'avg_profit_brl': 0.35, 'avg_win_brl': 46.66, 'avg_loss_brl': -63.17, 'profit_factor': 1.0132, 'max_drawdown_pct': 15.93, 'expected_payoff': 0.35, 'on_tester_value': 35.460614}",COMPLETE
236,27.916667,2026-03-26 04:39:39.410589,2026-03-26 04:39:56.269951,0 days 00:00:16.859362,35,False,True,True,True,True,635,0.15,625,11,5,0.29000000000000004,1.05,0.30000000000000004,"{'start_date': '2021-03-23', 'end_date': '2024-09-16', 'trading_days': 872, 'total_trades': 49, 'win_rate': 0.8163, 'net_profit_brl': 100.0, 'avg_profit_brl': 2.04, 'avg_win_brl': 30.12, 'avg_loss_brl': -122.78, 'profit_factor': 1.0905, 'max_drawdown_pct': 3.58, 'expected_payoff': 2.04, 'on_tester_value': 27.916667}",COMPLETE
237,615.09959,2026-03-26 04:39:56.270015,2026-03-26 04:40:13.998282,0 days 00:00:17.728267,40,True,True,True,False,True,625,0.30000000000000004,825,1,4,0.24000000000000002,0.8500000000000001,0.1,"{'start_date': '2021-03-23', 'end_date': '2024-09-16', 'trading_days': 872, 'total_trades': 1059, 'win_rate': 0.9263, 'net_profit_brl': 3165.0, 'avg_profit_brl': 2.99, 'avg_win_brl': 11.46, 'avg_loss_brl': -103.59, 'profit_factor': 1.3917, 'max_drawdown_pct': 5.15, 'expected_payoff': 2.99, 'on_tester_value': 615.09959}",COMPLETE
238,-68.146399,2026-03-26 04:40:13.998348,2026-03-26 04:40:31.937827,0 days 00:00:17.939479,26,False,True,True,True,True,550,0.15,880,15,6,0.32,0.8,0.25,"{'start_date': '2021-03-23', 'end_date': '2024-09-16', 'trading_days': 872, 'total_trades': 2427, 'win_rate': 0.7491, 'net_profit_brl': -2285.0, 'avg_profit_brl': -0.94, 'avg_win_brl': 27.47, 'avg_loss_brl': -85.75, 'profit_factor': 0.9562, 'max_drawdown_pct': 33.53, 'expected_payoff': -0.94, 'on_tester_value': -68.146399}",COMPLETE
239,892.548673,2026-03-26 04:40:31.937869,2026-03-26 04:40:50.904909,0 days 00:00:18.967040,40,True,True,True,False,True,635,0.35,850,7,3,0.24000000000000002,1.05,0.2,"{'start_date': '2021-03-23', 'end_date': '2024-09-16', 'trading_days': 872, 'total_trades': 956, 'win_rate': 0.8703, 'net_profit_brl': 4220.0, 'avg_profit_brl': 4.41, 'avg_win_brl': 23.06, 'avg_loss_brl': -120.69, 'profit_factor': 1.282, 'max_drawdown_pct': 4.73, 'expected_payoff': 4.41, 'on_tester_value': 892.548673}",COMPLETE
240,517.4,2026-03-26 04:40:50.904990,2026-03-26 04:41:09.065644,0 days 00:00:18.160654,36,True,True,True,False,True,615,0.35,825,8,3,0.17,1.0,0.1,"{'start_date': '2021-03-23', 'end_date': '2024-09-16', 'trading_days': 872, 'total_trades': 1629, 'win_rate': 0.9294, 'net_profit_brl': 3185.0, 'avg_profit_brl': 1.96, 'avg_win_brl': 11.47, 'avg_loss_brl': -123.26, 'profit_factor': 1.2247, 'max_drawdown_pct': 6.16, 'expected_payoff': 1.96, 'on_tester_value': 517.4}",COMPLETE
241,228.755372,2026-03-26 04:41:09.065714,2026-03-26 04:41:26.597810,0 days 00:00:17.532096,36,False,True,True,False,True,610,0.2,770,11,5,0.33,1.05,0.15000000000000002,"{'start_date': '2021-03-23', 'end_date': '2024-09-16', 'trading_days': 872, 'total_trades': 589, 'win_rate': 0.8879, 'net_profit_brl': 1190.0, 'avg_profit_brl': 2.02, 'avg_win_brl': 17.03, 'avg_loss_brl': -116.89, 'profit_factor': 1.1542, 'max_drawdown_pct': 5.2, 'expected_payoff': 2.02, 'on_tester_value': 228.755372}",COMPLETE
242,211.7,2026-03-26 04:41:26.597872,2026-03-26 04:41:44.662217,0 days 00:00:18.064345,40,True,True,True,False,True,685,0.45000000000000007,840,9,3,0.28,1.4500000000000002,0.25,"{'start_date': '2021-03-23', 'end_date': '2024-09-16', 'trading_days': 872, 'total_trades': 363, 'win_rate': 0.8788, 'net_profit_brl': 1750.0, 'avg_profit_brl': 4.82, 'avg_win_brl': 29.72, 'avg_loss_brl': -175.68, 'profit_factor': 1.2264, 'max_drawdown_pct': 8.27, 'expected_payoff': 4.82, 'on_tester_value': 211.7}",COMPLETE
243,372.508042,2026-03-26 04:41:44.662276,2026-03-26 04:42:03.061376,0 days 00:00:18.399100,15,False,True,True,True,False,625,0.2,900,10,5,0.27,0.5,0.2,"{'start_date': '2021-03-23', 'end_date': '2024-09-16', 'trading_days': 872, 'total_trades': 803, 'win_rate': 0.746, 'net_profit_brl': 2465.0, 'avg_profit_brl': 3.07, 'avg_win_brl': 23.97, 'avg_loss_brl': -58.31, 'profit_factor': 1.2072, 'max_drawdown_pct': 6.62, 'expected_payoff': 3.07, 'on_tester_value': 372.508042}",COMPLETE
244,104.058071,2026-03-26 04:42:03.061438,2026-03-26 04:42:21.882087,0 days 00:00:18.820649,30,False,True,True,True,True,765,0.30000000000000004,600,8,6,0.19,0.55,0.15000000000000002,"{'start_date': '2021-03-23', 'end_date': '2024-09-16', 'trading_days': 872, 'total_trades': 1607, 'win_rate': 0.8046, 'net_profit_brl': 1275.0, 'avg_profit_brl': 0.79, 'avg_win_brl': 16.63, 'avg_loss_brl': -64.41, 'profit_factor': 1.063, 'max_drawdown_pct': 12.25, 'expected_payoff': 0.79, 'on_tester_value': 104.058071}",COMPLETE
245,-32.307291,2026-03-26 04:42:21.882147,2026-03-26 04:42:39.083067,0 days 00:00:17.200920,37,False,False,False,True,True,765,0.25,590,2,7,0.15000000000000002,1.4500000000000002,0.4,"{'start_date': '2021-03-23', 'end_date': '2024-09-16', 'trading_days': 872, 'total_trades': 1159, 'win_rate': 0.7817, 'net_profit_brl': -1390.0, 'avg_profit_brl': -1.2, 'avg_win_brl': 43.06, 'avg_loss_brl': -159.7, 'profit_factor': 0.9656, 'max_drawdown_pct': 43.02, 'expected_payoff': -1.2, 'on_tester_value': -32.307291}",COMPLETE
246,1067.48799,2026-03-26 04:42:39.083141,2026-03-26 04:42:58.092314,0 days 00:00:19.009173,40,True,True,True,False,True,605,0.30000000000000004,865,5,3,0.24000000000000002,1.2000000000000002,0.30000000000000004,"{'start_date': '2021-03-23', 'end_date': '2024-09-16', 'trading_days': 872, 'total_trades': 1411, 'win_rate': 0.8299, 'net_profit_brl': 8015.0, 'avg_profit_brl': 5.68, 'avg_win_brl': 34.75, 'avg_loss_brl': -136.17, 'profit_factor': 1.2453, 'max_drawdown_pct': 7.51, 'expected_payoff': 5.68, 'on_tester_value': 1067.48799}",COMPLETE
247,128.779646,2026-03-26 04:42:58.092359,2026-03-26 04:43:18.662196,0 days 00:00:20.569837,39,False,True,True,True,False,780,0.30000000000000004,695,5,7,0.16,0.65,0.2,"{'start_date': '2021-03-23', 'end_date': '2024-09-16', 'trading_days': 872, 'total_trades': 388, 'win_rate': 0.7784, 'net_profit_brl': 690.0, 'avg_profit_brl': 1.78, 'avg_win_brl': 23.79, 'avg_loss_brl': -75.52, 'profit_factor': 1.1062, 'max_drawdown_pct': 5.36, 'expected_payoff': 1.78, 'on_tester_value': 128.779646}",COMPLETE
248,432.564557,2026-03-26 04:43:18.662264,2026-03-26 04:43:40.552320,0 days 00:00:21.890056,26,True,True,False,True,True,890,0.45000000000000007,700,5,8,0.26,0.6,0.2,"{'start_date': '2021-03-23', 'end_date': '2024-09-16', 'trading_days': 872, 'total_trades': 394, 'win_rate': 0.797, 'net_profit_brl': 1585.0, 'avg_profit_brl': 4.02, 'avg_win_brl': 23.74, 'avg_loss_brl': -73.38, 'profit_factor': 1.27, 'max_drawdown_pct': 3.66, 'expected_payoff': 4.02, 'on_tester_value': 432.564557}",COMPLETE
249,530.126227,2026-03-26 04:43:40.552398,2026-03-26 04:43:58.519635,0 days 00:00:17.967237,27,False,True,True,True,True,575,0.15,875,10,4,0.28,1.05,0.4,"{'start_date': '2021-03-23', 'end_date': '2024-09-16', 'trading_days': 872, 'total_trades': 1803, 'win_rate': 0.7443, 'net_profit_brl': 7395.0, 'avg_profit_brl': 4.1, 'avg_win_brl': 44.91, 'avg_loss_brl': -114.71, 'profit_factor': 1.1398, 'max_drawdown_pct': 13.95, 'expected_payoff': 4.1, 'on_tester_value': 530.126227}",COMPLETE
250,51.746341,2026-03-26 04:43:58.519681,2026-03-26 04:44:15.415788,0 days 00:00:16.896107,35,True,True,True,False,True,690,0.30000000000000004,855,8,4,0.23,0.8500000000000001,0.55,"{'start_date': '2021-03-23', 'end_date': '2024-09-16', 'trading_days': 872, 'total_trades': 504, 'win_rate': 0.6032, 'net_profit_brl': 850.0, 'avg_profit_brl': 1.69, 'avg_win_brl': 67.52, 'avg_loss_brl': -98.38, 'profit_factor': 1.0432, 'max_drawdown_pct': 16.43, 'expected_payoff': 1.69, 'on_tester_value': 51.746341}",COMPLETE
251,300.140888,2026-03-26 04:44:15.415862,2026-03-26 04:44:33.159754,0 days 00:00:17.743892,37,True,True,True,False,False,630,0.45000000000000007,775,8,3,0.29000000000000004,0.95,0.35,"{'start_date': '2021-03-23', 'end_date': '2024-09-16', 'trading_days': 872, 'total_trades': 433, 'win_rate': 0.7575, 'net_profit_brl': 2445.0, 'avg_profit_brl': 5.65, 'avg_win_brl': 41.22, 'avg_loss_brl': -105.48, 'profit_factor': 1.2208, 'max_drawdown_pct': 8.15, 'expected_payoff': 5.65, 'on_tester_value': 300.140888}",COMPLETE
252,525.884211,2026-03-26 04:44:33.159817,2026-03-26 04:44:51.356508,0 days 00:00:18.196691,40,True,True,False,True,True,780,0.45000000000000007,670,1,8,0.29000000000000004,0.8500000000000001,0.2,"{'start_date': '2021-03-23', 'end_date': '2024-09-16', 'trading_days': 872, 'total_trades': 298, 'win_rate': 0.8691, 'net_profit_brl': 2340.0, 'avg_profit_brl': 7.85, 'avg_win_brl': 23.2, 'avg_loss_brl': -94.1, 'profit_factor': 1.6376, 'max_drawdown_pct': 4.45, 'expected_payoff': 7.85, 'on_tester_value': 525.884211}",COMPLETE
253,870.0,2026-03-26 04:44:51.356590,2026-03-26 04:45:10.501914,0 days 00:00:19.145324,40,True,False,False,True,False,855,0.25,630,7,8,0.14,1.1,0.15000000000000002,"{'start_date': '2021-03-23', 'end_date': '2024-09-16', 'trading_days': 872, 'total_trades': 934, 'win_rate': 0.9176, 'net_profit_brl': 4750.0, 'avg_profit_brl': 5.09, 'avg_win_brl': 17.08, 'avg_loss_brl': -128.38, 'profit_factor': 1.4805, 'max_drawdown_pct': 5.46, 'expected_payoff': 5.09, 'on_tester_value': 870.0}",COMPLETE
254,30.127046,2026-03-26 04:45:10.501957,2026-03-26 04:45:30.493043,0 days 00:00:19.991086,38,True,False,False,True,False,810,0.15,580,5,8,0.1,1.05,0.15000000000000002,"{'start_date': '2021-03-23', 'end_date': '2024-09-16', 'trading_days': 872, 'total_trades': 1906, 'win_rate': 0.8846, 'net_profit_brl': 715.0, 'avg_profit_brl': 0.38, 'avg_win_brl': 16.62, 'avg_loss_brl': -124.14, 'profit_factor': 1.0262, 'max_drawdown_pct': 23.73, 'expected_payoff': 0.38, 'on_tester_value': 30.127046}",COMPLETE
