number,value,datetime_start,datetime_complete,duration,params_ATR_Length,params_AllowFriday,params_AllowMonday,params_AllowThursday,params_AllowTuesday,params_AllowWednesday,params_EntryStart_TotalMinutes,params_FilterAsPercOfContractMARange,params_LastEntry_TotalMinutes,params_MinutesBeforeMarketCloseToClosePositions,params_NumDaysToConsiderPreviousContractMARange,params_RetracementLevel,params_SL_ATRMultiplier,params_TP_ATRMultiplier,user_attrs_train_metrics,state
214,22592.411194,2026-03-26 02:09:12.886611,2026-03-26 02:09:17.231916,0 days 00:00:04.345305,13,True,True,True,True,True,580,0.15,880,3,3,0.12000000000000001,0.5,0.30000000000000004,"{'start_date': '2021-03-23', 'end_date': '2024-09-16', 'trading_days': 872, 'total_trades': 5212, 'win_rate': 0.7456, 'net_profit_brl': 67365.0, 'avg_profit_brl': 12.92, 'avg_win_brl': 35.47, 'avg_loss_brl': -56.15, 'profit_factor': 1.9559, 'max_drawdown_pct': 2.98, 'expected_payoff': 12.92, 'on_tester_value': 22592.411194}",COMPLETE
215,102754.647059,2026-03-26 02:09:17.232006,2026-03-26 02:09:21.528094,0 days 00:00:04.296088,11,True,True,True,True,True,555,0.25,900,3,3,0.12000000000000001,0.75,0.15000000000000002,"{'start_date': '2021-03-23', 'end_date': '2024-09-16', 'trading_days': 872, 'total_trades': 7144, 'win_rate': 0.9272, 'net_profit_brl': 97100.0, 'avg_profit_brl': 13.59, 'avg_win_brl': 18.95, 'avg_loss_brl': -63.46, 'profit_factor': 4.4154, 'max_drawdown_pct': 0.94, 'expected_payoff': 13.59, 'on_tester_value': 102754.647059}",COMPLETE
216,103337.166667,2026-03-26 02:09:21.528181,2026-03-26 02:09:25.812271,0 days 00:00:04.284090,10,True,True,True,True,True,595,0.30000000000000004,890,1,3,0.11,0.7,0.15000000000000002,"{'start_date': '2021-03-23', 'end_date': '2024-09-16', 'trading_days': 872, 'total_trades': 4764, 'win_rate': 0.9461, 'net_profit_brl': 70995.0, 'avg_profit_brl': 14.9, 'avg_win_brl': 19.33, 'avg_loss_brl': -68.08, 'profit_factor': 5.4001, 'max_drawdown_pct': 0.69, 'expected_payoff': 14.9, 'on_tester_value': 103337.166667}",COMPLETE
217,48722.625,2026-03-26 02:09:25.812445,2026-03-26 02:09:30.217134,0 days 00:00:04.404689,21,True,True,True,True,True,555,0.15,885,1,4,0.14,0.95,0.2,"{'start_date': '2021-03-23', 'end_date': '2024-09-16', 'trading_days': 872, 'total_trades': 6690, 'win_rate': 0.9197, 'net_profit_brl': 103565.0, 'avg_profit_brl': 15.48, 'avg_win_brl': 23.73, 'avg_loss_brl': -87.91, 'profit_factor': 3.4391, 'max_drawdown_pct': 2.13, 'expected_payoff': 15.48, 'on_tester_value': 48722.625}",COMPLETE
218,49620.653333,2026-03-26 02:09:30.217211,2026-03-26 02:09:34.159572,0 days 00:00:03.942361,40,False,False,True,True,True,575,0.25,865,9,6,0.12000000000000001,0.9,0.1,"{'start_date': '2021-03-23', 'end_date': '2024-09-16', 'trading_days': 872, 'total_trades': 3258, 'win_rate': 0.9638, 'net_profit_brl': 32110.0, 'avg_profit_brl': 9.86, 'avg_win_brl': 12.28, 'avg_loss_brl': -60.14, 'profit_factor': 5.9899, 'max_drawdown_pct': 0.65, 'expected_payoff': 9.86, 'on_tester_value': 49620.653333}",COMPLETE
219,76878.108333,2026-03-26 02:09:34.159671,2026-03-26 02:09:37.554900,0 days 00:00:03.395229,29,True,True,True,True,True,595,0.2,725,1,4,0.17,0.6,0.15000000000000002,"{'start_date': '2021-03-23', 'end_date': '2024-09-16', 'trading_days': 872, 'total_trades': 2388, 'win_rate': 0.964, 'net_profit_brl': 35785.0, 'avg_profit_brl': 14.99, 'avg_win_brl': 17.09, 'avg_loss_brl': -54.77, 'profit_factor': 11.052, 'max_drawdown_pct': 0.47, 'expected_payoff': 14.99, 'on_tester_value': 76878.108333}",COMPLETE
220,47923.647917,2026-03-26 02:09:37.554965,2026-03-26 02:09:40.894402,0 days 00:00:03.339437,10,True,True,True,True,True,580,0.35,885,1,4,0.11,0.75,0.2,"{'start_date': '2021-03-23', 'end_date': '2024-09-16', 'trading_days': 872, 'total_trades': 5153, 'win_rate': 0.9125, 'net_profit_brl': 84385.0, 'avg_profit_brl': 16.38, 'avg_win_brl': 25.46, 'avg_loss_brl': -82.01, 'profit_factor': 3.3875, 'max_drawdown_pct': 1.76, 'expected_payoff': 16.38, 'on_tester_value': 47923.647917}",COMPLETE
221,58360.6875,2026-03-26 02:09:40.894450,2026-03-26 02:09:44.316069,0 days 00:00:03.421619,29,True,True,True,True,True,575,0.15,775,2,4,0.1,0.65,0.1,"{'start_date': '2021-03-23', 'end_date': '2024-09-16', 'trading_days': 872, 'total_trades': 5812, 'win_rate': 0.9301, 'net_profit_brl': 53665.0, 'avg_profit_brl': 9.23, 'avg_win_brl': 12.58, 'avg_loss_brl': -41.35, 'profit_factor': 4.7397, 'max_drawdown_pct': 0.92, 'expected_payoff': 9.23, 'on_tester_value': 58360.6875}",COMPLETE
222,111326.731034,2026-03-26 02:09:44.316135,2026-03-26 02:09:47.539430,0 days 00:00:03.223295,26,True,True,True,True,True,540,0.2,800,2,3,0.16,0.65,0.15000000000000002,"{'start_date': '2021-03-23', 'end_date': '2024-09-16', 'trading_days': 872, 'total_trades': 6840, 'win_rate': 0.9072, 'net_profit_brl': 87540.0, 'avg_profit_brl': 12.8, 'avg_win_brl': 17.69, 'avg_loss_brl': -46.95, 'profit_factor': 4.9424, 'max_drawdown_pct': 0.79, 'expected_payoff': 12.8, 'on_tester_value': 111326.731034}",COMPLETE
223,185174.818182,2026-03-26 02:09:47.539478,2026-03-26 02:09:50.294496,0 days 00:00:02.755018,35,True,True,True,True,True,555,0.2,815,1,4,0.12000000000000001,0.55,0.15000000000000002,"{'start_date': '2021-03-23', 'end_date': '2024-09-16', 'trading_days': 872, 'total_trades': 7092, 'win_rate': 0.8897, 'net_profit_brl': 85585.0, 'avg_profit_brl': 12.07, 'avg_win_brl': 17.72, 'avg_loss_brl': -41.74, 'profit_factor': 4.2654, 'max_drawdown_pct': 0.46, 'expected_payoff': 12.07, 'on_tester_value': 185174.818182}",COMPLETE
224,24213.793103,2026-03-26 02:09:50.294573,2026-03-26 02:09:52.862102,0 days 00:00:02.567529,32,True,True,True,False,True,600,0.30000000000000004,755,3,3,0.19,0.55,0.1,"{'start_date': '2021-03-23', 'end_date': '2024-09-16', 'trading_days': 872, 'total_trades': 1697, 'win_rate': 0.9741, 'net_profit_brl': 17555.0, 'avg_profit_brl': 10.34, 'avg_win_brl': 11.62, 'avg_loss_brl': -53.06, 'profit_factor': 11.6717, 'max_drawdown_pct': 0.73, 'expected_payoff': 10.34, 'on_tester_value': 24213.793103}",COMPLETE
225,33828.321429,2026-03-26 02:09:52.862152,2026-03-26 02:09:55.613076,0 days 00:00:02.750924,26,True,True,True,True,True,575,0.15,845,2,4,0.27,0.55,0.30000000000000004,"{'start_date': '2021-03-23', 'end_date': '2024-09-16', 'trading_days': 872, 'total_trades': 2338, 'win_rate': 0.849, 'net_profit_brl': 44700.0, 'avg_profit_brl': 19.12, 'avg_win_brl': 33.45, 'avg_loss_brl': -64.2, 'profit_factor': 3.0599, 'max_drawdown_pct': 1.32, 'expected_payoff': 19.12, 'on_tester_value': 33828.321429}",COMPLETE
226,56850.6125,2026-03-26 02:09:55.613126,2026-03-26 02:09:58.265978,0 days 00:00:02.652852,28,True,True,True,True,True,565,0.2,715,5,3,0.22,0.5,0.2,"{'start_date': '2021-03-23', 'end_date': '2024-09-16', 'trading_days': 872, 'total_trades': 2966, 'win_rate': 0.9167, 'net_profit_brl': 50930.0, 'avg_profit_brl': 17.17, 'avg_win_brl': 22.16, 'avg_loss_brl': -49.63, 'profit_factor': 6.4587, 'max_drawdown_pct': 0.9, 'expected_payoff': 17.17, 'on_tester_value': 56850.6125}",COMPLETE
227,23094.5,2026-03-26 02:09:58.266025,2026-03-26 02:10:00.840803,0 days 00:00:02.574778,26,False,False,True,True,True,555,0.15,810,3,3,0.15000000000000002,1.4500000000000002,0.25,"{'start_date': '2021-03-23', 'end_date': '2024-09-16', 'trading_days': 872, 'total_trades': 3615, 'win_rate': 0.9223, 'net_profit_brl': 60775.0, 'avg_profit_brl': 16.81, 'avg_win_brl': 29.3, 'avg_loss_brl': -138.3, 'profit_factor': 2.6459, 'max_drawdown_pct': 2.63, 'expected_payoff': 16.81, 'on_tester_value': 23094.5}",COMPLETE
228,32715.306061,2026-03-26 02:10:00.840849,2026-03-26 02:10:03.777520,0 days 00:00:02.936671,38,True,True,True,True,True,600,0.2,765,1,3,0.14,0.65,0.25,"{'start_date': '2021-03-23', 'end_date': '2024-09-16', 'trading_days': 872, 'total_trades': 3092, 'win_rate': 0.8771, 'net_profit_brl': 51730.0, 'avg_profit_brl': 16.73, 'avg_win_brl': 28.19, 'avg_loss_brl': -69.24, 'profit_factor': 3.0926, 'max_drawdown_pct': 1.58, 'expected_payoff': 16.73, 'on_tester_value': 32715.306061}",COMPLETE
229,6487.730282,2026-03-26 02:10:03.777675,2026-03-26 02:10:06.452704,0 days 00:00:02.675029,10,True,False,True,True,True,630,0.35,895,4,3,0.13,0.9,0.30000000000000004,"{'start_date': '2021-03-23', 'end_date': '2024-09-16', 'trading_days': 872, 'total_trades': 2325, 'win_rate': 0.8434, 'net_profit_brl': 34045.0, 'avg_profit_brl': 14.64, 'avg_win_brl': 37.92, 'avg_loss_brl': -114.84, 'profit_factor': 1.8446, 'max_drawdown_pct': 5.25, 'expected_payoff': 14.64, 'on_tester_value': 6487.730282}",COMPLETE
230,34926.711111,2026-03-26 02:10:06.452763,2026-03-26 02:10:09.021321,0 days 00:00:02.568558,24,False,True,True,True,True,635,0.25,880,11,5,0.12000000000000001,0.9,0.2,"{'start_date': '2021-03-23', 'end_date': '2024-09-16', 'trading_days': 872, 'total_trades': 2277, 'win_rate': 0.9455, 'net_profit_brl': 39490.0, 'avg_profit_brl': 17.34, 'avg_win_brl': 23.58, 'avg_loss_brl': -93.96, 'profit_factor': 4.5024, 'max_drawdown_pct': 1.13, 'expected_payoff': 17.34, 'on_tester_value': 34926.711111}",COMPLETE
231,72007.0,2026-03-26 02:10:09.021368,2026-03-26 02:10:11.633543,0 days 00:00:02.612175,32,True,False,True,True,True,560,0.15,765,5,5,0.12000000000000001,0.6,0.15000000000000002,"{'start_date': '2021-03-23', 'end_date': '2024-09-16', 'trading_days': 872, 'total_trades': 5170, 'win_rate': 0.8928, 'net_profit_brl': 62075.0, 'avg_profit_brl': 12.01, 'avg_win_brl': 17.74, 'avg_loss_brl': -45.05, 'profit_factor': 4.1319, 'max_drawdown_pct': 0.86, 'expected_payoff': 12.01, 'on_tester_value': 72007.0}",COMPLETE
232,50146.035714,2026-03-26 02:10:11.633602,2026-03-26 02:10:14.326421,0 days 00:00:02.692819,20,True,True,True,True,False,555,0.2,900,4,3,0.11,0.55,0.25,"{'start_date': '2021-03-23', 'end_date': '2024-09-16', 'trading_days': 872, 'total_trades': 6444, 'win_rate': 0.7942, 'net_profit_brl': 85650.0, 'avg_profit_brl': 13.29, 'avg_win_brl': 29.1, 'avg_loss_brl': -53.64, 'profit_factor': 2.3532, 'max_drawdown_pct': 1.71, 'expected_payoff': 13.29, 'on_tester_value': 50146.035714}",COMPLETE
233,23839.757576,2026-03-26 02:10:14.326469,2026-03-26 02:10:17.479865,0 days 00:00:03.153396,11,True,True,True,True,True,575,0.25,865,2,3,0.11,0.9,0.25,"{'start_date': '2021-03-23', 'end_date': '2024-09-16', 'trading_days': 872, 'total_trades': 5831, 'win_rate': 0.8715, 'net_profit_brl': 84775.0, 'avg_profit_brl': 14.54, 'avg_win_brl': 31.09, 'avg_loss_brl': -100.14, 'profit_factor': 2.1581, 'max_drawdown_pct': 3.56, 'expected_payoff': 14.54, 'on_tester_value': 23839.757576}",COMPLETE
234,261502.941176,2026-03-26 02:10:17.479914,2026-03-26 02:10:20.905533,0 days 00:00:03.425619,26,True,True,True,True,True,550,0.2,780,3,3,0.13,0.7,0.15000000000000002,"{'start_date': '2021-03-23', 'end_date': '2024-09-16', 'trading_days': 872, 'total_trades': 6991, 'win_rate': 0.9143, 'net_profit_brl': 89000.0, 'avg_profit_brl': 12.73, 'avg_win_brl': 17.97, 'avg_loss_brl': -52.33, 'profit_factor': 4.4429, 'max_drawdown_pct': 0.34, 'expected_payoff': 12.73, 'on_tester_value': 261502.941176}",COMPLETE
235,34141.0875,2026-03-26 02:10:20.905629,2026-03-26 02:10:24.109961,0 days 00:00:03.204332,35,True,False,True,True,True,645,0.15,785,2,5,0.1,0.7,0.15000000000000002,"{'start_date': '2021-03-23', 'end_date': '2024-09-16', 'trading_days': 872, 'total_trades': 1998, 'win_rate': 0.9515, 'net_profit_brl': 29675.0, 'avg_profit_brl': 14.85, 'avg_win_brl': 18.26, 'avg_loss_brl': -60.0, 'profit_factor': 6.8879, 'max_drawdown_pct': 0.87, 'expected_payoff': 14.85, 'on_tester_value': 34141.0875}",COMPLETE
236,85178.52,2026-03-26 02:10:24.110026,2026-03-26 02:10:27.428384,0 days 00:00:03.318358,13,True,True,True,True,True,615,0.30000000000000004,895,2,3,0.11,0.5,0.15000000000000002,"{'start_date': '2021-03-23', 'end_date': '2024-09-16', 'trading_days': 872, 'total_trades': 3870, 'win_rate': 0.9318, 'net_profit_brl': 56335.0, 'avg_profit_brl': 14.56, 'avg_win_brl': 18.58, 'avg_loss_brl': -48.48, 'profit_factor': 6.2822, 'max_drawdown_pct': 0.66, 'expected_payoff': 14.56, 'on_tester_value': 85178.52}",COMPLETE
237,27646.441954,2026-03-26 02:10:27.428432,2026-03-26 02:10:30.189886,0 days 00:00:02.761454,29,True,True,True,True,True,590,0.25,820,2,3,0.14,0.7,0.30000000000000004,"{'start_date': '2021-03-23', 'end_date': '2024-09-16', 'trading_days': 872, 'total_trades': 3761, 'win_rate': 0.8391, 'net_profit_brl': 62915.0, 'avg_profit_brl': 16.73, 'avg_win_brl': 34.29, 'avg_loss_brl': -77.72, 'profit_factor': 2.3885, 'max_drawdown_pct': 2.28, 'expected_payoff': 16.73, 'on_tester_value': 27646.441954}",COMPLETE
238,181741.147059,2026-03-26 02:10:30.189936,2026-03-26 02:10:32.957903,0 days 00:00:02.767967,11,True,True,True,False,True,550,0.2,890,3,3,0.15000000000000002,0.65,0.15000000000000002,"{'start_date': '2021-03-23', 'end_date': '2024-09-16', 'trading_days': 872, 'total_trades': 5277, 'win_rate': 0.9265, 'net_profit_brl': 74100.0, 'avg_profit_brl': 14.04, 'avg_win_brl': 18.54, 'avg_loss_brl': -52.44, 'profit_factor': 5.4855, 'max_drawdown_pct': 0.41, 'expected_payoff': 14.04, 'on_tester_value': 181741.147059}",COMPLETE
239,14970.271186,2026-03-26 02:10:32.957953,2026-03-26 02:10:35.787470,0 days 00:00:02.829517,12,True,True,True,False,True,600,0.2,870,2,3,0.24000000000000002,0.65,0.30000000000000004,"{'start_date': '2021-03-23', 'end_date': '2024-09-16', 'trading_days': 872, 'total_trades': 1615, 'win_rate': 0.8563, 'net_profit_brl': 32200.0, 'avg_profit_brl': 19.94, 'avg_win_brl': 36.41, 'avg_loss_brl': -82.15, 'profit_factor': 2.7736, 'max_drawdown_pct': 2.15, 'expected_payoff': 19.94, 'on_tester_value': 14970.271186}",COMPLETE
240,106923.846154,2026-03-26 02:10:35.787523,2026-03-26 02:10:39.238183,0 days 00:00:03.450660,13,True,True,True,False,True,570,0.2,850,4,3,0.11,0.65,0.1,"{'start_date': '2021-03-23', 'end_date': '2024-09-16', 'trading_days': 872, 'total_trades': 5031, 'win_rate': 0.9276, 'net_profit_brl': 48500.0, 'avg_profit_brl': 9.64, 'avg_win_brl': 13.12, 'avg_loss_brl': -44.18, 'profit_factor': 4.8114, 'max_drawdown_pct': 0.45, 'expected_payoff': 9.64, 'on_tester_value': 106923.846154}",COMPLETE
241,32735.582759,2026-03-26 02:10:39.238252,2026-03-26 02:10:42.545837,0 days 00:00:03.307585,15,True,True,True,False,True,620,0.30000000000000004,885,3,4,0.13,0.65,0.1,"{'start_date': '2021-03-23', 'end_date': '2024-09-16', 'trading_days': 872, 'total_trades': 2429, 'win_rate': 0.9732, 'net_profit_brl': 27485.0, 'avg_profit_brl': 11.32, 'avg_win_brl': 12.6, 'avg_loss_brl': -45.1, 'profit_factor': 12.95, 'max_drawdown_pct': 0.84, 'expected_payoff': 11.32, 'on_tester_value': 32735.582759}",COMPLETE
242,27283.694595,2026-03-26 02:10:42.545896,2026-03-26 02:10:46.325625,0 days 00:00:03.779729,12,True,True,True,False,True,580,0.2,810,5,3,0.14,0.95,0.1,"{'start_date': '2021-03-23', 'end_date': '2024-09-16', 'trading_days': 872, 'total_trades': 3337, 'win_rate': 0.9769, 'net_profit_brl': 37710.0, 'avg_profit_brl': 11.3, 'avg_win_brl': 13.04, 'avg_loss_brl': -73.92, 'profit_factor': 8.8481, 'max_drawdown_pct': 1.38, 'expected_payoff': 11.3, 'on_tester_value': 27283.694595}",COMPLETE
243,29722.233333,2026-03-26 02:10:46.325686,2026-03-26 02:10:49.867877,0 days 00:00:03.542191,29,True,False,True,True,True,605,0.15,815,10,6,0.15000000000000002,0.75,0.15000000000000002,"{'start_date': '2021-03-23', 'end_date': '2024-09-16', 'trading_days': 872, 'total_trades': 2383, 'win_rate': 0.9698, 'net_profit_brl': 37465.0, 'avg_profit_brl': 15.72, 'avg_win_brl': 17.68, 'avg_loss_brl': -61.64, 'profit_factor': 12.0516, 'max_drawdown_pct': 1.26, 'expected_payoff': 15.72, 'on_tester_value': 29722.233333}",COMPLETE
244,29697.917308,2026-03-26 02:10:49.867948,2026-03-26 02:10:53.141014,0 days 00:00:03.273066,25,False,True,False,True,True,590,0.15,900,10,3,0.12000000000000001,0.8500000000000001,0.1,"{'start_date': '2021-03-23', 'end_date': '2024-09-16', 'trading_days': 872, 'total_trades': 2845, 'win_rate': 0.9722, 'net_profit_brl': 29505.0, 'avg_profit_brl': 10.37, 'avg_win_brl': 12.09, 'avg_loss_brl': -55.28, 'profit_factor': 8.5172, 'max_drawdown_pct': 0.99, 'expected_payoff': 10.37, 'on_tester_value': 29697.917308}",COMPLETE
245,56816.842105,2026-03-26 02:10:53.141060,2026-03-26 02:10:56.646405,0 days 00:00:03.505345,17,True,True,True,True,True,595,0.30000000000000004,830,2,3,0.14,0.7,0.1,"{'start_date': '2021-03-23', 'end_date': '2024-09-16', 'trading_days': 872, 'total_trades': 3522, 'win_rate': 0.9767, 'net_profit_brl': 39000.0, 'avg_profit_brl': 11.07, 'avg_win_brl': 12.3, 'avg_loss_brl': -51.72, 'profit_factor': 12.7825, 'max_drawdown_pct': 0.69, 'expected_payoff': 11.07, 'on_tester_value': 56816.842105}",COMPLETE
246,64356.22,2026-03-26 02:10:56.646478,2026-03-26 02:11:00.154474,0 days 00:00:03.507996,24,True,True,True,False,True,540,0.15,850,8,3,0.21000000000000002,0.6,0.1,"{'start_date': '2021-03-23', 'end_date': '2024-09-16', 'trading_days': 872, 'total_trades': 5003, 'win_rate': 0.9037, 'net_profit_brl': 41480.0, 'avg_profit_brl': 8.29, 'avg_win_brl': 11.94, 'avg_loss_brl': -40.7, 'profit_factor': 4.3197, 'max_drawdown_pct': 0.64, 'expected_payoff': 8.29, 'on_tester_value': 64356.22}",COMPLETE
247,60960.35,2026-03-26 02:11:00.154587,2026-03-26 02:11:03.364271,0 days 00:00:03.209684,23,True,False,True,False,True,565,0.2,755,3,3,0.15000000000000002,0.6,0.1,"{'start_date': '2021-03-23', 'end_date': '2024-09-16', 'trading_days': 872, 'total_trades': 2895, 'win_rate': 0.9351, 'net_profit_brl': 28060.0, 'avg_profit_brl': 9.69, 'avg_win_brl': 12.3, 'avg_loss_brl': -43.35, 'profit_factor': 6.3499, 'max_drawdown_pct': 0.46, 'expected_payoff': 9.69, 'on_tester_value': 60960.35}",COMPLETE
248,72868.085294,2026-03-26 02:11:03.364323,2026-03-26 02:11:06.734341,0 days 00:00:03.370018,33,True,False,True,True,True,540,0.2,715,2,7,0.16,0.5,0.2,"{'start_date': '2021-03-23', 'end_date': '2024-09-16', 'trading_days': 872, 'total_trades': 5072, 'win_rate': 0.8385, 'net_profit_brl': 70665.0, 'avg_profit_brl': 13.93, 'avg_win_brl': 22.71, 'avg_loss_brl': -41.98, 'profit_factor': 3.7284, 'max_drawdown_pct': 0.97, 'expected_payoff': 13.93, 'on_tester_value': 72868.085294}",COMPLETE
249,52870.778571,2026-03-26 02:11:06.734432,2026-03-26 02:11:10.207968,0 days 00:00:03.473536,14,True,True,True,False,True,600,0.15,760,3,4,0.13,0.5,0.15000000000000002,"{'start_date': '2021-03-23', 'end_date': '2024-09-16', 'trading_days': 872, 'total_trades': 2636, 'win_rate': 0.9336, 'net_profit_brl': 38565.0, 'avg_profit_brl': 14.63, 'avg_win_brl': 18.31, 'avg_loss_brl': -46.06, 'profit_factor': 6.9376, 'max_drawdown_pct': 0.73, 'expected_payoff': 14.63, 'on_tester_value': 52870.778571}",COMPLETE
250,21894.482143,2026-03-26 02:11:10.208020,2026-03-26 02:11:14.146630,0 days 00:00:03.938610,33,True,False,True,True,False,570,0.2,700,2,3,0.12000000000000001,0.6,0.1,"{'start_date': '2021-03-23', 'end_date': '2024-09-16', 'trading_days': 872, 'total_trades': 2883, 'win_rate': 0.9043, 'net_profit_brl': 24650.0, 'avg_profit_brl': 8.55, 'avg_win_brl': 12.21, 'avg_loss_brl': -37.64, 'profit_factor': 4.4284, 'max_drawdown_pct': 1.13, 'expected_payoff': 8.55, 'on_tester_value': 21894.482143}",COMPLETE
251,86863.338636,2026-03-26 02:11:14.146682,2026-03-26 02:11:17.894325,0 days 00:00:03.747643,34,True,True,True,True,True,540,0.15,850,4,4,0.19,0.65,0.1,"{'start_date': '2021-03-23', 'end_date': '2024-09-16', 'trading_days': 872, 'total_trades': 6869, 'win_rate': 0.9058, 'net_profit_brl': 56555.0, 'avg_profit_brl': 8.23, 'avg_win_brl': 12.02, 'avg_loss_brl': -41.36, 'profit_factor': 4.1006, 'max_drawdown_pct': 0.65, 'expected_payoff': 8.23, 'on_tester_value': 86863.338636}",COMPLETE
252,4015.793182,2026-03-26 02:11:17.894383,2026-03-26 02:11:21.125753,0 days 00:00:03.231370,38,True,False,False,True,True,590,0.2,580,1,8,0.18,0.6,0.25,"{'start_date': '2021-03-23', 'end_date': '2024-09-16', 'trading_days': 872, 'total_trades': 219, 'win_rate': 0.8858, 'net_profit_brl': 3985.0, 'avg_profit_brl': 18.2, 'avg_win_brl': 27.45, 'avg_loss_brl': -55.83, 'profit_factor': 3.9739, 'max_drawdown_pct': 0.99, 'expected_payoff': 18.2, 'on_tester_value': 4015.793182}",COMPLETE
253,9120.15,2026-03-26 02:11:21.125806,2026-03-26 02:11:24.513176,0 days 00:00:03.387370,40,True,False,True,True,True,575,0.30000000000000004,635,2,7,0.22,0.75,0.30000000000000004,"{'start_date': '2021-03-23', 'end_date': '2024-09-16', 'trading_days': 872, 'total_trades': 1076, 'win_rate': 0.8931, 'net_profit_brl': 23385.0, 'avg_profit_brl': 21.73, 'avg_win_brl': 33.28, 'avg_loss_brl': -80.37, 'profit_factor': 3.7192, 'max_drawdown_pct': 2.56, 'expected_payoff': 21.73, 'on_tester_value': 9120.15}",COMPLETE
254,57216.15,2026-03-26 02:11:24.513244,2026-03-26 02:11:27.966811,0 days 00:00:03.453567,31,True,False,True,True,True,580,0.25,735,5,8,0.1,0.5,0.2,"{'start_date': '2021-03-23', 'end_date': '2024-09-16', 'trading_days': 872, 'total_trades': 3980, 'win_rate': 0.8384, 'net_profit_brl': 52470.0, 'avg_profit_brl': 13.18, 'avg_win_brl': 23.1, 'avg_loss_brl': -44.59, 'profit_factor': 3.1316, 'max_drawdown_pct': 0.92, 'expected_payoff': 13.18, 'on_tester_value': 57216.15}",COMPLETE
255,83529.607895,2026-03-26 02:11:27.966863,2026-03-26 02:11:31.532769,0 days 00:00:03.565906,15,True,True,True,False,True,550,0.15,830,3,3,0.15000000000000002,0.65,0.1,"{'start_date': '2021-03-23', 'end_date': '2024-09-16', 'trading_days': 872, 'total_trades': 5323, 'win_rate': 0.9335, 'net_profit_brl': 50335.0, 'avg_profit_brl': 9.46, 'avg_win_brl': 12.47, 'avg_loss_brl': -42.36, 'profit_factor': 5.3206, 'max_drawdown_pct': 0.6, 'expected_payoff': 9.46, 'on_tester_value': 83529.607895}",COMPLETE
