number,value,datetime_start,datetime_complete,duration,params_ATR_Length,params_AllowFriday,params_AllowMonday,params_AllowThursday,params_AllowTuesday,params_AllowWednesday,params_EntryStart_TotalMinutes,params_FilterAsPercOfContractMARange,params_LastEntry_TotalMinutes,params_MinutesBeforeMarketCloseToClosePositions,params_NumDaysToConsiderPreviousContractMARange,params_RetracementLevel,params_SL_ATRMultiplier,params_TP_ATRMultiplier,user_attrs_train_metrics,state
128,14771.887255,2026-03-26 02:03:56.682213,2026-03-26 02:04:00.753271,0 days 00:00:04.071058,23,False,True,True,True,True,590,0.30000000000000004,870,5,5,0.12000000000000001,1.1,0.25,"{'start_date': '2021-03-23', 'end_date': '2024-09-16', 'trading_days': 872, 'total_trades': 3560, 'win_rate': 0.916, 'net_profit_brl': 60125.0, 'avg_profit_brl': 16.89, 'avg_win_brl': 29.17, 'avg_loss_brl': -121.12, 'profit_factor': 2.7176, 'max_drawdown_pct': 4.07, 'expected_payoff': 16.89, 'on_tester_value': 14771.887255}",COMPLETE
129,4084.5,2026-03-26 02:04:00.753331,2026-03-26 02:04:04.280427,0 days 00:00:03.527096,38,False,False,False,True,True,595,0.2,775,3,4,0.30000000000000004,1.35,0.1,"{'start_date': '2021-03-23', 'end_date': '2024-09-16', 'trading_days': 872, 'total_trades': 593, 'win_rate': 0.9916, 'net_profit_brl': 5835.0, 'avg_profit_brl': 9.84, 'avg_win_brl': 10.82, 'avg_loss_brl': -132.5, 'profit_factor': 12.0094, 'max_drawdown_pct': 1.43, 'expected_payoff': 9.84, 'on_tester_value': 4084.5}",COMPLETE
130,14409.675,2026-03-26 02:04:04.280499,2026-03-26 02:04:08.195983,0 days 00:00:03.915484,39,True,True,False,True,True,560,0.2,805,9,5,0.27,0.95,0.25,"{'start_date': '2021-03-23', 'end_date': '2024-09-16', 'trading_days': 872, 'total_trades': 2315, 'win_rate': 0.9313, 'net_profit_brl': 45745.0, 'avg_profit_brl': 19.76, 'avg_win_brl': 27.75, 'avg_loss_brl': -101.33, 'profit_factor': 4.2478, 'max_drawdown_pct': 3.17, 'expected_payoff': 19.76, 'on_tester_value': 14409.675}",COMPLETE
131,11041.686667,2026-03-26 02:04:08.196046,2026-03-26 02:04:12.025344,0 days 00:00:03.829298,39,False,False,False,True,True,570,0.4,890,8,3,0.17,0.65,0.25,"{'start_date': '2021-03-23', 'end_date': '2024-09-16', 'trading_days': 872, 'total_trades': 1331, 'win_rate': 0.8993, 'net_profit_brl': 24610.0, 'avg_profit_brl': 18.49, 'avg_win_brl': 27.38, 'avg_loss_brl': -66.93, 'profit_factor': 4.0141, 'max_drawdown_pct': 2.23, 'expected_payoff': 18.49, 'on_tester_value': 11041.686667}",COMPLETE
132,15820.8,2026-03-26 02:04:12.025403,2026-03-26 02:04:15.759365,0 days 00:00:03.733962,31,False,True,True,False,True,585,0.15,800,1,4,0.19,0.7,0.15000000000000002,"{'start_date': '2021-03-23', 'end_date': '2024-09-16', 'trading_days': 872, 'total_trades': 1688, 'win_rate': 0.9704, 'net_profit_brl': 25600.0, 'avg_profit_brl': 15.17, 'avg_win_brl': 17.16, 'avg_loss_brl': -61.34, 'profit_factor': 11.1789, 'max_drawdown_pct': 1.62, 'expected_payoff': 15.17, 'on_tester_value': 15820.8}",COMPLETE
133,11056.096552,2026-03-26 02:04:15.759424,2026-03-26 02:04:19.436801,0 days 00:00:03.677377,20,False,True,False,False,True,610,0.15,810,3,3,0.18,1.35,0.2,"{'start_date': '2021-03-23', 'end_date': '2024-09-16', 'trading_days': 872, 'total_trades': 859, 'win_rate': 0.9732, 'net_profit_brl': 15810.0, 'avg_profit_brl': 18.41, 'avg_win_brl': 22.76, 'avg_loss_brl': -140.0, 'profit_factor': 5.9099, 'max_drawdown_pct': 1.43, 'expected_payoff': 18.41, 'on_tester_value': 11056.096552}",COMPLETE
134,14577.107895,2026-03-26 02:04:19.436887,2026-03-26 02:04:22.537968,0 days 00:00:03.101081,13,False,False,True,False,True,555,0.2,875,3,4,0.19,1.0,0.30000000000000004,"{'start_date': '2021-03-23', 'end_date': '2024-09-16', 'trading_days': 872, 'total_trades': 1942, 'win_rate': 0.8728, 'net_profit_brl': 34095.0, 'avg_profit_brl': 17.56, 'avg_win_brl': 35.76, 'avg_loss_brl': -112.87, 'profit_factor': 2.2854, 'max_drawdown_pct': 2.34, 'expected_payoff': 17.56, 'on_tester_value': 14577.107895}",COMPLETE
135,25009.25,2026-03-26 02:04:22.538013,2026-03-26 02:04:25.659302,0 days 00:00:03.121289,37,False,True,True,False,True,565,0.25,755,4,4,0.2,1.4,0.15000000000000002,"{'start_date': '2021-03-23', 'end_date': '2024-09-16', 'trading_days': 872, 'total_trades': 1970, 'win_rate': 0.9802, 'net_profit_brl': 30380.0, 'avg_profit_brl': 15.42, 'avg_win_brl': 17.49, 'avg_loss_brl': -109.19, 'profit_factor': 9.9749, 'max_drawdown_pct': 1.21, 'expected_payoff': 15.42, 'on_tester_value': 25009.25}",COMPLETE
136,12777.09697,2026-03-26 02:04:25.659365,2026-03-26 02:04:28.946110,0 days 00:00:03.286745,26,False,True,True,True,True,545,0.15,880,3,4,0.13,0.55,0.35,"{'start_date': '2021-03-23', 'end_date': '2024-09-16', 'trading_days': 872, 'total_trades': 6483, 'win_rate': 0.6702, 'net_profit_brl': 60990.0, 'avg_profit_brl': 9.41, 'avg_win_brl': 38.78, 'avg_loss_brl': -54.17, 'profit_factor': 1.5672, 'max_drawdown_pct': 4.77, 'expected_payoff': 9.41, 'on_tester_value': 12777.09697}",COMPLETE
137,38591.118421,2026-03-26 02:04:28.946154,2026-03-26 02:04:32.084743,0 days 00:00:03.138589,38,False,True,True,True,True,590,0.4,835,5,4,0.19,0.75,0.15000000000000002,"{'start_date': '2021-03-23', 'end_date': '2024-09-16', 'trading_days': 872, 'total_trades': 1864, 'win_rate': 0.9753, 'net_profit_brl': 28475.0, 'avg_profit_brl': 15.28, 'avg_win_brl': 17.13, 'avg_loss_brl': -70.0, 'profit_factor': 11.7049, 'max_drawdown_pct': 0.74, 'expected_payoff': 15.28, 'on_tester_value': 38591.118421}",COMPLETE
138,13490.502273,2026-03-26 02:04:32.084788,2026-03-26 02:04:35.251359,0 days 00:00:03.166571,35,False,True,True,True,True,645,0.4,770,4,4,0.22,0.6,0.2,"{'start_date': '2021-03-23', 'end_date': '2024-09-16', 'trading_days': 872, 'total_trades': 746, 'win_rate': 0.9477, 'net_profit_brl': 13785.0, 'avg_profit_brl': 18.48, 'avg_win_brl': 22.86, 'avg_loss_brl': -65.97, 'profit_factor': 6.8042, 'max_drawdown_pct': 1.02, 'expected_payoff': 18.48, 'on_tester_value': 13490.502273}",COMPLETE
139,5002.185417,2026-03-26 02:04:35.251427,2026-03-26 02:04:38.335838,0 days 00:00:03.084411,39,False,True,True,True,True,630,0.4,765,13,3,0.13,0.9,0.30000000000000004,"{'start_date': '2021-03-23', 'end_date': '2024-09-16', 'trading_days': 872, 'total_trades': 1656, 'win_rate': 0.8593, 'net_profit_brl': 25790.0, 'avg_profit_brl': 15.57, 'avg_win_brl': 34.18, 'avg_loss_brl': -101.13, 'profit_factor': 2.1284, 'max_drawdown_pct': 5.16, 'expected_payoff': 15.57, 'on_tester_value': 5002.185417}",COMPLETE
140,5129.964486,2026-03-26 02:04:38.335899,2026-03-26 02:04:41.651270,0 days 00:00:03.315371,30,True,True,True,True,True,690,0.35,875,6,3,0.13,0.75,0.25,"{'start_date': '2021-03-23', 'end_date': '2024-09-16', 'trading_days': 872, 'total_trades': 1366, 'win_rate': 0.9026, 'net_profit_brl': 24905.0, 'avg_profit_brl': 18.23, 'avg_win_brl': 29.89, 'avg_loss_brl': -90.57, 'profit_factor': 3.0832, 'max_drawdown_pct': 4.85, 'expected_payoff': 18.23, 'on_tester_value': 5129.964486}",COMPLETE
141,10126.016667,2026-03-26 02:04:41.651328,2026-03-26 02:04:44.558678,0 days 00:00:02.907350,40,False,True,False,False,True,565,0.4,855,7,3,0.22,0.75,0.1,"{'start_date': '2021-03-23', 'end_date': '2024-09-16', 'trading_days': 872, 'total_trades': 938, 'win_rate': 0.9797, 'net_profit_brl': 9640.0, 'avg_profit_brl': 10.28, 'avg_win_brl': 11.38, 'avg_loss_brl': -58.21, 'profit_factor': 12.8282, 'max_drawdown_pct': 0.95, 'expected_payoff': 10.28, 'on_tester_value': 10126.016667}",COMPLETE
142,67741.847826,2026-03-26 02:04:44.558726,2026-03-26 02:04:47.744115,0 days 00:00:03.185389,27,False,True,True,True,True,560,0.15,885,9,3,0.16,1.05,0.15000000000000002,"{'start_date': '2021-03-23', 'end_date': '2024-09-16', 'trading_days': 872, 'total_trades': 4245, 'win_rate': 0.9625, 'net_profit_brl': 60625.0, 'avg_profit_brl': 14.28, 'avg_win_brl': 17.62, 'avg_loss_brl': -83.07, 'profit_factor': 6.3273, 'max_drawdown_pct': 0.89, 'expected_payoff': 14.28, 'on_tester_value': 67741.847826}",COMPLETE
143,1508.439024,2026-03-26 02:04:47.744158,2026-03-26 02:04:50.619271,0 days 00:00:02.875113,37,False,True,False,True,True,675,0.35,720,10,5,0.22,1.15,0.15000000000000002,"{'start_date': '2021-03-23', 'end_date': '2024-09-16', 'trading_days': 872, 'total_trades': 186, 'win_rate': 0.9839, 'net_profit_brl': 2675.0, 'avg_profit_brl': 14.38, 'avg_win_brl': 17.3, 'avg_loss_brl': -163.33, 'profit_factor': 6.4592, 'max_drawdown_pct': 1.77, 'expected_payoff': 14.38, 'on_tester_value': 1508.439024}",COMPLETE
144,7278.448649,2026-03-26 02:04:50.619313,2026-03-26 02:04:53.520044,0 days 00:00:02.900731,29,False,True,True,True,True,645,0.2,895,7,4,0.24000000000000002,0.95,0.1,"{'start_date': '2021-03-23', 'end_date': '2024-09-16', 'trading_days': 872, 'total_trades': 991, 'win_rate': 0.9889, 'net_profit_brl': 10430.0, 'avg_profit_brl': 10.52, 'avg_win_brl': 11.72, 'avg_loss_brl': -95.91, 'profit_factor': 10.8863, 'max_drawdown_pct': 1.43, 'expected_payoff': 10.52, 'on_tester_value': 7278.448649}",COMPLETE
145,96842.115789,2026-03-26 02:04:53.520107,2026-03-26 02:04:56.754410,0 days 00:00:03.234303,25,True,True,True,True,True,570,0.15,860,4,3,0.12000000000000001,0.6,0.1,"{'start_date': '2021-03-23', 'end_date': '2024-09-16', 'trading_days': 872, 'total_trades': 5977, 'win_rate': 0.9277, 'net_profit_brl': 55355.0, 'avg_profit_brl': 9.26, 'avg_win_brl': 12.21, 'avg_loss_brl': -38.53, 'profit_factor': 5.4895, 'max_drawdown_pct': 0.57, 'expected_payoff': 9.26, 'on_tester_value': 96842.115789}",COMPLETE
146,26889.852,2026-03-26 02:04:56.754488,2026-03-26 02:04:59.711020,0 days 00:00:02.956532,30,False,False,True,True,True,580,0.25,855,7,3,0.19,1.4,0.1,"{'start_date': '2021-03-23', 'end_date': '2024-09-16', 'trading_days': 872, 'total_trades': 1935, 'win_rate': 0.9928, 'net_profit_brl': 21505.0, 'avg_profit_brl': 11.11, 'avg_win_brl': 11.7, 'avg_loss_brl': -98.0, 'profit_factor': 22.9439, 'max_drawdown_pct': 0.8, 'expected_payoff': 11.11, 'on_tester_value': 26889.852}",COMPLETE
147,3104.867039,2026-03-26 02:04:59.711089,2026-03-26 02:05:02.480093,0 days 00:00:02.769004,34,False,False,True,True,False,555,0.2,900,7,3,0.31,1.2000000000000002,0.55,"{'start_date': '2021-03-23', 'end_date': '2024-09-16', 'trading_days': 872, 'total_trades': 1227, 'win_rate': 0.7522, 'net_profit_brl': 17905.0, 'avg_profit_brl': 14.59, 'avg_win_brl': 60.48, 'avg_loss_brl': -128.11, 'profit_factor': 1.4722, 'max_drawdown_pct': 5.77, 'expected_payoff': 14.59, 'on_tester_value': 3104.867039}",COMPLETE
148,23509.608434,2026-03-26 02:05:02.480137,2026-03-26 02:05:05.522786,0 days 00:00:03.042649,20,False,True,True,True,True,590,0.15,880,7,3,0.12000000000000001,1.35,0.15000000000000002,"{'start_date': '2021-03-23', 'end_date': '2024-09-16', 'trading_days': 872, 'total_trades': 3707, 'win_rate': 0.9744, 'net_profit_brl': 56625.0, 'avg_profit_brl': 15.28, 'avg_win_brl': 18.57, 'avg_loss_brl': -118.81, 'profit_factor': 6.4161, 'max_drawdown_pct': 2.41, 'expected_payoff': 15.28, 'on_tester_value': 23509.608434}",COMPLETE
149,45403.509375,2026-03-26 02:05:05.522825,2026-03-26 02:05:08.646128,0 days 00:00:03.123303,33,False,True,True,True,True,545,0.2,850,10,4,0.13,0.95,0.1,"{'start_date': '2021-03-23', 'end_date': '2024-09-16', 'trading_days': 872, 'total_trades': 6227, 'win_rate': 0.9457, 'net_profit_brl': 56910.0, 'avg_profit_brl': 9.14, 'avg_win_brl': 12.91, 'avg_loss_brl': -64.38, 'profit_factor': 3.9765, 'max_drawdown_pct': 1.25, 'expected_payoff': 9.14, 'on_tester_value': 45403.509375}",COMPLETE
150,106357.211667,2026-03-26 02:05:08.646186,2026-03-26 02:05:11.914875,0 days 00:00:03.268689,30,False,True,True,True,True,555,0.2,880,8,4,0.12000000000000001,0.95,0.15000000000000002,"{'start_date': '2021-03-23', 'end_date': '2024-09-16', 'trading_days': 872, 'total_trades': 5809, 'win_rate': 0.9372, 'net_profit_brl': 75235.0, 'avg_profit_brl': 12.95, 'avg_win_brl': 18.26, 'avg_loss_brl': -74.16, 'profit_factor': 4.1121, 'max_drawdown_pct': 0.71, 'expected_payoff': 12.95, 'on_tester_value': 106357.211667}",COMPLETE
151,21100.971429,2026-03-26 02:05:11.914937,2026-03-26 02:05:14.740518,0 days 00:00:02.825581,31,False,True,True,True,True,545,0.30000000000000004,740,11,5,0.19,0.8500000000000001,0.1,"{'start_date': '2021-03-23', 'end_date': '2024-09-16', 'trading_days': 872, 'total_trades': 3079, 'win_rate': 0.9678, 'net_profit_brl': 29660.0, 'avg_profit_brl': 9.63, 'avg_win_brl': 11.38, 'avg_loss_brl': -60.64, 'profit_factor': 7.987, 'max_drawdown_pct': 1.41, 'expected_payoff': 9.63, 'on_tester_value': 21100.971429}",COMPLETE
152,27408.715455,2026-03-26 02:05:14.740565,2026-03-26 02:05:17.753433,0 days 00:00:03.012868,30,False,True,True,True,True,585,0.25,810,8,3,0.11,0.8,0.25,"{'start_date': '2021-03-23', 'end_date': '2024-09-16', 'trading_days': 872, 'total_trades': 3858, 'win_rate': 0.8725, 'net_profit_brl': 58955.0, 'avg_profit_brl': 15.28, 'avg_win_brl': 28.92, 'avg_loss_brl': -80.8, 'profit_factor': 2.5361, 'max_drawdown_pct': 2.15, 'expected_payoff': 15.28, 'on_tester_value': 27408.715455}",COMPLETE
153,28837.337838,2026-03-26 02:05:17.753485,2026-03-26 02:05:20.891261,0 days 00:00:03.137776,32,False,True,True,True,True,545,0.15,815,8,6,0.18,1.1,0.2,"{'start_date': '2021-03-23', 'end_date': '2024-09-16', 'trading_days': 872, 'total_trades': 4955, 'win_rate': 0.9344, 'net_profit_brl': 77740.0, 'avg_profit_brl': 15.69, 'avg_win_brl': 23.16, 'avg_loss_brl': -97.38, 'profit_factor': 3.6348, 'max_drawdown_pct': 2.7, 'expected_payoff': 15.69, 'on_tester_value': 28837.337838}",COMPLETE
154,82908.984375,2026-03-26 02:05:20.891326,2026-03-26 02:05:24.888762,0 days 00:00:03.997436,21,True,True,True,True,True,610,0.15,850,1,3,0.12000000000000001,0.8500000000000001,0.1,"{'start_date': '2021-03-23', 'end_date': '2024-09-16', 'trading_days': 872, 'total_trades': 3570, 'win_rate': 0.9742, 'net_profit_brl': 39305.0, 'avg_profit_brl': 11.01, 'avg_win_brl': 12.54, 'avg_loss_brl': -56.51, 'profit_factor': 10.1513, 'max_drawdown_pct': 0.47, 'expected_payoff': 11.01, 'on_tester_value': 82908.984375}",COMPLETE
155,76119.696,2026-03-26 02:05:24.888944,2026-03-26 02:05:28.715163,0 days 00:00:03.826219,30,False,True,False,True,True,545,0.15,895,10,3,0.14,0.95,0.15000000000000002,"{'start_date': '2021-03-23', 'end_date': '2024-09-16', 'trading_days': 872, 'total_trades': 4800, 'win_rate': 0.9323, 'net_profit_brl': 58680.0, 'avg_profit_brl': 12.22, 'avg_win_brl': 18.02, 'avg_loss_brl': -73.49, 'profit_factor': 3.6703, 'max_drawdown_pct': 0.77, 'expected_payoff': 12.22, 'on_tester_value': 76119.696}",COMPLETE
156,26333.406452,2026-03-26 02:05:28.715223,2026-03-26 02:05:32.597176,0 days 00:00:03.881953,19,False,True,False,True,True,590,0.25,890,11,4,0.15000000000000002,1.2000000000000002,0.1,"{'start_date': '2021-03-23', 'end_date': '2024-09-16', 'trading_days': 872, 'total_trades': 2260, 'win_rate': 0.9889, 'net_profit_brl': 25180.0, 'avg_profit_brl': 11.14, 'avg_win_brl': 11.99, 'avg_loss_brl': -73.64, 'profit_factor': 16.5432, 'max_drawdown_pct': 0.96, 'expected_payoff': 11.14, 'on_tester_value': 26333.406452}",COMPLETE
157,18307.558824,2026-03-26 02:05:32.597232,2026-03-26 02:05:36.499028,0 days 00:00:03.901796,36,False,True,False,True,True,550,0.15,875,9,4,0.15000000000000002,1.1,0.1,"{'start_date': '2021-03-23', 'end_date': '2024-09-16', 'trading_days': 872, 'total_trades': 4022, 'win_rate': 0.9657, 'net_profit_brl': 39050.0, 'avg_profit_brl': 9.71, 'avg_win_brl': 12.34, 'avg_loss_brl': -71.61, 'profit_factor': 5.3975, 'max_drawdown_pct': 2.13, 'expected_payoff': 9.71, 'on_tester_value': 18307.558824}",COMPLETE
158,52857.819048,2026-03-26 02:05:36.499116,2026-03-26 02:05:40.523996,0 days 00:00:04.024880,20,True,True,True,True,False,615,0.15,835,1,5,0.11,0.8500000000000001,0.2,"{'start_date': '2021-03-23', 'end_date': '2024-09-16', 'trading_days': 872, 'total_trades': 2847, 'win_rate': 0.9347, 'net_profit_brl': 49510.0, 'avg_profit_brl': 17.39, 'avg_win_brl': 24.4, 'avg_loss_brl': -90.76, 'profit_factor': 4.2087, 'max_drawdown_pct': 0.94, 'expected_payoff': 17.39, 'on_tester_value': 52857.819048}",COMPLETE
159,10453.057576,2026-03-26 02:05:40.524057,2026-03-26 02:05:44.694865,0 days 00:00:04.170808,13,True,True,True,True,False,620,0.15,795,2,5,0.12000000000000001,0.9,0.30000000000000004,"{'start_date': '2021-03-23', 'end_date': '2024-09-16', 'trading_days': 872, 'total_trades': 2341, 'win_rate': 0.8518, 'net_profit_brl': 37590.0, 'avg_profit_brl': 16.06, 'avg_win_brl': 37.14, 'avg_loss_brl': -109.52, 'profit_factor': 2.0307, 'max_drawdown_pct': 3.6, 'expected_payoff': 16.06, 'on_tester_value': 10453.057576}",COMPLETE
160,14624.3,2026-03-26 02:05:44.694925,2026-03-26 02:05:48.702147,0 days 00:00:04.007222,16,True,True,False,True,True,625,0.15,900,1,3,0.13,0.55,0.25,"{'start_date': '2021-03-23', 'end_date': '2024-09-16', 'trading_days': 872, 'total_trades': 2430, 'win_rate': 0.8584, 'net_profit_brl': 40850.0, 'avg_profit_brl': 16.81, 'avg_win_brl': 29.17, 'avg_loss_brl': -62.52, 'profit_factor': 3.042, 'max_drawdown_pct': 2.79, 'expected_payoff': 16.81, 'on_tester_value': 14624.3}",COMPLETE
161,2121.636559,2026-03-26 02:05:48.702236,2026-03-26 02:05:52.692082,0 days 00:00:03.989846,24,False,True,False,True,True,570,0.15,835,11,4,0.18,0.8,0.5,"{'start_date': '2021-03-23', 'end_date': '2024-09-16', 'trading_days': 872, 'total_trades': 2291, 'win_rate': 0.677, 'net_profit_brl': 22270.0, 'avg_profit_brl': 9.72, 'avg_win_brl': 54.23, 'avg_loss_brl': -85.64, 'profit_factor': 1.3602, 'max_drawdown_pct': 10.5, 'expected_payoff': 9.72, 'on_tester_value': 2121.636559}",COMPLETE
162,6609.015625,2026-03-26 02:05:52.692243,2026-03-26 02:05:57.127537,0 days 00:00:04.435294,17,True,True,True,False,True,665,0.2,885,1,5,0.18,0.95,0.1,"{'start_date': '2021-03-23', 'end_date': '2024-09-16', 'trading_days': 872, 'total_trades': 1014, 'win_rate': 0.9911, 'net_profit_brl': 11815.0, 'avg_profit_brl': 11.65, 'avg_win_brl': 12.72, 'avg_loss_brl': -107.78, 'profit_factor': 13.1804, 'max_drawdown_pct': 1.79, 'expected_payoff': 11.65, 'on_tester_value': 6609.015625}",COMPLETE
163,73576.040909,2026-03-26 02:05:57.127613,2026-03-26 02:06:01.564449,0 days 00:00:04.436836,26,True,True,True,True,True,555,0.15,770,2,3,0.16,0.55,0.1,"{'start_date': '2021-03-23', 'end_date': '2024-09-16', 'trading_days': 872, 'total_trades': 5450, 'win_rate': 0.9317, 'net_profit_brl': 49790.0, 'avg_profit_brl': 9.14, 'avg_win_brl': 11.8, 'avg_loss_brl': -38.23, 'profit_factor': 5.9151, 'max_drawdown_pct': 0.68, 'expected_payoff': 9.14, 'on_tester_value': 73576.040909}",COMPLETE
164,57526.224074,2026-03-26 02:06:01.564523,2026-03-26 02:06:05.917110,0 days 00:00:04.352587,16,True,True,True,True,True,620,0.15,820,2,3,0.11,0.55,0.2,"{'start_date': '2021-03-23', 'end_date': '2024-09-16', 'trading_days': 872, 'total_trades': 3298, 'win_rate': 0.8951, 'net_profit_brl': 54365.0, 'avg_profit_brl': 16.48, 'avg_win_brl': 24.39, 'avg_loss_brl': -58.04, 'profit_factor': 4.081, 'max_drawdown_pct': 0.95, 'expected_payoff': 16.48, 'on_tester_value': 57526.224074}",COMPLETE
165,35324.797143,2026-03-26 02:06:05.917214,2026-03-26 02:06:09.871416,0 days 00:00:03.954202,29,True,True,True,True,True,590,0.15,770,1,3,0.18,0.8500000000000001,0.25,"{'start_date': '2021-03-23', 'end_date': '2024-09-16', 'trading_days': 872, 'total_trades': 2707, 'win_rate': 0.928, 'net_profit_brl': 54755.0, 'avg_profit_brl': 20.23, 'avg_win_brl': 28.36, 'avg_loss_brl': -92.67, 'profit_factor': 4.3195, 'max_drawdown_pct': 1.55, 'expected_payoff': 20.23, 'on_tester_value': 35324.797143}",COMPLETE
166,26803.125,2026-03-26 02:06:09.871467,2026-03-26 02:06:13.900243,0 days 00:00:04.028776,18,True,True,True,True,True,540,0.2,840,1,4,0.15000000000000002,0.55,0.35,"{'start_date': '2021-03-23', 'end_date': '2024-09-16', 'trading_days': 872, 'total_trades': 7269, 'win_rate': 0.6942, 'net_profit_brl': 85770.0, 'avg_profit_brl': 11.8, 'avg_win_brl': 39.33, 'avg_loss_brl': -56.51, 'profit_factor': 1.7612, 'max_drawdown_pct': 3.2, 'expected_payoff': 11.8, 'on_tester_value': 26803.125}",COMPLETE
167,106804.6875,2026-03-26 02:06:13.900322,2026-03-26 02:06:18.005811,0 days 00:00:04.105489,27,True,True,True,True,True,545,0.2,740,7,3,0.15000000000000002,0.6,0.1,"{'start_date': '2021-03-23', 'end_date': '2024-09-16', 'trading_days': 872, 'total_trades': 6467, 'win_rate': 0.9201, 'net_profit_brl': 56250.0, 'avg_profit_brl': 8.7, 'avg_win_brl': 11.96, 'avg_loss_brl': -38.99, 'profit_factor': 4.7663, 'max_drawdown_pct': 0.53, 'expected_payoff': 8.7, 'on_tester_value': 106804.6875}",COMPLETE
168,43764.0225,2026-03-26 02:06:18.005860,2026-03-26 02:06:22.044898,0 days 00:00:04.039038,29,True,True,True,True,False,620,0.15,845,1,4,0.11,0.7,0.2,"{'start_date': '2021-03-23', 'end_date': '2024-09-16', 'trading_days': 872, 'total_trades': 2733, 'win_rate': 0.9177, 'net_profit_brl': 44990.0, 'avg_profit_brl': 16.46, 'avg_win_brl': 23.76, 'avg_loss_brl': -71.95, 'profit_factor': 4.0805, 'max_drawdown_pct': 1.03, 'expected_payoff': 16.46, 'on_tester_value': 43764.0225}",COMPLETE
169,42506.77551,2026-03-26 02:06:22.044960,2026-03-26 02:06:26.022783,0 days 00:00:03.977823,28,True,True,True,True,True,555,0.30000000000000004,740,7,3,0.11,0.75,0.15000000000000002,"{'start_date': '2021-03-23', 'end_date': '2024-09-16', 'trading_days': 872, 'total_trades': 6058, 'win_rate': 0.9155, 'net_profit_brl': 74600.0, 'avg_profit_brl': 12.31, 'avg_win_brl': 18.15, 'avg_loss_brl': -60.45, 'profit_factor': 3.8632, 'max_drawdown_pct': 1.76, 'expected_payoff': 12.31, 'on_tester_value': 42506.77551}",COMPLETE
170,19254.576923,2026-03-26 02:06:26.022848,2026-03-26 02:06:29.700109,0 days 00:00:03.677261,30,False,True,False,True,False,555,0.25,895,14,4,0.14,1.0,0.15000000000000002,"{'start_date': '2021-03-23', 'end_date': '2024-09-16', 'trading_days': 872, 'total_trades': 2426, 'win_rate': 0.9571, 'net_profit_brl': 32550.0, 'avg_profit_brl': 13.42, 'avg_win_brl': 17.48, 'avg_loss_brl': -83.65, 'profit_factor': 5.0535, 'max_drawdown_pct': 1.69, 'expected_payoff': 13.42, 'on_tester_value': 19254.576923}",COMPLETE
