number,value,datetime_start,datetime_complete,duration,params_ATR_Length,params_AllowFriday,params_AllowMonday,params_AllowThursday,params_AllowTuesday,params_AllowWednesday,params_EntryStart_TotalMinutes,params_FilterAsPercOfContractMARange,params_LastEntry_TotalMinutes,params_MinutesBeforeMarketCloseToClosePositions,params_NumDaysToConsiderPreviousContractMARange,params_RetracementLevel,params_SL_ATRMultiplier,params_TP_ATRMultiplier,user_attrs_train_metrics,state
85,8060.75443,2026-03-26 02:01:25.184761,2026-03-26 02:01:27.804445,0 days 00:00:02.619684,40,True,True,False,False,False,545,0.2,845,6,6,0.32,1.0,0.30000000000000004,"{'start_date': '2021-03-23', 'end_date': '2024-09-16', 'trading_days': 872, 'total_trades': 1266, 'win_rate': 0.8989, 'net_profit_brl': 25160.0, 'avg_profit_brl': 19.87, 'avg_win_brl': 33.93, 'avg_loss_brl': -117.0, 'profit_factor': 2.8699, 'max_drawdown_pct': 3.12, 'expected_payoff': 19.87, 'on_tester_value': 8060.75443}",COMPLETE
86,13793.123333,2026-03-26 02:01:27.804515,2026-03-26 02:01:30.612077,0 days 00:00:02.807562,36,True,True,False,True,True,610,0.5,815,2,5,0.26,0.5,0.30000000000000004,"{'start_date': '2021-03-23', 'end_date': '2024-09-16', 'trading_days': 872, 'total_trades': 855, 'win_rate': 0.8304, 'net_profit_brl': 16565.0, 'avg_profit_brl': 19.37, 'avg_win_brl': 34.51, 'avg_loss_brl': -57.54, 'profit_factor': 3.0863, 'max_drawdown_pct': 1.2, 'expected_payoff': 19.37, 'on_tester_value': 13793.123333}",COMPLETE
87,19839.465625,2026-03-26 02:01:30.612147,2026-03-26 02:01:33.305819,0 days 00:00:02.693672,40,False,True,False,True,True,575,0.45000000000000007,765,2,3,0.17,0.7,0.1,"{'start_date': '2021-03-23', 'end_date': '2024-09-16', 'trading_days': 872, 'total_trades': 1310, 'win_rate': 0.9794, 'net_profit_brl': 13265.0, 'avg_profit_brl': 10.13, 'avg_win_brl': 11.41, 'avg_loss_brl': -57.08, 'profit_factor': 10.6825, 'max_drawdown_pct': 0.67, 'expected_payoff': 10.13, 'on_tester_value': 19839.465625}",COMPLETE
88,10183.248284,2026-03-26 02:01:33.305866,2026-03-26 02:01:36.102900,0 days 00:00:02.797034,32,True,False,True,True,True,600,0.45000000000000007,865,2,8,0.15000000000000002,0.6,0.35,"{'start_date': '2021-03-23', 'end_date': '2024-09-16', 'trading_days': 872, 'total_trades': 2195, 'win_rate': 0.7809, 'net_profit_brl': 35885.0, 'avg_profit_brl': 16.35, 'avg_win_brl': 40.29, 'avg_loss_brl': -71.05, 'profit_factor': 2.0815, 'max_drawdown_pct': 3.52, 'expected_payoff': 16.35, 'on_tester_value': 10183.248284}",COMPLETE
89,32739.827586,2026-03-26 02:01:36.102960,2026-03-26 02:01:39.051831,0 days 00:00:02.948871,22,True,True,True,True,True,540,0.15,890,6,3,0.24000000000000002,0.9,0.2,"{'start_date': '2021-03-23', 'end_date': '2024-09-16', 'trading_days': 872, 'total_trades': 5656, 'win_rate': 0.9098, 'net_profit_brl': 87750.0, 'avg_profit_brl': 15.51, 'avg_win_brl': 22.97, 'avg_loss_brl': -73.77, 'profit_factor': 3.8804, 'max_drawdown_pct': 2.68, 'expected_payoff': 15.51, 'on_tester_value': 32739.827586}",COMPLETE
90,17409.28,2026-03-26 02:01:39.051897,2026-03-26 02:01:41.547431,0 days 00:00:02.495534,17,True,True,True,False,False,570,0.15,825,6,3,0.24000000000000002,0.8500000000000001,0.1,"{'start_date': '2021-03-23', 'end_date': '2024-09-16', 'trading_days': 872, 'total_trades': 1761, 'win_rate': 0.9688, 'net_profit_brl': 18760.0, 'avg_profit_brl': 10.65, 'avg_win_brl': 12.23, 'avg_loss_brl': -68.06, 'profit_factor': 9.891, 'max_drawdown_pct': 1.08, 'expected_payoff': 10.65, 'on_tester_value': 17409.28}",COMPLETE
91,11052.362195,2026-03-26 02:01:41.547498,2026-03-26 02:01:44.031774,0 days 00:00:02.484276,25,True,False,False,True,True,560,0.5,860,3,6,0.27,0.7,0.2,"{'start_date': '2021-03-23', 'end_date': '2024-09-16', 'trading_days': 872, 'total_trades': 925, 'win_rate': 0.9373, 'net_profit_brl': 16365.0, 'avg_profit_brl': 17.69, 'avg_win_brl': 23.22, 'avg_loss_brl': -80.21, 'profit_factor': 5.3408, 'max_drawdown_pct': 1.48, 'expected_payoff': 17.69, 'on_tester_value': 11052.362195}",COMPLETE
92,10786.5,2026-03-26 02:01:44.031848,2026-03-26 02:01:46.489083,0 days 00:00:02.457235,38,False,True,False,True,False,560,0.30000000000000004,825,12,6,0.26,1.2000000000000002,0.30000000000000004,"{'start_date': '2021-03-23', 'end_date': '2024-09-16', 'trading_days': 872, 'total_trades': 1022, 'win_rate': 0.9217, 'net_profit_brl': 21150.0, 'avg_profit_brl': 20.69, 'avg_win_brl': 32.92, 'avg_loss_brl': -129.74, 'profit_factor': 3.145, 'max_drawdown_pct': 1.96, 'expected_payoff': 20.69, 'on_tester_value': 10786.5}",COMPLETE
93,2091.201408,2026-03-26 02:01:46.489133,2026-03-26 02:01:49.754519,0 days 00:00:03.265386,24,True,True,True,True,True,635,0.15,825,8,3,0.35,1.05,0.65,"{'start_date': '2021-03-23', 'end_date': '2024-09-16', 'trading_days': 872, 'total_trades': 759, 'win_rate': 0.7075, 'net_profit_brl': 14585.0, 'avg_profit_brl': 19.22, 'avg_win_brl': 76.31, 'avg_loss_brl': -118.9, 'profit_factor': 1.5526, 'max_drawdown_pct': 6.97, 'expected_payoff': 19.22, 'on_tester_value': 2091.201408}",COMPLETE
94,40329.981081,2026-03-26 02:01:49.754634,2026-03-26 02:01:54.179795,0 days 00:00:04.425161,24,True,True,True,True,True,630,0.15,890,5,3,0.1,0.8,0.2,"{'start_date': '2021-03-23', 'end_date': '2024-09-16', 'trading_days': 872, 'total_trades': 3677, 'win_rate': 0.9168, 'net_profit_brl': 58335.0, 'avg_profit_brl': 15.86, 'avg_win_brl': 24.23, 'avg_loss_brl': -82.22, 'profit_factor': 3.4983, 'max_drawdown_pct': 1.45, 'expected_payoff': 15.86, 'on_tester_value': 40329.981081}",COMPLETE
95,4498.355488,2026-03-26 02:01:54.179853,2026-03-26 02:01:57.766128,0 days 00:00:03.586275,21,True,True,False,True,True,700,0.15,870,9,3,0.13,1.0,0.25,"{'start_date': '2021-03-23', 'end_date': '2024-09-16', 'trading_days': 872, 'total_trades': 963, 'win_rate': 0.9148, 'net_profit_brl': 17085.0, 'avg_profit_brl': 17.74, 'avg_win_brl': 30.37, 'avg_loss_brl': -117.99, 'profit_factor': 2.7659, 'max_drawdown_pct': 3.8, 'expected_payoff': 17.74, 'on_tester_value': 4498.355488}",COMPLETE
96,30091.25,2026-03-26 02:01:57.766274,2026-03-26 02:02:01.649828,0 days 00:00:03.883554,22,True,True,True,True,True,575,0.2,875,7,4,0.21000000000000002,0.8500000000000001,0.1,"{'start_date': '2021-03-23', 'end_date': '2024-09-16', 'trading_days': 872, 'total_trades': 3130, 'win_rate': 0.985, 'net_profit_brl': 33250.0, 'avg_profit_brl': 10.62, 'avg_win_brl': 11.59, 'avg_loss_brl': -71.29, 'profit_factor': 14.3267, 'max_drawdown_pct': 1.1, 'expected_payoff': 10.62, 'on_tester_value': 30091.25}",COMPLETE
97,4810.546743,2026-03-26 02:02:01.649880,2026-03-26 02:02:05.495365,0 days 00:00:03.845485,20,True,False,True,True,True,555,0.2,855,2,3,0.17,0.9,0.45000000000000007,"{'start_date': '2021-03-23', 'end_date': '2024-09-16', 'trading_days': 872, 'total_trades': 4233, 'win_rate': 0.7255, 'net_profit_brl': 47095.0, 'avg_profit_brl': 11.13, 'avg_win_brl': 51.03, 'avg_loss_brl': -98.21, 'profit_factor': 1.4297, 'max_drawdown_pct': 9.79, 'expected_payoff': 11.13, 'on_tester_value': 4810.546743}",COMPLETE
98,43950.611765,2026-03-26 02:02:05.495461,2026-03-26 02:02:09.542532,0 days 00:00:04.047071,26,True,True,True,True,True,625,0.2,895,6,3,0.14,0.7,0.2,"{'start_date': '2021-03-23', 'end_date': '2024-09-16', 'trading_days': 872, 'total_trades': 2791, 'win_rate': 0.9344, 'net_profit_brl': 48580.0, 'avg_profit_brl': 17.41, 'avg_win_brl': 23.45, 'avg_loss_brl': -75.81, 'profit_factor': 4.8602, 'max_drawdown_pct': 1.11, 'expected_payoff': 17.41, 'on_tester_value': 43950.611765}",COMPLETE
99,23942.798571,2026-03-26 02:02:09.542622,2026-03-26 02:02:13.520979,0 days 00:00:03.978357,24,True,True,True,False,True,610,0.25,815,8,5,0.1,0.7,0.25,"{'start_date': '2021-03-23', 'end_date': '2024-09-16', 'trading_days': 872, 'total_trades': 3149, 'win_rate': 0.8517, 'net_profit_brl': 47105.0, 'avg_profit_brl': 14.96, 'avg_win_brl': 30.03, 'avg_loss_brl': -74.97, 'profit_factor': 2.4089, 'max_drawdown_pct': 1.97, 'expected_payoff': 14.96, 'on_tester_value': 23942.798571}",COMPLETE
100,29040.886111,2026-03-26 02:02:13.521035,2026-03-26 02:02:17.596070,0 days 00:00:04.075035,15,True,True,True,True,True,555,0.2,830,8,4,0.24000000000000002,0.75,0.25,"{'start_date': '2021-03-23', 'end_date': '2024-09-16', 'trading_days': 872, 'total_trades': 3694, 'win_rate': 0.9136, 'net_profit_brl': 73315.0, 'avg_profit_brl': 19.85, 'avg_win_brl': 28.55, 'avg_loss_brl': -82.23, 'profit_factor': 4.1841, 'max_drawdown_pct': 2.52, 'expected_payoff': 19.85, 'on_tester_value': 29040.886111}",COMPLETE
101,24757.022727,2026-03-26 02:02:17.596125,2026-03-26 02:02:21.778940,0 days 00:00:04.182815,10,True,True,True,True,True,565,0.2,840,6,3,0.27,1.0,0.1,"{'start_date': '2021-03-23', 'end_date': '2024-09-16', 'trading_days': 872, 'total_trades': 2805, 'win_rate': 0.9765, 'net_profit_brl': 30225.0, 'avg_profit_brl': 10.78, 'avg_win_brl': 12.21, 'avg_loss_brl': -78.78, 'profit_factor': 10.3576, 'max_drawdown_pct': 1.22, 'expected_payoff': 10.78, 'on_tester_value': 24757.022727}",COMPLETE
102,17029.692308,2026-03-26 02:02:21.778999,2026-03-26 02:02:25.723810,0 days 00:00:03.944811,23,True,True,True,True,True,715,0.2,785,3,4,0.15000000000000002,0.55,0.15000000000000002,"{'start_date': '2021-03-23', 'end_date': '2024-09-16', 'trading_days': 872, 'total_trades': 520, 'win_rate': 0.9654, 'net_profit_brl': 8675.0, 'avg_profit_brl': 16.68, 'avg_win_brl': 18.54, 'avg_loss_brl': -45.0, 'profit_factor': 14.7698, 'max_drawdown_pct': 0.51, 'expected_payoff': 16.68, 'on_tester_value': 17029.692308}",COMPLETE
103,26888.84434,2026-03-26 02:02:25.723879,2026-03-26 02:02:29.381220,0 days 00:00:03.657341,26,True,True,True,True,True,540,0.25,855,9,6,0.19,0.9,0.1,"{'start_date': '2021-03-23', 'end_date': '2024-09-16', 'trading_days': 872, 'total_trades': 5197, 'win_rate': 0.9594, 'net_profit_brl': 50375.0, 'avg_profit_brl': 9.69, 'avg_win_brl': 11.98, 'avg_loss_brl': -59.97, 'profit_factor': 6.3848, 'max_drawdown_pct': 1.87, 'expected_payoff': 9.69, 'on_tester_value': 26888.84434}",COMPLETE
104,12986.430769,2026-03-26 02:02:29.381285,2026-03-26 02:02:32.816125,0 days 00:00:03.434840,14,False,True,True,True,True,585,0.2,885,7,4,0.25,0.65,0.4,"{'start_date': '2021-03-23', 'end_date': '2024-09-16', 'trading_days': 872, 'total_trades': 1849, 'win_rate': 0.7664, 'net_profit_brl': 32560.0, 'avg_profit_brl': 17.61, 'avg_win_brl': 46.15, 'avg_loss_brl': -77.43, 'profit_factor': 1.9918, 'max_drawdown_pct': 2.51, 'expected_payoff': 17.61, 'on_tester_value': 12986.430769}",COMPLETE
105,10697.83,2026-03-26 02:02:32.816198,2026-03-26 02:02:36.010218,0 days 00:00:03.194020,21,True,True,True,True,True,635,0.15,840,10,3,0.13,0.55,0.30000000000000004,"{'start_date': '2021-03-23', 'end_date': '2024-09-16', 'trading_days': 872, 'total_trades': 2458, 'win_rate': 0.7941, 'net_profit_brl': 37405.0, 'avg_profit_brl': 15.22, 'avg_win_brl': 35.16, 'avg_loss_brl': -64.01, 'profit_factor': 2.1975, 'max_drawdown_pct': 3.5, 'expected_payoff': 15.22, 'on_tester_value': 10697.83}",COMPLETE
106,46337.673,2026-03-26 02:02:36.010270,2026-03-26 02:02:39.154629,0 days 00:00:03.144359,25,False,True,True,True,True,545,0.15,890,5,3,0.18,1.0,0.2,"{'start_date': '2021-03-23', 'end_date': '2024-09-16', 'trading_days': 872, 'total_trades': 5175, 'win_rate': 0.9285, 'net_profit_brl': 79865.0, 'avg_profit_brl': 15.43, 'avg_win_brl': 22.95, 'avg_loss_brl': -88.62, 'profit_factor': 3.6276, 'max_drawdown_pct': 1.72, 'expected_payoff': 15.43, 'on_tester_value': 46337.673}",COMPLETE
107,3374.670543,2026-03-26 02:02:39.154702,2026-03-26 02:02:41.995254,0 days 00:00:02.840552,38,False,True,False,True,False,620,0.4,800,8,4,0.11,0.9,0.35,"{'start_date': '2021-03-23', 'end_date': '2024-09-16', 'trading_days': 872, 'total_trades': 1166, 'win_rate': 0.8156, 'net_profit_brl': 16750.0, 'avg_profit_brl': 14.37, 'avg_win_brl': 39.55, 'avg_loss_brl': -98.4, 'profit_factor': 1.803, 'max_drawdown_pct': 4.96, 'expected_payoff': 14.37, 'on_tester_value': 3374.670543}",COMPLETE
108,22288.014706,2026-03-26 02:02:41.995321,2026-03-26 02:02:45.159817,0 days 00:00:03.164496,24,True,True,True,False,True,570,0.30000000000000004,885,8,4,0.25,1.1,0.2,"{'start_date': '2021-03-23', 'end_date': '2024-09-16', 'trading_days': 872, 'total_trades': 2180, 'win_rate': 0.9578, 'net_profit_brl': 39675.0, 'avg_profit_brl': 18.2, 'avg_win_brl': 23.32, 'avg_loss_brl': -121.82, 'profit_factor': 5.401, 'max_drawdown_pct': 1.78, 'expected_payoff': 18.2, 'on_tester_value': 22288.014706}",COMPLETE
109,60511.36,2026-03-26 02:02:45.159874,2026-03-26 02:02:48.556982,0 days 00:00:03.397108,29,False,False,True,True,True,550,0.2,865,4,3,0.21000000000000002,1.35,0.15000000000000002,"{'start_date': '2021-03-23', 'end_date': '2024-09-16', 'trading_days': 872, 'total_trades': 2882, 'win_rate': 0.9736, 'net_profit_brl': 41560.0, 'avg_profit_brl': 14.42, 'avg_win_brl': 17.23, 'avg_loss_brl': -104.38, 'profit_factor': 7.1253, 'max_drawdown_pct': 0.69, 'expected_payoff': 14.42, 'on_tester_value': 60511.36}",COMPLETE
110,12057.886628,2026-03-26 02:02:48.557044,2026-03-26 02:02:52.128846,0 days 00:00:03.571802,31,False,True,True,True,True,550,0.15,860,1,4,0.22,1.35,0.4,"{'start_date': '2021-03-23', 'end_date': '2024-09-16', 'trading_days': 872, 'total_trades': 3669, 'win_rate': 0.8403, 'net_profit_brl': 54075.0, 'avg_profit_brl': 14.74, 'avg_win_brl': 44.11, 'avg_loss_brl': -142.69, 'profit_factor': 1.6602, 'max_drawdown_pct': 4.48, 'expected_payoff': 14.74, 'on_tester_value': 12057.886628}",COMPLETE
111,13062.07027,2026-03-26 02:02:52.128902,2026-03-26 02:02:55.574646,0 days 00:00:03.445744,19,False,True,True,True,True,715,0.15,870,3,3,0.1,0.9,0.15000000000000002,"{'start_date': '2021-03-23', 'end_date': '2024-09-16', 'trading_days': 872, 'total_trades': 1070, 'win_rate': 0.9636, 'net_profit_brl': 16180.0, 'avg_profit_brl': 15.12, 'avg_win_brl': 18.75, 'avg_loss_brl': -82.89, 'profit_factor': 6.1365, 'max_drawdown_pct': 1.24, 'expected_payoff': 15.12, 'on_tester_value': 13062.07027}",COMPLETE
112,14060.203774,2026-03-26 02:02:55.574692,2026-03-26 02:02:59.046158,0 days 00:00:03.471466,31,False,False,True,True,True,620,0.2,855,13,3,0.18,1.25,0.2,"{'start_date': '2021-03-23', 'end_date': '2024-09-16', 'trading_days': 872, 'total_trades': 1300, 'win_rate': 0.9692, 'net_profit_brl': 24610.0, 'avg_profit_brl': 18.93, 'avg_win_brl': 23.29, 'avg_loss_brl': -135.29, 'profit_factor': 6.1975, 'max_drawdown_pct': 1.75, 'expected_payoff': 18.93, 'on_tester_value': 14060.203774}",COMPLETE
113,4613.21223,2026-03-26 02:02:59.046216,2026-03-26 02:03:02.369884,0 days 00:00:03.323668,19,False,True,True,True,False,590,0.15,780,6,3,0.14,1.05,0.4,"{'start_date': '2021-03-23', 'end_date': '2024-09-16', 'trading_days': 872, 'total_trades': 2131, 'win_rate': 0.7982, 'net_profit_brl': 28755.0, 'avg_profit_brl': 13.49, 'avg_win_brl': 46.33, 'avg_loss_brl': -118.03, 'profit_factor': 1.5746, 'max_drawdown_pct': 6.23, 'expected_payoff': 13.49, 'on_tester_value': 4613.21223}",COMPLETE
114,3883.878049,2026-03-26 02:03:02.369978,2026-03-26 02:03:05.703155,0 days 00:00:03.333177,21,False,False,True,True,True,625,0.2,835,6,3,0.37,1.4,0.1,"{'start_date': '2021-03-23', 'end_date': '2024-09-16', 'trading_days': 872, 'total_trades': 535, 'win_rate': 0.9888, 'net_profit_brl': 5780.0, 'avg_profit_brl': 10.8, 'avg_win_brl': 11.73, 'avg_loss_brl': -106.25, 'profit_factor': 14.6, 'max_drawdown_pct': 1.49, 'expected_payoff': 10.8, 'on_tester_value': 3883.878049}",COMPLETE
115,26239.01087,2026-03-26 02:03:05.703201,2026-03-26 02:03:09.113276,0 days 00:00:03.410075,29,False,False,True,True,True,560,0.25,805,2,4,0.18,1.1,0.2,"{'start_date': '2021-03-23', 'end_date': '2024-09-16', 'trading_days': 872, 'total_trades': 2596, 'win_rate': 0.9545, 'net_profit_brl': 46245.0, 'avg_profit_brl': 17.81, 'avg_win_brl': 22.92, 'avg_loss_brl': -104.46, 'profit_factor': 5.3834, 'max_drawdown_pct': 1.76, 'expected_payoff': 17.81, 'on_tester_value': 26239.01087}",COMPLETE
116,50558.696296,2026-03-26 02:03:09.113353,2026-03-26 02:03:12.683289,0 days 00:00:03.569936,25,False,True,True,True,True,540,0.15,885,4,4,0.22,0.95,0.15000000000000002,"{'start_date': '2021-03-23', 'end_date': '2024-09-16', 'trading_days': 872, 'total_trades': 4844, 'win_rate': 0.9354, 'net_profit_brl': 63670.0, 'avg_profit_brl': 13.14, 'avg_win_brl': 17.46, 'avg_loss_brl': -62.83, 'profit_factor': 5.1197, 'max_drawdown_pct': 1.26, 'expected_payoff': 13.14, 'on_tester_value': 50558.696296}",COMPLETE
117,55591.071429,2026-03-26 02:03:12.683351,2026-03-26 02:03:15.960509,0 days 00:00:03.277158,26,False,True,True,False,True,595,0.15,890,3,4,0.14,0.8500000000000001,0.15000000000000002,"{'start_date': '2021-03-23', 'end_date': '2024-09-16', 'trading_days': 872, 'total_trades': 2264, 'win_rate': 0.9695, 'net_profit_brl': 34590.0, 'avg_profit_brl': 15.28, 'avg_win_brl': 17.81, 'avg_loss_brl': -72.66, 'profit_factor': 8.6781, 'max_drawdown_pct': 0.62, 'expected_payoff': 15.28, 'on_tester_value': 55591.071429}",COMPLETE
118,22296.35625,2026-03-26 02:03:15.960562,2026-03-26 02:03:19.156922,0 days 00:00:03.196360,27,False,True,False,False,True,610,0.2,870,4,5,0.1,0.8,0.15000000000000002,"{'start_date': '2021-03-23', 'end_date': '2024-09-16', 'trading_days': 872, 'total_trades': 1665, 'win_rate': 0.9477, 'net_profit_brl': 23130.0, 'avg_profit_brl': 13.89, 'avg_win_brl': 18.03, 'avg_loss_brl': -64.1, 'profit_factor': 5.3477, 'max_drawdown_pct': 1.04, 'expected_payoff': 13.89, 'on_tester_value': 22296.35625}",COMPLETE
119,232.844037,2026-03-26 02:03:19.156974,2026-03-26 02:03:22.978688,0 days 00:00:03.821714,25,False,True,True,False,True,660,0.15,845,3,3,0.12000000000000001,0.75,0.55,"{'start_date': '2021-03-23', 'end_date': '2024-09-16', 'trading_days': 872, 'total_trades': 1101, 'win_rate': 0.5931, 'net_profit_brl': 3760.0, 'avg_profit_brl': 3.42, 'avg_win_brl': 65.26, 'avg_loss_brl': -87.91, 'profit_factor': 1.0968, 'max_drawdown_pct': 16.15, 'expected_payoff': 3.42, 'on_tester_value': 232.844037}",COMPLETE
120,5430.220149,2026-03-26 02:03:22.978755,2026-03-26 02:03:27.129912,0 days 00:00:04.151157,34,True,True,True,True,False,645,0.2,855,9,3,0.1,1.0,0.4,"{'start_date': '2021-03-23', 'end_date': '2024-09-16', 'trading_days': 872, 'total_trades': 2255, 'win_rate': 0.7743, 'net_profit_brl': 25895.0, 'avg_profit_brl': 11.48, 'avg_win_brl': 47.39, 'avg_loss_brl': -112.55, 'profit_factor': 1.4556, 'max_drawdown_pct': 4.77, 'expected_payoff': 11.48, 'on_tester_value': 5430.220149}",COMPLETE
121,32772.019231,2026-03-26 02:03:27.129982,2026-03-26 02:03:31.176762,0 days 00:00:04.046780,28,False,True,True,False,True,555,0.2,860,5,3,0.21000000000000002,1.15,0.1,"{'start_date': '2021-03-23', 'end_date': '2024-09-16', 'trading_days': 872, 'total_trades': 2507, 'win_rate': 0.9809, 'net_profit_brl': 25435.0, 'avg_profit_brl': 10.15, 'avg_win_brl': 11.67, 'avg_loss_brl': -81.38, 'profit_factor': 8.8141, 'max_drawdown_pct': 0.78, 'expected_payoff': 10.15, 'on_tester_value': 32772.019231}",COMPLETE
122,57444.75,2026-03-26 02:03:31.176816,2026-03-26 02:03:35.350007,0 days 00:00:04.173191,19,False,True,True,False,True,565,0.2,875,5,5,0.17,0.9,0.15000000000000002,"{'start_date': '2021-03-23', 'end_date': '2024-09-16', 'trading_days': 872, 'total_trades': 2677, 'win_rate': 0.9634, 'net_profit_brl': 39600.0, 'avg_profit_brl': 14.79, 'avg_win_brl': 17.81, 'avg_loss_brl': -79.06, 'profit_factor': 7.2609, 'max_drawdown_pct': 0.69, 'expected_payoff': 14.79, 'on_tester_value': 57444.75}",COMPLETE
123,31431.2625,2026-03-26 02:03:35.350074,2026-03-26 02:03:39.566588,0 days 00:00:04.216514,20,False,True,True,False,True,570,0.2,845,6,6,0.12000000000000001,0.9,0.1,"{'start_date': '2021-03-23', 'end_date': '2024-09-16', 'trading_days': 872, 'total_trades': 3400, 'win_rate': 0.9574, 'net_profit_brl': 34635.0, 'avg_profit_brl': 10.19, 'avg_win_brl': 12.92, 'avg_loss_brl': -61.28, 'profit_factor': 5.6709, 'max_drawdown_pct': 1.1, 'expected_payoff': 10.19, 'on_tester_value': 31431.2625}",COMPLETE
124,13853.214815,2026-03-26 02:03:39.566681,2026-03-26 02:03:43.846832,0 days 00:00:04.280151,35,True,False,True,True,True,680,0.15,870,6,3,0.14,0.8,0.1,"{'start_date': '2021-03-23', 'end_date': '2024-09-16', 'trading_days': 872, 'total_trades': 1134, 'win_rate': 0.9815, 'net_profit_brl': 12560.0, 'avg_profit_brl': 11.08, 'avg_win_brl': 12.22, 'avg_loss_brl': -52.0, 'profit_factor': 13.0769, 'max_drawdown_pct': 0.91, 'expected_payoff': 11.08, 'on_tester_value': 13853.214815}",COMPLETE
125,21274.033333,2026-03-26 02:03:43.846912,2026-03-26 02:03:48.022794,0 days 00:00:04.175882,23,False,True,True,False,True,585,0.2,790,7,3,0.26,1.0,0.15000000000000002,"{'start_date': '2021-03-23', 'end_date': '2024-09-16', 'trading_days': 872, 'total_trades': 1190, 'win_rate': 0.9882, 'net_profit_brl': 19185.0, 'avg_profit_brl': 16.12, 'avg_win_brl': 17.27, 'avg_loss_brl': -94.17, 'profit_factor': 17.9779, 'max_drawdown_pct': 0.9, 'expected_payoff': 16.12, 'on_tester_value': 21274.033333}",COMPLETE
126,3631.613139,2026-03-26 02:03:48.022866,2026-03-26 02:03:52.170337,0 days 00:00:04.147471,28,False,False,True,False,True,585,0.2,800,4,3,0.21000000000000002,1.4500000000000002,0.35,"{'start_date': '2021-03-23', 'end_date': '2024-09-16', 'trading_days': 872, 'total_trades': 1034, 'win_rate': 0.8946, 'net_profit_brl': 19450.0, 'avg_profit_brl': 18.81, 'avg_win_brl': 40.2, 'avg_loss_brl': -165.75, 'profit_factor': 2.0967, 'max_drawdown_pct': 5.36, 'expected_payoff': 18.81, 'on_tester_value': 3631.613139}",COMPLETE
127,90328.666667,2026-03-26 02:03:52.170408,2026-03-26 02:03:56.682163,0 days 00:00:04.511755,23,False,True,True,True,True,555,0.25,895,6,4,0.12000000000000001,1.0,0.15000000000000002,"{'start_date': '2021-03-23', 'end_date': '2024-09-16', 'trading_days': 872, 'total_trades': 5581, 'win_rate': 0.9459, 'net_profit_brl': 75350.0, 'avg_profit_brl': 13.5, 'avg_win_brl': 18.38, 'avg_loss_brl': -80.0, 'profit_factor': 4.4756, 'max_drawdown_pct': 0.83, 'expected_payoff': 13.5, 'on_tester_value': 90328.666667}",COMPLETE
