number,value,datetime_start,datetime_complete,duration,params_ATR_Length,params_AllowFriday,params_AllowMonday,params_AllowThursday,params_AllowTuesday,params_AllowWednesday,params_EntryStart_TotalMinutes,params_FilterAsPercOfContractMARange,params_LastEntry_TotalMinutes,params_MinutesBeforeMarketCloseToClosePositions,params_NumDaysToConsiderPreviousContractMARange,params_RetracementLevel,params_SL_ATRMultiplier,params_TP_ATRMultiplier,user_attrs_train_metrics,state
298,12321.662222,2026-03-26 02:14:04.568010,2026-03-26 02:14:07.588532,0 days 00:00:03.020522,19,True,True,True,True,False,600,0.25,695,1,4,0.19,0.55,0.30000000000000004,"{'start_date': '2021-03-23', 'end_date': '2024-09-16', 'trading_days': 872, 'total_trades': 1352, 'win_rate': 0.8521, 'net_profit_brl': 27395.0, 'avg_profit_brl': 20.26, 'avg_win_brl': 33.83, 'avg_loss_brl': -63.6, 'profit_factor': 3.3667, 'max_drawdown_pct': 2.22, 'expected_payoff': 20.26, 'on_tester_value': 12321.662222}",COMPLETE
299,42937.688889,2026-03-26 02:14:07.588601,2026-03-26 02:14:10.809851,0 days 00:00:03.221250,10,False,True,False,False,True,555,0.2,885,9,3,0.12000000000000001,0.8,0.15000000000000002,"{'start_date': '2021-03-23', 'end_date': '2024-09-16', 'trading_days': 872, 'total_trades': 2824, 'win_rate': 0.9313, 'net_profit_brl': 36560.0, 'avg_profit_brl': 12.95, 'avg_win_brl': 18.4, 'avg_loss_brl': -64.38, 'profit_factor': 4.0865, 'max_drawdown_pct': 0.85, 'expected_payoff': 12.95, 'on_tester_value': 42937.688889}",COMPLETE
