number,value,datetime_start,datetime_complete,duration,params_ATR_Length,params_AllowFriday,params_AllowMonday,params_AllowThursday,params_AllowTuesday,params_AllowWednesday,params_EntryStart_TotalMinutes,params_FilterAsPercOfContractMARange,params_LastEntry_TotalMinutes,params_MinutesBeforeMarketCloseToClosePositions,params_NumDaysToConsiderPreviousContractMARange,params_RetracementLevel,params_SL_ATRMultiplier,params_TP_ATRMultiplier,user_attrs_train_metrics,state
171,3381.295816,2026-03-26 02:06:29.700179,2026-03-26 02:06:33.696106,0 days 00:00:03.995927,37,True,False,False,True,True,560,0.15,870,10,3,0.1,0.9,0.4,"{'start_date': '2021-03-23', 'end_date': '2024-09-16', 'trading_days': 872, 'total_trades': 4405, 'win_rate': 0.7196, 'net_profit_brl': 34565.0, 'avg_profit_brl': 7.85, 'avg_win_brl': 45.47, 'avg_loss_brl': -92.48, 'profit_factor': 1.3154, 'max_drawdown_pct': 10.22, 'expected_payoff': 7.85, 'on_tester_value': 3381.295816}",COMPLETE
172,23637.866667,2026-03-26 02:06:33.696176,2026-03-26 02:06:37.559043,0 days 00:00:03.862867,26,True,True,False,True,True,600,0.15,685,3,3,0.15000000000000002,0.7,0.2,"{'start_date': '2021-03-23', 'end_date': '2024-09-16', 'trading_days': 872, 'total_trades': 1677, 'win_rate': 0.9463, 'net_profit_brl': 30080.0, 'avg_profit_brl': 17.94, 'avg_win_brl': 22.31, 'avg_loss_brl': -70.07, 'profit_factor': 6.6488, 'max_drawdown_pct': 1.27, 'expected_payoff': 17.94, 'on_tester_value': 23637.866667}",COMPLETE
173,137059.390909,2026-03-26 02:06:37.559110,2026-03-26 02:06:41.700138,0 days 00:00:04.141028,32,False,True,True,True,True,545,0.25,850,10,5,0.12000000000000001,0.8500000000000001,0.15000000000000002,"{'start_date': '2021-03-23', 'end_date': '2024-09-16', 'trading_days': 872, 'total_trades': 6007, 'win_rate': 0.9294, 'net_profit_brl': 76980.0, 'avg_profit_brl': 12.82, 'avg_win_brl': 18.2, 'avg_loss_brl': -65.83, 'profit_factor': 4.1267, 'max_drawdown_pct': 0.56, 'expected_payoff': 12.82, 'on_tester_value': 137059.390909}",COMPLETE
174,54569.87027,2026-03-26 02:06:41.700218,2026-03-26 02:06:45.712953,0 days 00:00:04.012735,35,False,True,True,True,True,580,0.15,820,8,3,0.16,1.05,0.15000000000000002,"{'start_date': '2021-03-23', 'end_date': '2024-09-16', 'trading_days': 872, 'total_trades': 2966, 'win_rate': 0.9777, 'net_profit_brl': 45660.0, 'avg_profit_brl': 15.39, 'avg_win_brl': 17.43, 'avg_loss_brl': -85.79, 'profit_factor': 10.3374, 'max_drawdown_pct': 0.84, 'expected_payoff': 15.39, 'on_tester_value': 54569.87027}",COMPLETE
175,31272.573913,2026-03-26 02:06:45.713023,2026-03-26 02:06:49.579654,0 days 00:00:03.866631,39,False,True,True,True,True,600,0.15,760,5,3,0.18,0.9,0.15000000000000002,"{'start_date': '2021-03-23', 'end_date': '2024-09-16', 'trading_days': 872, 'total_trades': 1844, 'win_rate': 0.9789, 'net_profit_brl': 28340.0, 'avg_profit_brl': 15.37, 'avg_win_brl': 16.97, 'avg_loss_brl': -73.71, 'profit_factor': 13.4026, 'max_drawdown_pct': 0.91, 'expected_payoff': 15.37, 'on_tester_value': 31272.573913}",COMPLETE
176,18670.488889,2026-03-26 02:06:49.579794,2026-03-26 02:06:53.530305,0 days 00:00:03.950511,13,True,False,True,True,False,645,0.15,900,3,4,0.1,0.7,0.1,"{'start_date': '2021-03-23', 'end_date': '2024-09-16', 'trading_days': 872, 'total_trades': 1939, 'win_rate': 0.9727, 'net_profit_brl': 22345.0, 'avg_profit_brl': 11.52, 'avg_win_brl': 13.3, 'avg_loss_brl': -60.89, 'profit_factor': 9.1551, 'max_drawdown_pct': 1.2, 'expected_payoff': 11.52, 'on_tester_value': 18670.488889}",COMPLETE
177,33281.716279,2026-03-26 02:06:53.530374,2026-03-26 02:06:56.888666,0 days 00:00:03.358292,29,False,True,False,True,True,580,0.2,820,9,3,0.15000000000000002,0.8500000000000001,0.2,"{'start_date': '2021-03-23', 'end_date': '2024-09-16', 'trading_days': 872, 'total_trades': 2378, 'win_rate': 0.9529, 'net_profit_brl': 42580.0, 'avg_profit_brl': 17.91, 'avg_win_brl': 22.51, 'avg_loss_brl': -79.58, 'profit_factor': 6.048, 'max_drawdown_pct': 1.28, 'expected_payoff': 17.91, 'on_tester_value': 33281.716279}",COMPLETE
178,40418.4,2026-03-26 02:06:56.888719,2026-03-26 02:07:00.064280,0 days 00:00:03.175561,17,False,True,True,True,True,560,0.15,865,3,5,0.15000000000000002,1.05,0.1,"{'start_date': '2021-03-23', 'end_date': '2024-09-16', 'trading_days': 872, 'total_trades': 4474, 'win_rate': 0.9694, 'net_profit_brl': 45930.0, 'avg_profit_brl': 10.27, 'avg_win_brl': 12.44, 'avg_loss_brl': -68.46, 'profit_factor': 6.7341, 'max_drawdown_pct': 1.14, 'expected_payoff': 10.27, 'on_tester_value': 40418.4}",COMPLETE
179,33263.025,2026-03-26 02:07:00.064329,2026-03-26 02:07:03.297288,0 days 00:00:03.232959,21,True,True,True,True,True,560,0.15,645,2,5,0.2,0.5,0.15000000000000002,"{'start_date': '2021-03-23', 'end_date': '2024-09-16', 'trading_days': 872, 'total_trades': 2795, 'win_rate': 0.9195, 'net_profit_brl': 36245.0, 'avg_profit_brl': 12.97, 'avg_win_brl': 16.72, 'avg_loss_brl': -42.77, 'profit_factor': 6.3976, 'max_drawdown_pct': 1.09, 'expected_payoff': 12.97, 'on_tester_value': 33263.025}",COMPLETE
180,3354.71831,2026-03-26 02:07:03.297330,2026-03-26 02:07:06.239495,0 days 00:00:02.942165,30,False,True,True,False,True,615,0.4,855,11,5,0.13,0.65,0.35,"{'start_date': '2021-03-23', 'end_date': '2024-09-16', 'trading_days': 872, 'total_trades': 1672, 'win_rate': 0.75, 'net_profit_brl': 20100.0, 'avg_profit_brl': 12.02, 'avg_win_brl': 40.11, 'avg_loss_brl': -73.83, 'profit_factor': 1.6657, 'max_drawdown_pct': 5.99, 'expected_payoff': 12.02, 'on_tester_value': 3354.71831}",COMPLETE
181,39259.326316,2026-03-26 02:07:06.239559,2026-03-26 02:07:09.525417,0 days 00:00:03.285858,29,False,True,True,True,True,560,0.15,880,7,3,0.13,1.05,0.2,"{'start_date': '2021-03-23', 'end_date': '2024-09-16', 'trading_days': 872, 'total_trades': 5133, 'win_rate': 0.9264, 'net_profit_brl': 78560.0, 'avg_profit_brl': 15.3, 'avg_win_brl': 23.57, 'avg_loss_brl': -94.45, 'profit_factor': 3.343, 'max_drawdown_pct': 2.0, 'expected_payoff': 15.3, 'on_tester_value': 39259.326316}",COMPLETE
182,28416.388356,2026-03-26 02:07:09.525469,2026-03-26 02:07:12.761176,0 days 00:00:03.235707,35,False,True,True,True,True,565,0.25,855,14,4,0.11,0.9,0.25,"{'start_date': '2021-03-23', 'end_date': '2024-09-16', 'trading_days': 872, 'total_trades': 5209, 'win_rate': 0.8698, 'net_profit_brl': 74915.0, 'avg_profit_brl': 14.38, 'avg_win_brl': 29.01, 'avg_loss_brl': -88.02, 'profit_factor': 2.3257, 'max_drawdown_pct': 2.64, 'expected_payoff': 14.38, 'on_tester_value': 28416.388356}",COMPLETE
183,53057.69,2026-03-26 02:07:12.761264,2026-03-26 02:07:16.088063,0 days 00:00:03.326799,17,True,True,True,True,True,620,0.15,790,4,3,0.1,0.5,0.1,"{'start_date': '2021-03-23', 'end_date': '2024-09-16', 'trading_days': 872, 'total_trades': 3399, 'win_rate': 0.9341, 'net_profit_brl': 34055.0, 'avg_profit_brl': 10.02, 'avg_win_brl': 12.68, 'avg_loss_brl': -37.44, 'profit_factor': 6.4795, 'max_drawdown_pct': 0.64, 'expected_payoff': 10.02, 'on_tester_value': 53057.69}",COMPLETE
184,29874.0,2026-03-26 02:07:16.088124,2026-03-26 02:07:19.099042,0 days 00:00:03.010918,26,False,True,True,True,False,560,0.15,865,6,5,0.25,1.2000000000000002,0.1,"{'start_date': '2021-03-23', 'end_date': '2024-09-16', 'trading_days': 872, 'total_trades': 2012, 'win_rate': 0.9846, 'net_profit_brl': 20800.0, 'avg_profit_brl': 10.34, 'avg_win_brl': 11.35, 'avg_loss_brl': -80.48, 'profit_factor': 13.3077, 'max_drawdown_pct': 0.7, 'expected_payoff': 10.34, 'on_tester_value': 29874.0}",COMPLETE
185,15636.040769,2026-03-26 02:07:19.099105,2026-03-26 02:07:22.037162,0 days 00:00:02.938057,13,False,True,True,False,True,580,0.25,735,2,4,0.1,0.7,0.25,"{'start_date': '2021-03-23', 'end_date': '2024-09-16', 'trading_days': 872, 'total_trades': 2899, 'win_rate': 0.8237, 'net_profit_brl': 36415.0, 'avg_profit_brl': 12.56, 'avg_win_brl': 30.42, 'avg_loss_brl': -73.19, 'profit_factor': 2.0051, 'max_drawdown_pct': 2.33, 'expected_payoff': 12.56, 'on_tester_value': 15636.040769}",COMPLETE
186,22688.622,2026-03-26 02:07:22.037202,2026-03-26 02:07:24.846253,0 days 00:00:02.809051,25,False,True,True,False,False,625,0.15,900,3,5,0.13,0.95,0.15000000000000002,"{'start_date': '2021-03-23', 'end_date': '2024-09-16', 'trading_days': 872, 'total_trades': 1178, 'win_rate': 0.9694, 'net_profit_brl': 18315.0, 'avg_profit_brl': 15.55, 'avg_win_brl': 18.49, 'avg_loss_brl': -90.32, 'profit_factor': 7.5411, 'max_drawdown_pct': 0.81, 'expected_payoff': 15.55, 'on_tester_value': 22688.622}",COMPLETE
187,36051.19,2026-03-26 02:07:24.846295,2026-03-26 02:07:28.020272,0 days 00:00:03.173977,19,False,True,True,True,True,580,0.25,685,7,3,0.15000000000000002,0.5,0.1,"{'start_date': '2021-03-23', 'end_date': '2024-09-16', 'trading_days': 872, 'total_trades': 2252, 'win_rate': 0.9472, 'net_profit_brl': 21370.0, 'avg_profit_brl': 9.49, 'avg_win_brl': 11.53, 'avg_loss_brl': -33.3, 'profit_factor': 7.6161, 'max_drawdown_pct': 0.59, 'expected_payoff': 9.49, 'on_tester_value': 36051.19}",COMPLETE
188,59065.952632,2026-03-26 02:07:28.020357,2026-03-26 02:07:31.483021,0 days 00:00:03.462664,14,True,True,True,True,True,555,0.2,730,2,3,0.11,0.65,0.15000000000000002,"{'start_date': '2021-03-23', 'end_date': '2024-09-16', 'trading_days': 872, 'total_trades': 6882, 'win_rate': 0.8878, 'net_profit_brl': 81205.0, 'avg_profit_brl': 11.8, 'avg_win_brl': 18.55, 'avg_loss_brl': -49.51, 'profit_factor': 3.527, 'max_drawdown_pct': 1.37, 'expected_payoff': 11.8, 'on_tester_value': 59065.952632}",COMPLETE
189,96841.309091,2026-03-26 02:07:31.483092,2026-03-26 02:07:34.987445,0 days 00:00:03.504353,18,True,True,True,True,True,585,0.25,765,1,3,0.11,0.6,0.1,"{'start_date': '2021-03-23', 'end_date': '2024-09-16', 'trading_days': 872, 'total_trades': 4616, 'win_rate': 0.9437, 'net_profit_brl': 46235.0, 'avg_profit_brl': 10.02, 'avg_win_brl': 12.51, 'avg_loss_brl': -39.31, 'profit_factor': 6.6008, 'max_drawdown_pct': 0.48, 'expected_payoff': 10.02, 'on_tester_value': 96841.309091}",COMPLETE
190,29123.026667,2026-03-26 02:07:34.987495,2026-03-26 02:07:38.138842,0 days 00:00:03.151347,12,True,True,True,True,True,635,0.25,815,5,3,0.14,0.55,0.25,"{'start_date': '2021-03-23', 'end_date': '2024-09-16', 'trading_days': 872, 'total_trades': 2160, 'win_rate': 0.8569, 'net_profit_brl': 37210.0, 'avg_profit_brl': 17.23, 'avg_win_brl': 30.84, 'avg_loss_brl': -66.47, 'profit_factor': 2.8722, 'max_drawdown_pct': 1.28, 'expected_payoff': 17.23, 'on_tester_value': 29123.026667}",COMPLETE
191,43284.436364,2026-03-26 02:07:38.138885,2026-03-26 02:07:41.599926,0 days 00:00:03.461041,19,True,True,True,True,True,585,0.15,735,5,3,0.1,0.6,0.25,"{'start_date': '2021-03-23', 'end_date': '2024-09-16', 'trading_days': 872, 'total_trades': 4668, 'win_rate': 0.8141, 'net_profit_brl': 63315.0, 'avg_profit_brl': 13.56, 'avg_win_brl': 29.41, 'avg_loss_brl': -60.11, 'profit_factor': 2.3068, 'max_drawdown_pct': 1.46, 'expected_payoff': 13.56, 'on_tester_value': 43284.436364}",COMPLETE
192,18997.690385,2026-03-26 02:07:41.599996,2026-03-26 02:07:44.867182,0 days 00:00:03.267186,25,False,True,True,False,True,665,0.2,885,3,4,0.12000000000000001,0.95,0.15000000000000002,"{'start_date': '2021-03-23', 'end_date': '2024-09-16', 'trading_days': 872, 'total_trades': 1211, 'win_rate': 0.9727, 'net_profit_brl': 19005.0, 'avg_profit_brl': 15.69, 'avg_win_brl': 18.57, 'avg_loss_brl': -89.84, 'profit_factor': 7.6104, 'max_drawdown_pct': 1.0, 'expected_payoff': 15.69, 'on_tester_value': 18997.690385}",COMPLETE
193,6123.055556,2026-03-26 02:07:44.867262,2026-03-26 02:07:48.220027,0 days 00:00:03.352765,13,True,True,True,True,True,655,0.2,695,1,3,0.17,0.8500000000000001,0.15000000000000002,"{'start_date': '2021-03-23', 'end_date': '2024-09-16', 'trading_days': 872, 'total_trades': 533, 'win_rate': 0.9625, 'net_profit_brl': 8225.0, 'avg_profit_brl': 15.43, 'avg_win_brl': 18.7, 'avg_loss_brl': -76.11, 'profit_factor': 7.0036, 'max_drawdown_pct': 1.34, 'expected_payoff': 15.43, 'on_tester_value': 6123.055556}",COMPLETE
194,1855.956466,2026-03-26 02:07:48.220090,2026-03-26 02:07:51.375964,0 days 00:00:03.155874,10,False,True,True,False,True,580,0.25,855,5,6,0.22,0.8,0.45000000000000007,"{'start_date': '2021-03-23', 'end_date': '2024-09-16', 'trading_days': 872, 'total_trades': 1593, 'win_rate': 0.7194, 'net_profit_brl': 18935.0, 'avg_profit_brl': 11.89, 'avg_win_brl': 54.45, 'avg_loss_brl': -98.13, 'profit_factor': 1.4356, 'max_drawdown_pct': 10.2, 'expected_payoff': 11.89, 'on_tester_value': 1855.956466}",COMPLETE
195,86395.6125,2026-03-26 02:07:51.376005,2026-03-26 02:07:54.726767,0 days 00:00:03.350762,15,True,True,True,True,True,610,0.15,880,2,3,0.13,0.65,0.15000000000000002,"{'start_date': '2021-03-23', 'end_date': '2024-09-16', 'trading_days': 872, 'total_trades': 3441, 'win_rate': 0.9544, 'net_profit_brl': 52395.0, 'avg_profit_brl': 15.23, 'avg_win_brl': 18.36, 'avg_loss_brl': -57.98, 'profit_factor': 7.6449, 'max_drawdown_pct': 0.61, 'expected_payoff': 15.23, 'on_tester_value': 86395.6125}",COMPLETE
196,63685.96,2026-03-26 02:07:54.726835,2026-03-26 02:07:58.807560,0 days 00:00:04.080725,28,True,False,True,True,True,590,0.25,760,1,4,0.14,0.6,0.2,"{'start_date': '2021-03-23', 'end_date': '2024-09-16', 'trading_days': 872, 'total_trades': 2774, 'win_rate': 0.9185, 'net_profit_brl': 47105.0, 'avg_profit_brl': 16.98, 'avg_win_brl': 23.04, 'avg_loss_brl': -57.98, 'profit_factor': 5.0625, 'max_drawdown_pct': 0.74, 'expected_payoff': 16.98, 'on_tester_value': 63685.96}",COMPLETE
197,18050.050909,2026-03-26 02:07:58.807635,2026-03-26 02:08:02.794352,0 days 00:00:03.986717,27,False,False,False,True,True,550,0.2,890,11,3,0.1,1.0,0.15000000000000002,"{'start_date': '2021-03-23', 'end_date': '2024-09-16', 'trading_days': 872, 'total_trades': 3651, 'win_rate': 0.9176, 'net_profit_brl': 40620.0, 'avg_profit_brl': 11.13, 'avg_win_brl': 18.44, 'avg_loss_brl': -76.59, 'profit_factor': 2.9215, 'max_drawdown_pct': 2.25, 'expected_payoff': 11.13, 'on_tester_value': 18050.050909}",COMPLETE
198,26307.434211,2026-03-26 02:08:02.794406,2026-03-26 02:08:06.669074,0 days 00:00:03.874668,13,True,True,True,True,True,675,0.15,880,1,4,0.16,0.6,0.1,"{'start_date': '2021-03-23', 'end_date': '2024-09-16', 'trading_days': 872, 'total_trades': 1331, 'win_rate': 0.979, 'net_profit_brl': 15375.0, 'avg_profit_brl': 11.55, 'avg_win_brl': 12.71, 'avg_loss_brl': -47.4, 'profit_factor': 13.9747, 'max_drawdown_pct': 0.58, 'expected_payoff': 11.55, 'on_tester_value': 26307.434211}",COMPLETE
199,4207.185455,2026-03-26 02:08:06.669146,2026-03-26 02:08:10.507194,0 days 00:00:03.838048,14,True,False,True,True,True,565,0.25,710,2,3,0.1,0.65,0.35,"{'start_date': '2021-03-23', 'end_date': '2024-09-16', 'trading_days': 872, 'total_trades': 4465, 'win_rate': 0.6811, 'net_profit_brl': 34640.0, 'avg_profit_brl': 7.76, 'avg_win_brl': 41.21, 'avg_loss_brl': -68.27, 'profit_factor': 1.3821, 'max_drawdown_pct': 8.23, 'expected_payoff': 7.76, 'on_tester_value': 4207.185455}",COMPLETE
200,21045.325,2026-03-26 02:08:10.507256,2026-03-26 02:08:15.002630,0 days 00:00:04.495374,23,True,False,True,True,True,660,0.25,790,1,5,0.16,0.6,0.1,"{'start_date': '2021-03-23', 'end_date': '2024-09-16', 'trading_days': 872, 'total_trades': 1051, 'win_rate': 0.98, 'net_profit_brl': 12050.0, 'avg_profit_brl': 11.47, 'avg_win_brl': 12.51, 'avg_loss_brl': -49.12, 'profit_factor': 15.4311, 'max_drawdown_pct': 0.57, 'expected_payoff': 11.47, 'on_tester_value': 21045.325}",COMPLETE
201,35367.755172,2026-03-26 02:08:15.002716,2026-03-26 02:08:19.393194,0 days 00:00:04.390478,21,True,True,True,True,True,600,0.30000000000000004,675,2,3,0.13,0.65,0.15000000000000002,"{'start_date': '2021-03-23', 'end_date': '2024-09-16', 'trading_days': 872, 'total_trades': 2177, 'win_rate': 0.9444, 'net_profit_brl': 30810.0, 'avg_profit_brl': 14.15, 'avg_win_brl': 17.45, 'avg_loss_brl': -48.65, 'profit_factor': 7.0889, 'max_drawdown_pct': 0.87, 'expected_payoff': 14.15, 'on_tester_value': 35367.755172}",COMPLETE
202,34369.666364,2026-03-26 02:08:19.393257,2026-03-26 02:08:23.600737,0 days 00:00:04.207480,17,False,True,True,True,True,555,0.4,885,11,5,0.17,0.75,0.25,"{'start_date': '2021-03-23', 'end_date': '2024-09-16', 'trading_days': 872, 'total_trades': 2825, 'win_rate': 0.9019, 'net_profit_brl': 53505.0, 'avg_profit_brl': 18.94, 'avg_win_brl': 29.39, 'avg_loss_brl': -83.17, 'profit_factor': 3.5032, 'max_drawdown_pct': 1.56, 'expected_payoff': 18.94, 'on_tester_value': 34369.666364}",COMPLETE
203,16316.038462,2026-03-26 02:08:23.600962,2026-03-26 02:08:27.735249,0 days 00:00:04.134287,30,True,False,True,True,True,625,0.25,725,3,3,0.19,0.65,0.25,"{'start_date': '2021-03-23', 'end_date': '2024-09-16', 'trading_days': 872, 'total_trades': 1094, 'win_rate': 0.8967, 'net_profit_brl': 21225.0, 'avg_profit_brl': 19.4, 'avg_win_brl': 28.67, 'avg_loss_brl': -69.05, 'profit_factor': 4.0739, 'max_drawdown_pct': 1.3, 'expected_payoff': 19.4, 'on_tester_value': 16316.038462}",COMPLETE
204,86806.6,2026-03-26 02:08:27.735306,2026-03-26 02:08:32.218604,0 days 00:00:04.483298,13,True,True,True,True,True,555,0.15,860,1,3,0.15000000000000002,0.9,0.1,"{'start_date': '2021-03-23', 'end_date': '2024-09-16', 'trading_days': 872, 'total_trades': 6207, 'win_rate': 0.9581, 'net_profit_brl': 63460.0, 'avg_profit_brl': 10.22, 'avg_win_brl': 12.73, 'avg_loss_brl': -61.74, 'profit_factor': 6.191, 'max_drawdown_pct': 0.73, 'expected_payoff': 10.22, 'on_tester_value': 86806.6}",COMPLETE
205,14154.166667,2026-03-26 02:08:32.218669,2026-03-26 02:08:37.157945,0 days 00:00:04.939276,26,True,True,True,True,False,625,0.2,805,1,7,0.2,0.8,0.25,"{'start_date': '2021-03-23', 'end_date': '2024-09-16', 'trading_days': 872, 'total_trades': 1290, 'win_rate': 0.9248, 'net_profit_brl': 26875.0, 'avg_profit_brl': 20.83, 'avg_win_brl': 29.14, 'avg_loss_brl': -92.82, 'profit_factor': 4.4062, 'max_drawdown_pct': 1.9, 'expected_payoff': 20.83, 'on_tester_value': 14154.166667}",COMPLETE
206,37328.1875,2026-03-26 02:08:37.158024,2026-03-26 02:08:42.201947,0 days 00:00:05.043923,30,True,True,True,True,False,575,0.2,715,8,5,0.17,0.75,0.25,"{'start_date': '2021-03-23', 'end_date': '2024-09-16', 'trading_days': 872, 'total_trades': 2463, 'win_rate': 0.9156, 'net_profit_brl': 48955.0, 'avg_profit_brl': 19.88, 'avg_win_brl': 28.3, 'avg_loss_brl': -78.24, 'profit_factor': 4.2933, 'max_drawdown_pct': 1.31, 'expected_payoff': 19.88, 'on_tester_value': 37328.1875}",COMPLETE
207,18548.81,2026-03-26 02:08:42.202009,2026-03-26 02:08:46.412089,0 days 00:00:04.210080,26,False,False,True,True,True,580,0.2,700,1,5,0.12000000000000001,0.6,0.2,"{'start_date': '2021-03-23', 'end_date': '2024-09-16', 'trading_days': 872, 'total_trades': 2297, 'win_rate': 0.8803, 'net_profit_brl': 33005.0, 'avg_profit_brl': 14.37, 'avg_win_brl': 22.65, 'avg_loss_brl': -51.35, 'profit_factor': 3.5815, 'max_drawdown_pct': 1.78, 'expected_payoff': 14.37, 'on_tester_value': 18548.81}",COMPLETE
208,25680.478571,2026-03-26 02:08:46.412184,2026-03-26 02:08:50.803066,0 days 00:00:04.390882,26,True,True,True,False,True,565,0.15,825,1,4,0.11,0.95,0.1,"{'start_date': '2021-03-23', 'end_date': '2024-09-16', 'trading_days': 872, 'total_trades': 5305, 'win_rate': 0.9468, 'net_profit_brl': 51805.0, 'avg_profit_brl': 9.77, 'avg_win_brl': 13.36, 'avg_loss_brl': -66.01, 'profit_factor': 4.3826, 'max_drawdown_pct': 2.02, 'expected_payoff': 9.77, 'on_tester_value': 25680.478571}",COMPLETE
209,21840.521552,2026-03-26 02:08:50.803120,2026-03-26 02:08:55.388249,0 days 00:00:04.585129,12,True,True,True,True,True,545,0.2,775,1,3,0.11,1.15,0.2,"{'start_date': '2021-03-23', 'end_date': '2024-09-16', 'trading_days': 872, 'total_trades': 8510, 'win_rate': 0.9005, 'net_profit_brl': 112550.0, 'avg_profit_brl': 13.23, 'avg_win_brl': 25.7, 'avg_loss_brl': -105.46, 'profit_factor': 2.3341, 'max_drawdown_pct': 5.15, 'expected_payoff': 13.23, 'on_tester_value': 21840.521552}",COMPLETE
210,21619.060563,2026-03-26 02:08:55.388311,2026-03-26 02:08:59.585694,0 days 00:00:04.197383,31,False,True,True,True,False,545,0.30000000000000004,870,12,6,0.1,0.95,0.1,"{'start_date': '2021-03-23', 'end_date': '2024-09-16', 'trading_days': 872, 'total_trades': 4731, 'win_rate': 0.9461, 'net_profit_brl': 44790.0, 'avg_profit_brl': 9.47, 'avg_win_brl': 13.29, 'avg_loss_brl': -65.62, 'profit_factor': 4.0469, 'max_drawdown_pct': 2.07, 'expected_payoff': 9.47, 'on_tester_value': 21619.060563}",COMPLETE
211,59346.14,2026-03-26 02:08:59.585767,2026-03-26 02:09:04.082190,0 days 00:00:04.496423,25,True,True,True,True,True,550,0.15,750,1,3,0.21000000000000002,0.5,0.1,"{'start_date': '2021-03-23', 'end_date': '2024-09-16', 'trading_days': 872, 'total_trades': 4535, 'win_rate': 0.9319, 'net_profit_brl': 38890.0, 'avg_profit_brl': 8.58, 'avg_win_brl': 11.27, 'avg_loss_brl': -39.82, 'profit_factor': 5.4599, 'max_drawdown_pct': 0.66, 'expected_payoff': 8.58, 'on_tester_value': 59346.14}",COMPLETE
212,102290.557071,2026-03-26 02:09:04.082246,2026-03-26 02:09:08.422190,0 days 00:00:04.339944,18,True,True,True,True,True,570,0.2,895,2,3,0.1,0.55,0.15000000000000002,"{'start_date': '2021-03-23', 'end_date': '2024-09-16', 'trading_days': 872, 'total_trades': 7086, 'win_rate': 0.8868, 'net_profit_brl': 86635.0, 'avg_profit_brl': 12.23, 'avg_win_brl': 18.25, 'avg_loss_brl': -43.92, 'profit_factor': 4.0919, 'max_drawdown_pct': 0.85, 'expected_payoff': 12.23, 'on_tester_value': 102290.557071}",COMPLETE
213,87405.371429,2026-03-26 02:09:08.422266,2026-03-26 02:09:12.886549,0 days 00:00:04.464283,20,True,True,True,True,True,545,0.2,830,1,3,0.1,0.5,0.1,"{'start_date': '2021-03-23', 'end_date': '2024-09-16', 'trading_days': 872, 'total_trades': 9392, 'win_rate': 0.858, 'net_profit_brl': 69025.0, 'avg_profit_brl': 7.35, 'avg_win_brl': 12.58, 'avg_loss_brl': -32.25, 'profit_factor': 3.1337, 'max_drawdown_pct': 0.79, 'expected_payoff': 7.35, 'on_tester_value': 87405.371429}",COMPLETE
