number,value,datetime_start,datetime_complete,duration,params_ATR_Length,params_AllowFriday,params_AllowMonday,params_AllowThursday,params_AllowTuesday,params_AllowWednesday,params_EntryStart_TotalMinutes,params_FilterAsPercOfContractMARange,params_LastEntry_TotalMinutes,params_MinutesBeforeMarketCloseToClosePositions,params_NumDaysToConsiderPreviousContractMARange,params_RetracementLevel,params_SL_ATRMultiplier,params_TP_ATRMultiplier,user_attrs_train_metrics,state
0,2678.823529,2026-03-26 01:57:08.469531,2026-03-26 01:57:11.732240,0 days 00:00:03.262709,26,True,True,True,True,True,675,0.4,885,7,6,0.14,0.65,0.35,"{'start_date': '2021-03-23', 'end_date': '2024-09-16', 'trading_days': 872, 'total_trades': 1490, 'win_rate': 0.7523, 'net_profit_brl': 16800.0, 'avg_profit_brl': 11.28, 'avg_win_brl': 41.15, 'avg_loss_brl': -80.12, 'profit_factor': 1.5729, 'max_drawdown_pct': 6.27, 'expected_payoff': 11.28, 'on_tester_value': 2678.823529}",COMPLETE
1,63.259155,2026-03-26 01:57:11.732311,2026-03-26 01:57:14.579045,0 days 00:00:02.846734,19,False,False,True,False,True,645,0.2,760,2,4,0.21000000000000002,1.5,0.85,"{'start_date': '2021-03-23', 'end_date': '2024-09-16', 'trading_days': 872, 'total_trades': 405, 'win_rate': 0.6469, 'net_profit_brl': 1530.0, 'avg_profit_brl': 3.78, 'avg_win_brl': 102.46, 'avg_loss_brl': -177.03, 'profit_factor': 1.0604, 'max_drawdown_pct': 24.19, 'expected_payoff': 3.78, 'on_tester_value': 63.259155}",COMPLETE
2,679.757143,2026-03-26 01:57:14.579107,2026-03-26 01:57:17.333001,0 days 00:00:02.753894,38,False,True,False,True,False,785,0.15,700,2,5,0.11,1.4,0.65,"{'start_date': '2021-03-23', 'end_date': '2024-09-16', 'trading_days': 872, 'total_trades': 362, 'win_rate': 0.7486, 'net_profit_brl': 6120.0, 'avg_profit_brl': 16.91, 'avg_win_brl': 72.77, 'avg_loss_brl': -151.11, 'profit_factor': 1.45, 'max_drawdown_pct': 9.0, 'expected_payoff': 16.91, 'on_tester_value': 679.757143}",COMPLETE
3,555.838926,2026-03-26 01:57:17.333055,2026-03-26 01:57:20.063075,0 days 00:00:02.730020,31,True,True,False,False,False,610,0.25,555,11,5,0.18,0.5,0.85,"{'start_date': '2021-03-23', 'end_date': '2024-09-16', 'trading_days': 872, 'total_trades': 730, 'win_rate': 0.3945, 'net_profit_brl': 4100.0, 'avg_profit_brl': 5.62, 'avg_win_brl': 95.0, 'avg_loss_brl': -55.25, 'profit_factor': 1.1763, 'max_drawdown_pct': 7.38, 'expected_payoff': 5.62, 'on_tester_value': 555.838926}",COMPLETE
4,373.511836,2026-03-26 01:57:20.063137,2026-03-26 01:57:23.286243,0 days 00:00:03.223106,27,True,True,False,False,False,820,0.25,565,12,3,0.36,1.2000000000000002,0.8,"{'start_date': '2021-03-23', 'end_date': '2024-09-16', 'trading_days': 872, 'total_trades': 713, 'win_rate': 0.6367, 'net_profit_brl': 6745.0, 'avg_profit_brl': 9.46, 'avg_win_brl': 91.37, 'avg_loss_brl': -137.29, 'profit_factor': 1.1942, 'max_drawdown_pct': 18.06, 'expected_payoff': 9.46, 'on_tester_value': 373.511836}",COMPLETE
5,-962.0,2026-03-26 01:57:23.286302,2026-03-26 01:57:26.027688,0 days 00:00:02.741386,38,True,False,False,False,True,720,0.30000000000000004,730,13,3,0.13,0.8,0.25,"{'start_date': '2021-03-23', 'end_date': '2024-09-16', 'trading_days': 872, 'total_trades': 38, 'win_rate': 0.9474, 'net_profit_brl': 1020.0, 'avg_profit_brl': 26.84, 'avg_win_brl': 34.03, 'avg_loss_brl': -102.5, 'profit_factor': 5.9756, 'max_drawdown_pct': 1.13, 'expected_payoff': 26.84, 'on_tester_value': 900.704348}",COMPLETE
6,-983.0,2026-03-26 01:57:26.027748,2026-03-26 01:57:28.810859,0 days 00:00:02.783111,16,True,False,False,True,False,770,0.45000000000000007,855,2,4,0.37,1.0,0.45000000000000007,"{'start_date': '2021-03-23', 'end_date': '2024-09-16', 'trading_days': 872, 'total_trades': 17, 'win_rate': 0.8235, 'net_profit_brl': 440.0, 'avg_profit_brl': 25.88, 'avg_win_brl': 63.93, 'avg_loss_brl': -151.67, 'profit_factor': 1.967, 'max_drawdown_pct': 3.17, 'expected_payoff': 25.88, 'on_tester_value': 138.701538}",COMPLETE
7,5449.276271,2026-03-26 01:57:28.810911,2026-03-26 01:57:31.731250,0 days 00:00:02.920339,38,True,False,True,True,True,660,0.25,880,4,6,0.31,0.55,0.35,"{'start_date': '2021-03-23', 'end_date': '2024-09-16', 'trading_days': 872, 'total_trades': 588, 'win_rate': 0.7823, 'net_profit_brl': 10155.0, 'avg_profit_brl': 17.27, 'avg_win_brl': 40.26, 'avg_loss_brl': -65.87, 'profit_factor': 2.214, 'max_drawdown_pct': 1.86, 'expected_payoff': 17.27, 'on_tester_value': 5449.276271}",COMPLETE
8,5011.65,2026-03-26 01:57:31.731301,2026-03-26 01:57:34.553297,0 days 00:00:02.821996,28,True,True,True,True,False,590,0.5,715,11,4,0.30000000000000004,0.65,0.1,"{'start_date': '2021-03-23', 'end_date': '2024-09-16', 'trading_days': 872, 'total_trades': 611, 'win_rate': 0.9738, 'net_profit_brl': 6290.0, 'avg_profit_brl': 10.29, 'avg_win_brl': 11.81, 'avg_loss_brl': -66.82, 'profit_factor': 9.5578, 'max_drawdown_pct': 1.26, 'expected_payoff': 10.29, 'on_tester_value': 5011.65}",COMPLETE
9,992.979433,2026-03-26 01:57:34.553365,2026-03-26 01:57:37.577180,0 days 00:00:03.023815,26,False,True,True,True,True,545,0.2,725,4,6,0.15000000000000002,1.35,0.6,"{'start_date': '2021-03-23', 'end_date': '2024-09-16', 'trading_days': 872, 'total_trades': 4038, 'win_rate': 0.708, 'net_profit_brl': 25275.0, 'avg_profit_brl': 6.26, 'avg_win_brl': 65.71, 'avg_loss_brl': -139.8, 'profit_factor': 1.1555, 'max_drawdown_pct': 25.45, 'expected_payoff': 6.26, 'on_tester_value': 992.979433}",COMPLETE
10,27660.36,2026-03-26 01:57:37.577279,2026-03-26 01:57:40.375650,0 days 00:00:02.798371,30,True,False,False,True,True,570,0.5,865,1,6,0.2,0.5,0.15000000000000002,"{'start_date': '2021-03-23', 'end_date': '2024-09-16', 'trading_days': 872, 'total_trades': 1270, 'win_rate': 0.9394, 'net_profit_brl': 17680.0, 'avg_profit_brl': 13.92, 'avg_win_brl': 17.49, 'avg_loss_brl': -54.83, 'profit_factor': 6.5597, 'max_drawdown_pct': 0.64, 'expected_payoff': 13.92, 'on_tester_value': 27660.36}",COMPLETE
11,5444.368421,2026-03-26 01:57:40.375726,2026-03-26 01:57:43.123828,0 days 00:00:02.748102,40,False,True,True,False,False,595,0.4,740,6,6,0.16,0.75,0.30000000000000004,"{'start_date': '2021-03-23', 'end_date': '2024-09-16', 'trading_days': 872, 'total_trades': 861, 'win_rate': 0.878, 'net_profit_brl': 17400.0, 'avg_profit_brl': 20.21, 'avg_win_brl': 34.5, 'avg_loss_brl': -86.8, 'profit_factor': 3.0046, 'max_drawdown_pct': 3.2, 'expected_payoff': 20.21, 'on_tester_value': 5444.368421}",COMPLETE
12,912.435,2026-03-26 01:57:43.123876,2026-03-26 01:57:45.915605,0 days 00:00:02.791729,38,True,True,False,True,False,865,0.45000000000000007,770,7,6,0.27,0.8500000000000001,0.1,"{'start_date': '2021-03-23', 'end_date': '2024-09-16', 'trading_days': 872, 'total_trades': 80, 'win_rate': 0.9875, 'net_profit_brl': 885.0, 'avg_profit_brl': 11.06, 'avg_win_brl': 12.47, 'avg_loss_brl': -100.0, 'profit_factor': 9.85, 'max_drawdown_pct': 0.97, 'expected_payoff': 11.06, 'on_tester_value': 912.435}",COMPLETE
13,-1000.0,2026-03-26 01:57:45.915661,2026-03-26 01:57:48.622745,0 days 00:00:02.707084,37,False,True,True,False,True,890,0.45000000000000007,890,12,4,0.21000000000000002,0.6,0.55,"{'start_date': '2021-03-23', 'end_date': '2024-09-16', 'trading_days': 872, 'total_trades': 0, 'win_rate': 0.0, 'net_profit_brl': 0.0, 'avg_profit_brl': 0.0, 'avg_win_brl': 0.0, 'avg_loss_brl': 0.0, 'profit_factor': 0.0, 'max_drawdown_pct': 0.0, 'expected_payoff': 0.0, 'on_tester_value': 0.0}",COMPLETE
14,-1000.0,2026-03-26 01:57:48.622812,2026-03-26 01:57:51.218953,0 days 00:00:02.596141,12,False,False,False,True,False,790,0.25,795,9,4,0.35,0.8500000000000001,0.45000000000000007,"{'start_date': '2021-03-23', 'end_date': '2024-09-16', 'trading_days': 872, 'total_trades': 0, 'win_rate': 0.0, 'net_profit_brl': 0.0, 'avg_profit_brl': 0.0, 'avg_win_brl': 0.0, 'avg_loss_brl': 0.0, 'profit_factor': 0.0, 'max_drawdown_pct': 0.0, 'expected_payoff': 0.0, 'on_tester_value': 0.0}",COMPLETE
15,2300.034713,2026-03-26 01:57:51.219002,2026-03-26 01:57:54.010960,0 days 00:00:02.791958,26,True,False,True,True,False,550,0.35,705,10,4,0.28,0.55,0.6,"{'start_date': '2021-03-23', 'end_date': '2024-09-16', 'trading_days': 872, 'total_trades': 1249, 'win_rate': 0.5661, 'net_profit_brl': 14965.0, 'avg_profit_brl': 11.98, 'avg_win_brl': 66.75, 'avg_loss_brl': -62.57, 'profit_factor': 1.4644, 'max_drawdown_pct': 6.51, 'expected_payoff': 11.98, 'on_tester_value': 2300.034713}",COMPLETE
16,-4.640909,2026-03-26 01:57:54.011019,2026-03-26 01:57:56.916837,0 days 00:00:02.905818,32,True,False,True,True,True,805,0.35,895,10,4,0.33999999999999997,0.75,0.6,"{'start_date': '2021-03-23', 'end_date': '2024-09-16', 'trading_days': 872, 'total_trades': 52, 'win_rate': 0.5192, 'net_profit_brl': -25.0, 'avg_profit_brl': -0.48, 'avg_win_brl': 75.19, 'avg_loss_brl': -82.2, 'profit_factor': 0.9878, 'max_drawdown_pct': 5.39, 'expected_payoff': -0.48, 'on_tester_value': -4.640909}",COMPLETE
17,7470.917188,2026-03-26 01:57:56.916901,2026-03-26 01:57:59.891515,0 days 00:00:02.974614,25,True,True,True,False,False,640,0.4,885,8,6,0.28,0.95,0.15000000000000002,"{'start_date': '2021-03-23', 'end_date': '2024-09-16', 'trading_days': 872, 'total_trades': 592, 'win_rate': 0.9797, 'net_profit_brl': 9335.0, 'avg_profit_brl': 15.77, 'avg_win_brl': 18.16, 'avg_loss_brl': -109.09, 'profit_factor': 8.7792, 'max_drawdown_pct': 1.25, 'expected_payoff': 15.77, 'on_tester_value': 7470.917188}",COMPLETE
18,776.552222,2026-03-26 01:57:59.891560,2026-03-26 01:58:02.847646,0 days 00:00:02.956086,27,True,False,True,True,True,600,0.30000000000000004,695,6,6,0.29000000000000004,1.1,0.9500000000000001,"{'start_date': '2021-03-23', 'end_date': '2024-09-16', 'trading_days': 872, 'total_trades': 820, 'win_rate': 0.5878, 'net_profit_brl': 9970.0, 'avg_profit_brl': 12.16, 'avg_win_brl': 105.05, 'avg_loss_brl': -122.85, 'profit_factor': 1.2452, 'max_drawdown_pct': 12.84, 'expected_payoff': 12.16, 'on_tester_value': 776.552222}",COMPLETE
19,0.0,2026-03-26 01:58:02.847726,2026-03-26 01:58:05.819670,0 days 00:00:02.971944,35,False,True,False,True,True,770,0.35,705,5,8,0.21000000000000002,1.35,0.1,"{'start_date': '2021-03-23', 'end_date': '2024-09-16', 'trading_days': 872, 'total_trades': 188, 'win_rate': 1.0, 'net_profit_brl': 2190.0, 'avg_profit_brl': 11.65, 'avg_win_brl': 11.65, 'avg_loss_brl': 0.0, 'profit_factor': inf, 'max_drawdown_pct': 0.0, 'expected_payoff': 11.65, 'on_tester_value': 0.0}",COMPLETE
20,902.731959,2026-03-26 01:58:05.819734,2026-03-26 01:58:08.929163,0 days 00:00:03.109429,23,True,True,True,False,False,580,0.4,790,12,8,0.32,1.4500000000000002,0.9,"{'start_date': '2021-03-23', 'end_date': '2024-09-16', 'trading_days': 872, 'total_trades': 779, 'win_rate': 0.6573, 'net_profit_brl': 10550.0, 'avg_profit_brl': 13.54, 'avg_win_brl': 108.06, 'avg_loss_brl': -170.25, 'profit_factor': 1.2356, 'max_drawdown_pct': 11.69, 'expected_payoff': 13.54, 'on_tester_value': 902.731959}",COMPLETE
21,2475.416667,2026-03-26 01:58:08.929279,2026-03-26 01:58:11.826486,0 days 00:00:02.897207,19,True,False,False,True,True,815,0.5,575,5,6,0.35,1.15,0.5,"{'start_date': '2021-03-23', 'end_date': '2024-09-16', 'trading_days': 872, 'total_trades': 585, 'win_rate': 0.7915, 'net_profit_brl': 11050.0, 'avg_profit_brl': 18.89, 'avg_win_brl': 59.04, 'avg_loss_brl': -135.71, 'profit_factor': 1.6785, 'max_drawdown_pct': 4.46, 'expected_payoff': 18.89, 'on_tester_value': 2475.416667}",COMPLETE
22,1465.578947,2026-03-26 01:58:11.826539,2026-03-26 01:58:15.442875,0 days 00:00:03.616336,31,True,True,False,True,True,785,0.45000000000000007,810,2,7,0.12000000000000001,0.6,0.15000000000000002,"{'start_date': '2021-03-23', 'end_date': '2024-09-16', 'trading_days': 872, 'total_trades': 83, 'win_rate': 0.9639, 'net_profit_brl': 1300.0, 'avg_profit_brl': 15.66, 'avg_win_brl': 19.31, 'avg_loss_brl': -81.67, 'profit_factor': 6.3061, 'max_drawdown_pct': 0.89, 'expected_payoff': 15.66, 'on_tester_value': 1465.578947}",COMPLETE
23,-993.0,2026-03-26 01:58:15.442933,2026-03-26 01:58:18.389514,0 days 00:00:02.946581,13,True,True,True,False,True,835,0.15,795,8,3,0.4,0.9,0.9500000000000001,"{'start_date': '2021-03-23', 'end_date': '2024-09-16', 'trading_days': 872, 'total_trades': 7, 'win_rate': 0.4286, 'net_profit_brl': -105.0, 'avg_profit_brl': -15.0, 'avg_win_brl': 130.0, 'avg_loss_brl': -123.75, 'profit_factor': 0.7879, 'max_drawdown_pct': 2.55, 'expected_payoff': -15.0, 'on_tester_value': -41.176471}",COMPLETE
24,14787.351408,2026-03-26 01:58:18.389571,2026-03-26 01:58:21.618130,0 days 00:00:03.228559,37,True,False,True,False,True,540,0.15,710,8,3,0.13,1.5,0.1,"{'start_date': '2021-03-23', 'end_date': '2024-09-16', 'trading_days': 872, 'total_trades': 4891, 'win_rate': 0.9409, 'net_profit_brl': 44095.0, 'avg_profit_brl': 9.02, 'avg_win_brl': 15.32, 'avg_loss_brl': -103.96, 'profit_factor': 2.6699, 'max_drawdown_pct': 2.98, 'expected_payoff': 9.02, 'on_tester_value': 14787.351408}",COMPLETE
25,997.002326,2026-03-26 01:58:21.618201,2026-03-26 01:58:24.566602,0 days 00:00:02.948401,18,True,False,False,False,False,900,0.35,565,3,8,0.26,0.95,0.65,"{'start_date': '2021-03-23', 'end_date': '2024-09-16', 'trading_days': 872, 'total_trades': 534, 'win_rate': 0.6517, 'net_profit_brl': 7430.0, 'avg_profit_brl': 13.91, 'avg_win_brl': 78.59, 'avg_loss_brl': -113.18, 'profit_factor': 1.373, 'max_drawdown_pct': 7.45, 'expected_payoff': 13.91, 'on_tester_value': 997.002326}",COMPLETE
26,351.844444,2026-03-26 01:58:24.566663,2026-03-26 01:58:28.615235,0 days 00:00:04.048572,22,False,True,False,True,True,705,0.35,665,14,3,0.4,1.25,0.65,"{'start_date': '2021-03-23', 'end_date': '2024-09-16', 'trading_days': 872, 'total_trades': 46, 'win_rate': 0.7391, 'net_profit_brl': 1115.0, 'avg_profit_brl': 24.24, 'avg_win_brl': 77.06, 'avg_loss_brl': -125.42, 'profit_factor': 1.7409, 'max_drawdown_pct': 3.17, 'expected_payoff': 24.24, 'on_tester_value': 351.844444}",COMPLETE
27,1082.146154,2026-03-26 01:58:28.615310,2026-03-26 01:58:32.607424,0 days 00:00:03.992114,35,True,True,True,True,True,855,0.15,555,15,5,0.35,0.55,0.9,"{'start_date': '2021-03-23', 'end_date': '2024-09-16', 'trading_days': 872, 'total_trades': 2520, 'win_rate': 0.4143, 'net_profit_brl': 15950.0, 'avg_profit_brl': 6.33, 'avg_win_brl': 99.57, 'avg_loss_brl': -60.65, 'profit_factor': 1.1812, 'max_drawdown_pct': 14.74, 'expected_payoff': 6.33, 'on_tester_value': 1082.146154}",COMPLETE
28,-6.885955,2026-03-26 01:58:32.607491,2026-03-26 01:58:35.856154,0 days 00:00:03.248663,33,True,False,True,False,True,900,0.45000000000000007,740,8,8,0.36,1.2000000000000002,0.55,"{'start_date': '2021-03-23', 'end_date': '2024-09-16', 'trading_days': 872, 'total_trades': 108, 'win_rate': 0.6852, 'net_profit_brl': -85.0, 'avg_profit_brl': -0.79, 'avg_win_brl': 67.7, 'avg_loss_brl': -149.85, 'profit_factor': 0.9833, 'max_drawdown_pct': 12.34, 'expected_payoff': -0.79, 'on_tester_value': -6.885955}",COMPLETE
29,313.94012,2026-03-26 01:58:35.856219,2026-03-26 01:58:39.037015,0 days 00:00:03.180796,38,False,True,True,True,True,850,0.35,740,6,8,0.22,0.9,0.5,"{'start_date': '2021-03-23', 'end_date': '2024-09-16', 'trading_days': 872, 'total_trades': 252, 'win_rate': 0.7063, 'net_profit_brl': 2550.0, 'avg_profit_brl': 10.12, 'avg_win_brl': 59.19, 'avg_loss_brl': -107.91, 'profit_factor': 1.3193, 'max_drawdown_pct': 8.12, 'expected_payoff': 10.12, 'on_tester_value': 313.94012}",COMPLETE
30,568.914286,2026-03-26 01:58:39.037092,2026-03-26 01:58:42.066008,0 days 00:00:03.028916,13,False,True,True,True,False,725,0.30000000000000004,825,2,6,0.36,0.75,0.15000000000000002,"{'start_date': '2021-03-23', 'end_date': '2024-09-16', 'trading_days': 872, 'total_trades': 74, 'win_rate': 0.973, 'net_profit_brl': 1140.0, 'avg_profit_brl': 15.41, 'avg_win_brl': 18.75, 'avg_loss_brl': -105.0, 'profit_factor': 6.4286, 'max_drawdown_pct': 2.0, 'expected_payoff': 15.41, 'on_tester_value': 568.914286}",COMPLETE
31,246.602985,2026-03-26 01:58:42.066084,2026-03-26 01:58:44.909960,0 days 00:00:02.843876,16,True,True,False,True,True,595,0.4,590,6,4,0.2,0.6,0.5,"{'start_date': '2021-03-23', 'end_date': '2024-09-16', 'trading_days': 872, 'total_trades': 48, 'win_rate': 0.6667, 'net_profit_brl': 760.0, 'avg_profit_brl': 15.83, 'avg_win_brl': 56.56, 'avg_loss_brl': -65.62, 'profit_factor': 1.7238, 'max_drawdown_pct': 3.08, 'expected_payoff': 15.83, 'on_tester_value': 246.602985}",COMPLETE
32,98.612676,2026-03-26 01:58:44.910006,2026-03-26 01:58:47.984624,0 days 00:00:03.074618,21,False,False,True,True,False,720,0.15,790,7,7,0.29000000000000004,1.0,0.65,"{'start_date': '2021-03-23', 'end_date': '2024-09-16', 'trading_days': 872, 'total_trades': 74, 'win_rate': 0.6622, 'net_profit_brl': 1005.0, 'avg_profit_brl': 13.58, 'avg_win_brl': 78.57, 'avg_loss_brl': -113.8, 'profit_factor': 1.3533, 'max_drawdown_pct': 10.19, 'expected_payoff': 13.58, 'on_tester_value': 98.612676}",COMPLETE
33,2017.122772,2026-03-26 01:58:47.984697,2026-03-26 01:58:51.026241,0 days 00:00:03.041544,13,False,False,False,False,True,810,0.25,550,14,7,0.37,0.7,0.4,"{'start_date': '2021-03-23', 'end_date': '2024-09-16', 'trading_days': 872, 'total_trades': 476, 'win_rate': 0.7752, 'net_profit_brl': 7245.0, 'avg_profit_brl': 15.22, 'avg_win_brl': 42.98, 'avg_loss_brl': -81.27, 'profit_factor': 1.841, 'max_drawdown_pct': 3.59, 'expected_payoff': 15.22, 'on_tester_value': 2017.122772}",COMPLETE
34,630.40303,2026-03-26 01:58:51.026334,2026-03-26 01:58:54.184696,0 days 00:00:03.158362,17,True,False,False,True,False,755,0.45000000000000007,785,2,5,0.12000000000000001,1.5,0.65,"{'start_date': '2021-03-23', 'end_date': '2024-09-16', 'trading_days': 872, 'total_trades': 76, 'win_rate': 0.8158, 'net_profit_brl': 2630.0, 'avg_profit_brl': 34.61, 'avg_win_brl': 78.06, 'avg_loss_brl': -157.86, 'profit_factor': 2.19, 'max_drawdown_pct': 4.17, 'expected_payoff': 34.61, 'on_tester_value': 630.40303}",COMPLETE
35,926.236735,2026-03-26 01:58:54.184757,2026-03-26 01:58:56.942012,0 days 00:00:02.757255,15,True,False,False,False,False,595,0.2,625,11,4,0.18,1.35,0.30000000000000004,"{'start_date': '2021-03-23', 'end_date': '2024-09-16', 'trading_days': 872, 'total_trades': 180, 'win_rate': 0.9333, 'net_profit_brl': 4160.0, 'avg_profit_brl': 23.11, 'avg_win_brl': 35.77, 'avg_loss_brl': -154.17, 'profit_factor': 3.2486, 'max_drawdown_pct': 4.49, 'expected_payoff': 23.11, 'on_tester_value': 926.236735}",COMPLETE
36,323.329825,2026-03-26 01:58:56.942081,2026-03-26 01:58:59.600124,0 days 00:00:02.658043,11,True,False,True,False,True,875,0.35,740,6,4,0.33,1.0,0.6,"{'start_date': '2021-03-23', 'end_date': '2024-09-16', 'trading_days': 872, 'total_trades': 119, 'win_rate': 0.6975, 'net_profit_brl': 1720.0, 'avg_profit_brl': 14.45, 'avg_win_brl': 75.66, 'avg_loss_brl': -126.67, 'profit_factor': 1.3772, 'max_drawdown_pct': 5.32, 'expected_payoff': 14.45, 'on_tester_value': 323.329825}",COMPLETE
37,1510.851832,2026-03-26 01:58:59.600172,2026-03-26 01:59:02.261184,0 days 00:00:02.661012,27,True,False,False,False,True,550,0.5,860,1,6,0.19,0.5,0.45000000000000007,"{'start_date': '2021-03-23', 'end_date': '2024-09-16', 'trading_days': 872, 'total_trades': 927, 'win_rate': 0.6386, 'net_profit_brl': 12130.0, 'avg_profit_brl': 13.09, 'avg_win_brl': 52.62, 'avg_loss_brl': -60.38, 'profit_factor': 1.6377, 'max_drawdown_pct': 8.03, 'expected_payoff': 13.09, 'on_tester_value': 1510.851832}",COMPLETE
38,12467.144828,2026-03-26 01:59:02.261248,2026-03-26 01:59:05.976994,0 days 00:00:03.715746,34,True,False,True,False,True,585,0.25,650,7,4,0.12000000000000001,1.2000000000000002,0.1,"{'start_date': '2021-03-23', 'end_date': '2024-09-16', 'trading_days': 872, 'total_trades': 1515, 'win_rate': 0.9743, 'net_profit_brl': 16990.0, 'avg_profit_brl': 11.21, 'avg_win_brl': 13.29, 'avg_loss_brl': -87.67, 'profit_factor': 7.4601, 'max_drawdown_pct': 1.36, 'expected_payoff': 11.21, 'on_tester_value': 12467.144828}",COMPLETE
39,11890.822917,2026-03-26 01:59:05.977051,2026-03-26 01:59:09.227218,0 days 00:00:03.250167,37,True,False,True,False,False,540,0.15,725,6,3,0.13,1.4,0.15000000000000002,"{'start_date': '2021-03-23', 'end_date': '2024-09-16', 'trading_days': 872, 'total_trades': 3376, 'win_rate': 0.9251, 'net_profit_brl': 41865.0, 'avg_profit_brl': 12.4, 'avg_win_brl': 21.04, 'avg_loss_brl': -106.5, 'profit_factor': 2.755, 'max_drawdown_pct': 3.52, 'expected_payoff': 12.4, 'on_tester_value': 11890.822917}",COMPLETE
40,8997.760638,2026-03-26 01:59:09.227293,2026-03-26 01:59:12.516681,0 days 00:00:03.289388,39,True,False,True,False,False,560,0.15,695,4,5,0.11,1.4,0.25,"{'start_date': '2021-03-23', 'end_date': '2024-09-16', 'trading_days': 872, 'total_trades': 2420, 'win_rate': 0.8921, 'net_profit_brl': 35095.0, 'avg_profit_brl': 14.5, 'avg_win_brl': 31.7, 'avg_loss_brl': -138.92, 'profit_factor': 2.0526, 'max_drawdown_pct': 3.9, 'expected_payoff': 14.5, 'on_tester_value': 8997.760638}",COMPLETE
41,11917.176923,2026-03-26 01:59:12.516730,2026-03-26 01:59:15.708953,0 days 00:00:03.192223,35,True,False,True,False,False,580,0.15,710,6,3,0.11,1.5,0.1,"{'start_date': '2021-03-23', 'end_date': '2024-09-16', 'trading_days': 872, 'total_trades': 1747, 'win_rate': 0.9731, 'net_profit_brl': 19845.0, 'avg_profit_brl': 11.36, 'avg_win_brl': 14.24, 'avg_loss_brl': -109.0, 'profit_factor': 5.5516, 'max_drawdown_pct': 1.67, 'expected_payoff': 11.36, 'on_tester_value': 11917.176923}",COMPLETE
